2025-01-26 07:59:57.162 [info] Extension host with pid 114 started
2025-01-26 07:59:57.162 [error] Error: EEXIST: file already exists, open '/workspace/.vscode-remote/data/User/workspaceStorage/98105b4/vscode.lock'
2025-01-26 07:59:57.164 [info] Lock '/workspace/.vscode-remote/data/User/workspaceStorage/98105b4/vscode.lock': Could not acquire lock, checking if the file is stale.
2025-01-26 07:59:57.165 [info] Lock '/workspace/.vscode-remote/data/User/workspaceStorage/98105b4/vscode.lock': The pid 4965 appears to be gone.
2025-01-26 07:59:57.165 [info] Lock '/workspace/.vscode-remote/data/User/workspaceStorage/98105b4/vscode.lock': Deleting a stale lock.
2025-01-26 07:59:57.171 [info] Lock '/workspace/.vscode-remote/data/User/workspaceStorage/98105b4/vscode.lock': Lock acquired.
2025-01-26 07:59:57.516 [info] ExtensionService#_doActivateExtension gitpod.gitpod-web, startup: false, activationEvent: 'onAuthenticationRequest:gitpod'
2025-01-26 07:59:58.034 [info] ExtensionService#_doActivateExtension vscode.git-base, startup: true, activationEvent: '*', root cause: vscode.git
2025-01-26 07:59:58.222 [info] ExtensionService#_doActivateExtension vscode.git, startup: true, activationEvent: '*'
2025-01-26 07:59:58.222 [info] ExtensionService#_doActivateExtension vscode.github, startup: true, activationEvent: '*'
2025-01-26 07:59:58.549 [info] ExtensionService#_doActivateExtension redhat.vscode-yaml, startup: false, activationEvent: 'onLanguage:yaml'
2025-01-26 07:59:58.549 [info] ExtensionService#_doActivateExtension vscode.emmet, startup: false, activationEvent: 'onLanguage'
2025-01-26 07:59:58.684 [info] Eager extensions activated
2025-01-26 07:59:58.685 [info] ExtensionService#_doActivateExtension vscode.debug-auto-launch, startup: false, activationEvent: 'onStartupFinished'
2025-01-26 07:59:58.685 [info] ExtensionService#_doActivateExtension vscode.merge-conflict, startup: false, activationEvent: 'onStartupFinished'
2025-01-26 07:59:58.685 [info] ExtensionService#_doActivateExtension vscode.github-authentication, startup: false, activationEvent: 'onStartupFinished', root cause: GitHub.vscode-pull-request-github
2025-01-26 07:59:58.961 [info] ExtensionService#_doActivateExtension GitHub.vscode-pull-request-github, startup: false, activationEvent: 'onStartupFinished'
2025-01-26 07:59:59.119 [warning] [redhat.vscode-yaml] Accessing a resource scoped configuration without providing a resource is not expected. To get the effective value for '[yaml]', provide the URI of a resource or 'null' for any resource.
2025-01-26 07:59:59.120 [warning] [redhat.vscode-yaml] Accessing a resource scoped configuration without providing a resource is not expected. To get the effective value for '[yaml]', provide the URI of a resource or 'null' for any resource.
2025-01-26 07:59:59.349 [info] ExtensionService#_doActivateExtension vscode.configuration-editing, startup: false, activationEvent: 'onLanguage:jsonc'
2025-01-26 07:59:59.350 [info] ExtensionService#_doActivateExtension vscode.json-language-features, startup: false, activationEvent: 'onLanguage:jsonc'
2025-01-26 07:59:59.350 [info] ExtensionService#_doActivateExtension vscode.typescript-language-features, startup: false, activationEvent: 'onLanguage:jsonc'
2025-01-26 08:01:53.850 [info] ExtensionService#_doActivateExtension CodeRoad.coderoad, startup: false, activationEvent: 'onCommand:coderoad.start'
