2025-01-26 07:51:52.208 [info] [main] Log level: Info
2025-01-26 07:51:52.208 [info] [main] Validating found git in: "git"
2025-01-26 07:51:52.208 [info] [main] Using git "2.43.0" from "git"
2025-01-26 07:51:52.208 [info] [Model][doInitialScan] Initial repository scan started
2025-01-26 07:51:52.208 [info] > git rev-parse --show-toplevel [40ms]
2025-01-26 07:51:52.208 [info] > git rev-parse --git-dir --git-common-dir [2ms]
2025-01-26 07:51:52.208 [info] [Model][openRepository] Opened repository: /workspace/project
2025-01-26 07:51:52.208 [info] > git rev-parse --show-toplevel [28ms]
2025-01-26 07:51:52.208 [info] > git config --get commit.template [31ms]
2025-01-26 07:51:52.208 [info] > git for-each-ref --format=%(refname)%00%(upstream:short)%00%(objectname)%00%(upstream:track)%00%(upstream:remotename)%00%(upstream:remoteref) refs/heads/main refs/remotes/main [25ms]
2025-01-26 07:51:52.208 [info] > git rev-parse --show-toplevel [29ms]
2025-01-26 07:51:52.208 [info] [Model][doInitialScan] Initial repository scan completed - repositories (1), closed repositories (0), parent repositories (0), unsafe repositories (0)
2025-01-26 07:51:52.208 [warning] [Git][revParse] Unable to read file: ENOENT: no such file or directory, open '/workspace/project/.git/refs/remotes/origin/main'
2025-01-26 07:51:52.208 [info] > git rev-parse refs/remotes/origin/main [1ms]
2025-01-26 07:51:52.208 [info] > git status -z -uall [4ms]
2025-01-26 07:51:52.208 [info] > git for-each-ref --sort -committerdate --format %(refname) %(objectname) %(*objectname) [3ms]
2025-01-26 07:51:52.208 [info] > git for-each-ref --format=%(refname)%00%(upstream:short)%00%(objectname)%00%(upstream:track)%00%(upstream:remotename)%00%(upstream:remoteref) refs/heads/main refs/remotes/main [44ms]
2025-01-26 07:51:52.208 [info] > git config --get commit.template [6ms]
2025-01-26 07:51:52.208 [info] > git config --local branch.main.vscode-merge-base [2ms]
2025-01-26 07:51:52.208 [info] > git for-each-ref --format=%(refname)%00%(upstream:short)%00%(objectname)%00%(upstream:track)%00%(upstream:remotename)%00%(upstream:remoteref) refs/heads/origin/main refs/remotes/origin/main [3ms]
2025-01-26 07:51:52.208 [info] > git for-each-ref --format=%(refname)%00%(upstream:short)%00%(objectname)%00%(upstream:track)%00%(upstream:remotename)%00%(upstream:remoteref) refs/heads/main refs/remotes/main [6ms]
2025-01-26 07:51:52.208 [warning] [Git][revParse] Unable to read file: ENOENT: no such file or directory, open '/workspace/project/.git/refs/remotes/origin/main'
2025-01-26 07:51:52.208 [info] > git merge-base refs/heads/main refs/remotes/origin/main [6ms]
2025-01-26 07:51:52.208 [info] > git rev-parse refs/remotes/origin/main [4ms]
2025-01-26 07:51:52.208 [info] > git status -z -uall [3ms]
2025-01-26 07:51:52.208 [info] > git diff --name-status -z --diff-filter=ADMR b47da2f1aefd5ecd3a04aaf48b0ac5b8b779948b...refs/remotes/origin/main [6ms]
2025-01-26 07:51:52.210 [info] > git for-each-ref --sort -committerdate --format %(refname) %(objectname) %(*objectname) [4ms]
2025-01-26 07:51:54.870 [info] > git config --local branch.main.github-pr-owner-number [1ms]
2025-01-26 07:51:54.870 [warning] [Git][config] git config failed: Failed to execute git
2025-01-26 07:52:30.064 [info] > git config --get commit.template [4ms]
2025-01-26 07:52:30.066 [info] > git for-each-ref --format=%(refname)%00%(upstream:short)%00%(objectname)%00%(upstream:track)%00%(upstream:remotename)%00%(upstream:remoteref) refs/heads/main refs/remotes/main [3ms]
2025-01-26 07:52:30.069 [warning] [Git][revParse] Unable to read file: ENOENT: no such file or directory, open '/workspace/project/.git/refs/remotes/origin/main'
2025-01-26 07:52:30.070 [info] > git rev-parse refs/remotes/origin/main [2ms]
2025-01-26 07:52:30.076 [info] > git status -z -uall [3ms]
2025-01-26 07:52:30.080 [info] > git for-each-ref --sort -committerdate --format %(refname) %(objectname) %(*objectname) [3ms]
2025-01-26 07:52:57.979 [info] > git config --get commit.template [5ms]
2025-01-26 07:52:57.981 [info] > git for-each-ref --format=%(refname)%00%(upstream:short)%00%(objectname)%00%(upstream:track)%00%(upstream:remotename)%00%(upstream:remoteref) refs/heads/main refs/remotes/main [3ms]
2025-01-26 07:52:57.984 [warning] [Git][revParse] Unable to read file: ENOENT: no such file or directory, open '/workspace/project/.git/refs/remotes/origin/main'
2025-01-26 07:52:57.985 [info] > git rev-parse refs/remotes/origin/main [1ms]
2025-01-26 07:52:57.992 [info] > git status -z -uall [4ms]
2025-01-26 07:52:57.995 [info] > git for-each-ref --sort -committerdate --format %(refname) %(objectname) %(*objectname) [3ms]
