2025-01-26 07:42:03.520 [info] [main] Log level: Info
2025-01-26 07:42:03.520 [info] [main] Validating found git in: "git"
2025-01-26 07:42:03.520 [info] [main] Using git "2.43.0" from "git"
2025-01-26 07:42:03.520 [info] [Model][doInitialScan] Initial repository scan started
2025-01-26 07:42:03.520 [info] > git rev-parse --show-toplevel [3ms]
2025-01-26 07:42:03.520 [info] > git rev-parse --git-dir --git-common-dir [2ms]
2025-01-26 07:42:03.521 [info] [Model][openRepository] Opened repository: /workspace/project
2025-01-26 07:42:03.521 [info] > git config --get commit.template [4ms]
2025-01-26 07:42:03.521 [info] > git rev-parse --show-toplevel [6ms]
2025-01-26 07:42:03.521 [info] > git for-each-ref --format=%(refname)%00%(upstream:short)%00%(objectname)%00%(upstream:track)%00%(upstream:remotename)%00%(upstream:remoteref) refs/heads/main refs/remotes/main [5ms]
2025-01-26 07:42:03.521 [info] > git status -z -uall [131ms]
2025-01-26 07:42:03.521 [info] > git rev-parse --show-toplevel [136ms]
2025-01-26 07:42:03.521 [info] > git for-each-ref --sort -committerdate --format %(refname) %(objectname) %(*objectname) [134ms]
2025-01-26 07:42:03.521 [info] > git for-each-ref --format=%(refname)%00%(upstream:short)%00%(objectname)%00%(upstream:track)%00%(upstream:remotename)%00%(upstream:remoteref) refs/heads/main refs/remotes/main [9ms]
2025-01-26 07:42:03.521 [info] > git rev-parse --show-toplevel [33ms]
2025-01-26 07:42:03.521 [info] [Model][doInitialScan] Initial repository scan completed - repositories (1), closed repositories (0), parent repositories (0), unsafe repositories (0)
2025-01-26 07:42:03.521 [info] > git config --local branch.main.vscode-merge-base [1ms]
2025-01-26 07:42:03.521 [info] > git config --get commit.template [13ms]
2025-01-26 07:42:03.521 [info] > git for-each-ref --format=%(refname)%00%(upstream:short)%00%(objectname)%00%(upstream:track)%00%(upstream:remotename)%00%(upstream:remoteref) refs/heads/origin/main refs/remotes/origin/main [6ms]
2025-01-26 07:42:03.521 [info] > git for-each-ref --format=%(refname)%00%(upstream:short)%00%(objectname)%00%(upstream:track)%00%(upstream:remotename)%00%(upstream:remoteref) refs/heads/main refs/remotes/main [28ms]
2025-01-26 07:42:03.521 [info] > git status -z -uall [4ms]
2025-01-26 07:42:03.521 [info] > git for-each-ref --sort -committerdate --format %(refname) %(objectname) %(*objectname) [3ms]
2025-01-26 07:42:06.546 [info] > git config --local branch.main.github-pr-owner-number [2ms]
2025-01-26 07:42:06.546 [warning] [Git][config] git config failed: Failed to execute git
2025-01-26 07:42:06.552 [info] > git config --local branch.main.remote [1ms]
2025-01-26 07:42:06.552 [warning] [Git][config] git config failed: Failed to execute git
2025-01-26 07:42:06.557 [info] > git config --local branch.main.merge [2ms]
2025-01-26 07:42:06.557 [warning] [Git][config] git config failed: Failed to execute git
