2025-02-01 05:11:32.151 [info] [main] Log level: Info
2025-02-01 05:11:32.151 [info] [main] Validating found git in: "git"
2025-02-01 05:11:32.151 [info] [main] Using git "2.43.0" from "git"
2025-02-01 05:11:32.151 [info] [Model][doInitialScan] Initial repository scan started
2025-02-01 05:11:32.151 [info] > git rev-parse --show-toplevel [43ms]
2025-02-01 05:11:32.151 [info] > git rev-parse --git-dir --git-common-dir [3ms]
2025-02-01 05:11:32.151 [info] [Model][openRepository] Opened repository: /workspace/project
2025-02-01 05:11:32.151 [info] > git rev-parse --show-toplevel [59ms]
2025-02-01 05:11:32.151 [info] > git config --get commit.template [63ms]
2025-02-01 05:11:32.151 [info] > git rev-parse --show-toplevel [5ms]
2025-02-01 05:11:32.151 [info] > git for-each-ref --format=%(refname)%00%(upstream:short)%00%(objectname)%00%(upstream:track)%00%(upstream:remotename)%00%(upstream:remoteref) refs/heads/main refs/remotes/main [2ms]
2025-02-01 05:11:32.151 [info] > git status -z -uall [10ms]
2025-02-01 05:11:32.151 [info] > git rev-parse --show-toplevel [5ms]
2025-02-01 05:11:32.151 [info] > git for-each-ref --sort -committerdate --format %(refname) %(objectname) %(*objectname) [8ms]
2025-02-01 05:11:32.151 [info] > git for-each-ref --format=%(refname)%00%(upstream:short)%00%(objectname)%00%(upstream:track)%00%(upstream:remotename)%00%(upstream:remoteref) refs/heads/main refs/remotes/main [24ms]
2025-02-01 05:11:32.151 [info] > git config --get commit.template [9ms]
2025-02-01 05:11:32.151 [info] > git rev-parse --show-toplevel [14ms]
2025-02-01 05:11:32.151 [info] [Model][doInitialScan] Initial repository scan completed - repositories (1), closed repositories (0), parent repositories (0), unsafe repositories (0)
2025-02-01 05:11:32.151 [info] > git config --local branch.main.vscode-merge-base [5ms]
2025-02-01 05:11:32.151 [info] > git for-each-ref --format=%(refname)%00%(upstream:short)%00%(objectname)%00%(upstream:track)%00%(upstream:remotename)%00%(upstream:remoteref) refs/heads/origin/main refs/remotes/origin/main [4ms]
2025-02-01 05:11:32.151 [info] > git for-each-ref --format=%(refname)%00%(upstream:short)%00%(objectname)%00%(upstream:track)%00%(upstream:remotename)%00%(upstream:remoteref) refs/heads/main refs/remotes/main [3ms]
2025-02-01 05:11:32.151 [info] > git status -z -uall [3ms]
2025-02-01 05:11:32.151 [info] > git for-each-ref --sort -committerdate --format %(refname) %(objectname) %(*objectname) [3ms]
2025-02-01 05:11:32.688 [info] > git check-ignore -v -z --stdin [2ms]
2025-02-01 05:11:32.834 [info] > git show --textconv :website/.gitignore [3ms]
2025-02-01 05:11:32.836 [info] > git ls-files --stage -- /workspace/project/website/.gitignore [1ms]
2025-02-01 05:11:32.840 [info] > git cat-file -s e69de29bb2d1d6434b8b29ae775ad8c2e48c5391 [2ms]
2025-02-01 05:11:35.434 [info] > git config --local branch.main.github-pr-owner-number [3ms]
2025-02-01 05:11:35.434 [warning] [Git][config] git config failed: Failed to execute git
2025-02-01 05:11:35.440 [info] > git config --local branch.main.remote [2ms]
2025-02-01 05:11:35.440 [warning] [Git][config] git config failed: Failed to execute git
2025-02-01 05:11:35.452 [info] > git config --local branch.main.merge [8ms]
2025-02-01 05:11:35.452 [warning] [Git][config] git config failed: Failed to execute git
2025-02-01 05:11:39.844 [info] > git config --get commit.template [4ms]
2025-02-01 05:11:39.846 [info] > git for-each-ref --format=%(refname)%00%(upstream:short)%00%(objectname)%00%(upstream:track)%00%(upstream:remotename)%00%(upstream:remoteref) refs/heads/main refs/remotes/main [2ms]
2025-02-01 05:11:39.853 [info] > git status -z -uall [4ms]
2025-02-01 05:11:39.856 [info] > git for-each-ref --sort -committerdate --format %(refname) %(objectname) %(*objectname) [3ms]
2025-02-01 05:11:44.867 [info] > git config --get commit.template [4ms]
2025-02-01 05:11:44.869 [info] > git for-each-ref --format=%(refname)%00%(upstream:short)%00%(objectname)%00%(upstream:track)%00%(upstream:remotename)%00%(upstream:remoteref) refs/heads/main refs/remotes/main [3ms]
2025-02-01 05:11:44.877 [info] > git status -z -uall [5ms]
2025-02-01 05:11:44.880 [info] > git for-each-ref --sort -committerdate --format %(refname) %(objectname) %(*objectname) [4ms]
2025-02-01 05:12:01.667 [info] > git config --get commit.template [4ms]
2025-02-01 05:12:01.668 [info] > git for-each-ref --format=%(refname)%00%(upstream:short)%00%(objectname)%00%(upstream:track)%00%(upstream:remotename)%00%(upstream:remoteref) refs/heads/main refs/remotes/main [2ms]
2025-02-01 05:12:01.674 [info] > git status -z -uall [3ms]
2025-02-01 05:12:01.678 [info] > git for-each-ref --sort -committerdate --format %(refname) %(objectname) %(*objectname) [3ms]
2025-02-01 05:20:50.301 [info] > git config --get commit.template [5ms]
2025-02-01 05:20:50.302 [info] > git for-each-ref --format=%(refname)%00%(upstream:short)%00%(objectname)%00%(upstream:track)%00%(upstream:remotename)%00%(upstream:remoteref) refs/heads/main refs/remotes/main [2ms]
2025-02-01 05:20:50.308 [info] > git status -z -uall [3ms]
2025-02-01 05:20:50.311 [info] > git for-each-ref --sort -committerdate --format %(refname) %(objectname) %(*objectname) [3ms]
2025-02-01 05:21:00.466 [info] > git config --get commit.template [4ms]
2025-02-01 05:21:00.467 [info] > git for-each-ref --format=%(refname)%00%(upstream:short)%00%(objectname)%00%(upstream:track)%00%(upstream:remotename)%00%(upstream:remoteref) refs/heads/main refs/remotes/main [2ms]
2025-02-01 05:21:00.475 [info] > git status -z -uall [5ms]
2025-02-01 05:21:00.477 [info] > git for-each-ref --sort -committerdate --format %(refname) %(objectname) %(*objectname) [3ms]
2025-02-01 05:21:07.127 [info] > git config --get commit.template [4ms]
2025-02-01 05:21:07.129 [info] > git for-each-ref --format=%(refname)%00%(upstream:short)%00%(objectname)%00%(upstream:track)%00%(upstream:remotename)%00%(upstream:remoteref) refs/heads/main refs/remotes/main [2ms]
2025-02-01 05:21:07.136 [info] > git status -z -uall [4ms]
2025-02-01 05:21:07.139 [info] > git for-each-ref --sort -committerdate --format %(refname) %(objectname) %(*objectname) [3ms]
2025-02-01 05:21:07.337 [info] > git config --local branch.main.github-pr-owner-number [1ms]
2025-02-01 05:21:07.337 [warning] [Git][config] git config failed: Failed to execute git
2025-02-01 05:21:07.342 [info] > git config --local branch.main.remote [1ms]
2025-02-01 05:21:07.342 [warning] [Git][config] git config failed: Failed to execute git
2025-02-01 05:21:07.347 [info] > git config --local branch.main.merge [2ms]
2025-02-01 05:21:07.347 [warning] [Git][config] git config failed: Failed to execute git
2025-02-01 05:21:12.153 [info] > git config --get commit.template [4ms]
2025-02-01 05:21:12.155 [info] > git for-each-ref --format=%(refname)%00%(upstream:short)%00%(objectname)%00%(upstream:track)%00%(upstream:remotename)%00%(upstream:remoteref) refs/heads/main refs/remotes/main [3ms]
2025-02-01 05:21:12.161 [info] > git status -z -uall [3ms]
2025-02-01 05:21:12.164 [info] > git for-each-ref --sort -committerdate --format %(refname) %(objectname) %(*objectname) [3ms]
2025-02-01 05:21:12.362 [info] > git config --local branch.main.github-pr-owner-number [1ms]
2025-02-01 05:21:12.363 [warning] [Git][config] git config failed: Failed to execute git
2025-02-01 05:21:12.367 [info] > git config --local branch.main.remote [1ms]
2025-02-01 05:21:12.367 [warning] [Git][config] git config failed: Failed to execute git
2025-02-01 05:21:12.372 [info] > git config --local branch.main.merge [1ms]
2025-02-01 05:21:12.372 [warning] [Git][config] git config failed: Failed to execute git
2025-02-01 05:21:17.177 [info] > git config --get commit.template [4ms]
2025-02-01 05:21:17.178 [info] > git for-each-ref --format=%(refname)%00%(upstream:short)%00%(objectname)%00%(upstream:track)%00%(upstream:remotename)%00%(upstream:remoteref) refs/heads/main refs/remotes/main [2ms]
2025-02-01 05:21:17.186 [info] > git status -z -uall [5ms]
2025-02-01 05:21:17.188 [info] > git for-each-ref --sort -committerdate --format %(refname) %(objectname) %(*objectname) [3ms]
2025-02-01 05:21:33.152 [info] > git config --get commit.template [4ms]
2025-02-01 05:21:33.153 [info] > git for-each-ref --format=%(refname)%00%(upstream:short)%00%(objectname)%00%(upstream:track)%00%(upstream:remotename)%00%(upstream:remoteref) refs/heads/main refs/remotes/main [2ms]
2025-02-01 05:21:33.160 [info] > git status -z -uall [4ms]
2025-02-01 05:21:33.162 [info] > git for-each-ref --sort -committerdate --format %(refname) %(objectname) %(*objectname) [3ms]
2025-02-01 05:21:39.346 [info] > git config --get commit.template [4ms]
2025-02-01 05:21:39.347 [info] > git for-each-ref --format=%(refname)%00%(upstream:short)%00%(objectname)%00%(upstream:track)%00%(upstream:remotename)%00%(upstream:remoteref) refs/heads/main refs/remotes/main [2ms]
2025-02-01 05:21:39.354 [info] > git status -z -uall [4ms]
2025-02-01 05:21:39.356 [info] > git for-each-ref --sort -committerdate --format %(refname) %(objectname) %(*objectname) [3ms]
2025-02-01 05:21:51.434 [info] > git config --get commit.template [4ms]
2025-02-01 05:21:51.435 [info] > git for-each-ref --format=%(refname)%00%(upstream:short)%00%(objectname)%00%(upstream:track)%00%(upstream:remotename)%00%(upstream:remoteref) refs/heads/main refs/remotes/main [2ms]
2025-02-01 05:21:51.442 [info] > git status -z -uall [3ms]
2025-02-01 05:21:51.445 [info] > git for-each-ref --sort -committerdate --format %(refname) %(objectname) %(*objectname) [3ms]
2025-02-01 05:21:51.649 [info] > git config --local branch.main.github-pr-owner-number [2ms]
2025-02-01 05:21:51.649 [warning] [Git][config] git config failed: Failed to execute git
2025-02-01 05:21:51.654 [info] > git config --local branch.main.remote [2ms]
2025-02-01 05:21:51.654 [warning] [Git][config] git config failed: Failed to execute git
2025-02-01 05:21:51.658 [info] > git config --local branch.main.merge [1ms]
2025-02-01 05:21:51.658 [warning] [Git][config] git config failed: Failed to execute git
2025-02-01 05:21:57.479 [info] > git config --get commit.template [4ms]
2025-02-01 05:21:57.481 [info] > git for-each-ref --format=%(refname)%00%(upstream:short)%00%(objectname)%00%(upstream:track)%00%(upstream:remotename)%00%(upstream:remoteref) refs/heads/main refs/remotes/main [2ms]
2025-02-01 05:21:57.487 [info] > git status -z -uall [3ms]
2025-02-01 05:21:57.490 [info] > git for-each-ref --sort -committerdate --format %(refname) %(objectname) %(*objectname) [3ms]
2025-02-01 05:21:57.688 [info] > git config --local branch.main.github-pr-owner-number [1ms]
2025-02-01 05:21:57.688 [warning] [Git][config] git config failed: Failed to execute git
2025-02-01 05:21:57.692 [info] > git config --local branch.main.remote [1ms]
2025-02-01 05:21:57.692 [warning] [Git][config] git config failed: Failed to execute git
2025-02-01 05:21:57.697 [info] > git config --local branch.main.merge [1ms]
2025-02-01 05:21:57.697 [warning] [Git][config] git config failed: Failed to execute git
2025-02-01 05:22:02.503 [info] > git config --get commit.template [4ms]
2025-02-01 05:22:02.504 [info] > git for-each-ref --format=%(refname)%00%(upstream:short)%00%(objectname)%00%(upstream:track)%00%(upstream:remotename)%00%(upstream:remoteref) refs/heads/main refs/remotes/main [2ms]
2025-02-01 05:22:02.511 [info] > git status -z -uall [4ms]
2025-02-01 05:22:02.514 [info] > git for-each-ref --sort -committerdate --format %(refname) %(objectname) %(*objectname) [2ms]
2025-02-01 05:27:24.238 [info] > git config --get commit.template [4ms]
2025-02-01 05:27:24.238 [info] > git for-each-ref --format=%(refname)%00%(upstream:short)%00%(objectname)%00%(upstream:track)%00%(upstream:remotename)%00%(upstream:remoteref) refs/heads/main refs/remotes/main [2ms]
2025-02-01 05:27:24.245 [info] > git status -z -uall [4ms]
2025-02-01 05:27:24.248 [info] > git for-each-ref --sort -committerdate --format %(refname) %(objectname) %(*objectname) [3ms]
2025-02-01 05:27:29.259 [info] > git config --get commit.template [5ms]
2025-02-01 05:27:29.260 [info] > git for-each-ref --format=%(refname)%00%(upstream:short)%00%(objectname)%00%(upstream:track)%00%(upstream:remotename)%00%(upstream:remoteref) refs/heads/main refs/remotes/main [2ms]
2025-02-01 05:27:29.269 [info] > git status -z -uall [5ms]
2025-02-01 05:27:29.271 [info] > git for-each-ref --sort -committerdate --format %(refname) %(objectname) %(*objectname) [4ms]
2025-02-01 05:27:29.477 [info] > git config --local branch.main.github-pr-owner-number [2ms]
2025-02-01 05:27:29.477 [warning] [Git][config] git config failed: Failed to execute git
2025-02-01 05:27:29.482 [info] > git config --local branch.main.remote [1ms]
2025-02-01 05:27:29.482 [warning] [Git][config] git config failed: Failed to execute git
2025-02-01 05:27:29.487 [info] > git config --local branch.main.merge [1ms]
2025-02-01 05:27:29.487 [warning] [Git][config] git config failed: Failed to execute git
2025-02-01 05:27:34.283 [info] > git config --get commit.template [5ms]
2025-02-01 05:27:34.284 [info] > git for-each-ref --format=%(refname)%00%(upstream:short)%00%(objectname)%00%(upstream:track)%00%(upstream:remotename)%00%(upstream:remoteref) refs/heads/main refs/remotes/main [2ms]
2025-02-01 05:27:34.290 [info] > git status -z -uall [3ms]
2025-02-01 05:27:34.293 [info] > git for-each-ref --sort -committerdate --format %(refname) %(objectname) %(*objectname) [3ms]
2025-02-01 05:27:34.490 [info] > git config --local branch.main.github-pr-owner-number [2ms]
2025-02-01 05:27:34.490 [warning] [Git][config] git config failed: Failed to execute git
2025-02-01 05:27:34.495 [info] > git config --local branch.main.remote [2ms]
2025-02-01 05:27:34.495 [warning] [Git][config] git config failed: Failed to execute git
2025-02-01 05:27:34.500 [info] > git config --local branch.main.merge [2ms]
2025-02-01 05:27:34.500 [warning] [Git][config] git config failed: Failed to execute git
2025-02-01 05:29:59.673 [info] > git config --get commit.template [4ms]
2025-02-01 05:29:59.674 [info] > git for-each-ref --format=%(refname)%00%(upstream:short)%00%(objectname)%00%(upstream:track)%00%(upstream:remotename)%00%(upstream:remoteref) refs/heads/main refs/remotes/main [2ms]
2025-02-01 05:29:59.681 [info] > git status -z -uall [4ms]
2025-02-01 05:29:59.684 [info] > git for-each-ref --sort -committerdate --format %(refname) %(objectname) %(*objectname) [3ms]
2025-02-01 05:30:26.104 [info] > git config --get commit.template [4ms]
2025-02-01 05:30:26.105 [info] > git for-each-ref --format=%(refname)%00%(upstream:short)%00%(objectname)%00%(upstream:track)%00%(upstream:remotename)%00%(upstream:remoteref) refs/heads/main refs/remotes/main [2ms]
2025-02-01 05:30:26.113 [info] > git status -z -uall [4ms]
2025-02-01 05:30:26.116 [info] > git for-each-ref --sort -committerdate --format %(refname) %(objectname) %(*objectname) [3ms]
2025-02-01 05:30:41.490 [info] > git config --get commit.template [5ms]
2025-02-01 05:30:41.491 [info] > git for-each-ref --format=%(refname)%00%(upstream:short)%00%(objectname)%00%(upstream:track)%00%(upstream:remotename)%00%(upstream:remoteref) refs/heads/main refs/remotes/main [2ms]
2025-02-01 05:30:41.499 [info] > git status -z -uall [4ms]
2025-02-01 05:30:41.502 [info] > git for-each-ref --sort -committerdate --format %(refname) %(objectname) %(*objectname) [3ms]
2025-02-01 05:30:50.071 [info] > git config --get commit.template [3ms]
2025-02-01 05:30:50.072 [info] > git for-each-ref --format=%(refname)%00%(upstream:short)%00%(objectname)%00%(upstream:track)%00%(upstream:remotename)%00%(upstream:remoteref) refs/heads/main refs/remotes/main [2ms]
2025-02-01 05:30:50.078 [info] > git status -z -uall [3ms]
2025-02-01 05:30:50.081 [info] > git for-each-ref --sort -committerdate --format %(refname) %(objectname) %(*objectname) [3ms]
2025-02-01 05:30:50.291 [info] > git config --local branch.main.github-pr-owner-number [2ms]
2025-02-01 05:30:50.291 [warning] [Git][config] git config failed: Failed to execute git
2025-02-01 05:30:50.296 [info] > git config --local branch.main.remote [2ms]
2025-02-01 05:30:50.296 [warning] [Git][config] git config failed: Failed to execute git
2025-02-01 05:30:50.300 [info] > git config --local branch.main.merge [1ms]
2025-02-01 05:30:50.300 [warning] [Git][config] git config failed: Failed to execute git
2025-02-01 05:30:55.091 [info] > git for-each-ref --format=%(refname)%00%(upstream:short)%00%(objectname)%00%(upstream:track)%00%(upstream:remotename)%00%(upstream:remoteref) refs/heads/main refs/remotes/main [2ms]
2025-02-01 05:30:55.100 [info] > git status -z -uall [5ms]
2025-02-01 05:30:55.102 [info] > git for-each-ref --sort -committerdate --format %(refname) %(objectname) %(*objectname) [3ms]
2025-02-01 05:31:42.819 [info] > git for-each-ref --format=%(refname)%00%(upstream:short)%00%(objectname)%00%(upstream:track)%00%(upstream:remotename)%00%(upstream:remoteref) refs/heads/main refs/remotes/main [2ms]
2025-02-01 05:31:42.826 [info] > git status -z -uall [4ms]
2025-02-01 05:31:42.828 [info] > git for-each-ref --sort -committerdate --format %(refname) %(objectname) %(*objectname) [3ms]
2025-02-01 05:31:56.376 [info] > git for-each-ref --format=%(refname)%00%(upstream:short)%00%(objectname)%00%(upstream:track)%00%(upstream:remotename)%00%(upstream:remoteref) refs/heads/main refs/remotes/main [2ms]
2025-02-01 05:31:56.383 [info] > git status -z -uall [4ms]
2025-02-01 05:31:56.385 [info] > git for-each-ref --sort -committerdate --format %(refname) %(objectname) %(*objectname) [3ms]
2025-02-01 05:32:10.627 [info] > git for-each-ref --format=%(refname)%00%(upstream:short)%00%(objectname)%00%(upstream:track)%00%(upstream:remotename)%00%(upstream:remoteref) refs/heads/main refs/remotes/main [3ms]
2025-02-01 05:32:10.635 [info] > git status -z -uall [4ms]
2025-02-01 05:32:10.638 [info] > git for-each-ref --sort -committerdate --format %(refname) %(objectname) %(*objectname) [3ms]
2025-02-01 05:32:23.957 [info] > git for-each-ref --format=%(refname)%00%(upstream:short)%00%(objectname)%00%(upstream:track)%00%(upstream:remotename)%00%(upstream:remoteref) refs/heads/main refs/remotes/main [2ms]
2025-02-01 05:32:23.965 [info] > git status -z -uall [4ms]
2025-02-01 05:32:23.968 [info] > git for-each-ref --sort -committerdate --format %(refname) %(objectname) %(*objectname) [3ms]
2025-02-01 05:32:40.796 [info] > git for-each-ref --format=%(refname)%00%(upstream:short)%00%(objectname)%00%(upstream:track)%00%(upstream:remotename)%00%(upstream:remoteref) refs/heads/main refs/remotes/main [2ms]
2025-02-01 05:32:40.802 [info] > git status -z -uall [3ms]
2025-02-01 05:32:40.805 [info] > git for-each-ref --sort -committerdate --format %(refname) %(objectname) %(*objectname) [3ms]
2025-02-01 05:32:55.580 [info] > git for-each-ref --format=%(refname)%00%(upstream:short)%00%(objectname)%00%(upstream:track)%00%(upstream:remotename)%00%(upstream:remoteref) refs/heads/main refs/remotes/main [2ms]
2025-02-01 05:32:55.587 [info] > git status -z -uall [4ms]
2025-02-01 05:32:55.590 [info] > git for-each-ref --sort -committerdate --format %(refname) %(objectname) %(*objectname) [3ms]
2025-02-01 05:33:05.311 [info] > git for-each-ref --format=%(refname)%00%(upstream:short)%00%(objectname)%00%(upstream:track)%00%(upstream:remotename)%00%(upstream:remoteref) refs/heads/main refs/remotes/main [2ms]
2025-02-01 05:33:05.318 [info] > git status -z -uall [4ms]
2025-02-01 05:33:05.320 [info] > git for-each-ref --sort -committerdate --format %(refname) %(objectname) %(*objectname) [3ms]
2025-02-01 05:33:25.903 [info] > git for-each-ref --format=%(refname)%00%(upstream:short)%00%(objectname)%00%(upstream:track)%00%(upstream:remotename)%00%(upstream:remoteref) refs/heads/main refs/remotes/main [2ms]
2025-02-01 05:33:25.912 [info] > git status -z -uall [5ms]
2025-02-01 05:33:25.915 [info] > git for-each-ref --sort -committerdate --format %(refname) %(objectname) %(*objectname) [4ms]
2025-02-01 05:33:30.924 [info] > git for-each-ref --format=%(refname)%00%(upstream:short)%00%(objectname)%00%(upstream:track)%00%(upstream:remotename)%00%(upstream:remoteref) refs/heads/main refs/remotes/main [3ms]
2025-02-01 05:33:30.930 [info] > git status -z -uall [3ms]
2025-02-01 05:33:30.933 [info] > git for-each-ref --sort -committerdate --format %(refname) %(objectname) %(*objectname) [3ms]
2025-02-01 05:33:35.941 [info] > git for-each-ref --format=%(refname)%00%(upstream:short)%00%(objectname)%00%(upstream:track)%00%(upstream:remotename)%00%(upstream:remoteref) refs/heads/main refs/remotes/main [2ms]
2025-02-01 05:33:35.948 [info] > git status -z -uall [4ms]
2025-02-01 05:33:35.951 [info] > git for-each-ref --sort -committerdate --format %(refname) %(objectname) %(*objectname) [2ms]
2025-02-01 05:33:40.960 [info] > git for-each-ref --format=%(refname)%00%(upstream:short)%00%(objectname)%00%(upstream:track)%00%(upstream:remotename)%00%(upstream:remoteref) refs/heads/main refs/remotes/main [2ms]
2025-02-01 05:33:40.967 [info] > git status -z -uall [4ms]
2025-02-01 05:33:40.970 [info] > git for-each-ref --sort -committerdate --format %(refname) %(objectname) %(*objectname) [4ms]
2025-02-01 05:33:57.839 [info] > git for-each-ref --format=%(refname)%00%(upstream:short)%00%(objectname)%00%(upstream:track)%00%(upstream:remotename)%00%(upstream:remoteref) refs/heads/main refs/remotes/main [2ms]
2025-02-01 05:33:57.846 [info] > git status -z -uall [5ms]
2025-02-01 05:33:57.849 [info] > git for-each-ref --sort -committerdate --format %(refname) %(objectname) %(*objectname) [3ms]
2025-02-01 05:34:03.674 [info] > git for-each-ref --format=%(refname)%00%(upstream:short)%00%(objectname)%00%(upstream:track)%00%(upstream:remotename)%00%(upstream:remoteref) refs/heads/main refs/remotes/main [2ms]
2025-02-01 05:34:03.683 [info] > git status -z -uall [5ms]
2025-02-01 05:34:03.685 [info] > git for-each-ref --sort -committerdate --format %(refname) %(objectname) %(*objectname) [3ms]
2025-02-01 05:34:11.500 [info] > git for-each-ref --format=%(refname)%00%(upstream:short)%00%(objectname)%00%(upstream:track)%00%(upstream:remotename)%00%(upstream:remoteref) refs/heads/main refs/remotes/main [2ms]
2025-02-01 05:34:11.507 [info] > git status -z -uall [4ms]
2025-02-01 05:34:11.510 [info] > git for-each-ref --sort -committerdate --format %(refname) %(objectname) %(*objectname) [3ms]
2025-02-01 05:34:56.749 [info] > git for-each-ref --format=%(refname)%00%(upstream:short)%00%(objectname)%00%(upstream:track)%00%(upstream:remotename)%00%(upstream:remoteref) refs/heads/main refs/remotes/main [2ms]
2025-02-01 05:34:56.756 [info] > git status -z -uall [3ms]
2025-02-01 05:34:56.758 [info] > git for-each-ref --sort -committerdate --format %(refname) %(objectname) %(*objectname) [3ms]
2025-02-01 05:35:03.240 [info] > git for-each-ref --format=%(refname)%00%(upstream:short)%00%(objectname)%00%(upstream:track)%00%(upstream:remotename)%00%(upstream:remoteref) refs/heads/main refs/remotes/main [2ms]
2025-02-01 05:35:03.246 [info] > git status -z -uall [3ms]
2025-02-01 05:35:03.249 [info] > git for-each-ref --sort -committerdate --format %(refname) %(objectname) %(*objectname) [2ms]
2025-02-01 05:35:16.170 [info] > git for-each-ref --format=%(refname)%00%(upstream:short)%00%(objectname)%00%(upstream:track)%00%(upstream:remotename)%00%(upstream:remoteref) refs/heads/main refs/remotes/main [2ms]
2025-02-01 05:35:16.178 [info] > git status -z -uall [4ms]
2025-02-01 05:35:16.181 [info] > git for-each-ref --sort -committerdate --format %(refname) %(objectname) %(*objectname) [3ms]
2025-02-01 05:35:57.142 [info] > git for-each-ref --format=%(refname)%00%(upstream:short)%00%(objectname)%00%(upstream:track)%00%(upstream:remotename)%00%(upstream:remoteref) refs/heads/main refs/remotes/main [2ms]
2025-02-01 05:35:57.150 [info] > git status -z -uall [4ms]
2025-02-01 05:35:57.152 [info] > git for-each-ref --sort -committerdate --format %(refname) %(objectname) %(*objectname) [3ms]
2025-02-01 05:36:21.257 [info] > git for-each-ref --format=%(refname)%00%(upstream:short)%00%(objectname)%00%(upstream:track)%00%(upstream:remotename)%00%(upstream:remoteref) refs/heads/main refs/remotes/main [2ms]
2025-02-01 05:36:21.264 [info] > git status -z -uall [4ms]
2025-02-01 05:36:21.267 [info] > git for-each-ref --sort -committerdate --format %(refname) %(objectname) %(*objectname) [3ms]
2025-02-01 05:36:31.003 [info] > git for-each-ref --format=%(refname)%00%(upstream:short)%00%(objectname)%00%(upstream:track)%00%(upstream:remotename)%00%(upstream:remoteref) refs/heads/main refs/remotes/main [2ms]
2025-02-01 05:36:31.009 [info] > git status -z -uall [3ms]
2025-02-01 05:36:31.012 [info] > git for-each-ref --sort -committerdate --format %(refname) %(objectname) %(*objectname) [3ms]
2025-02-01 05:37:21.650 [info] > git for-each-ref --format=%(refname)%00%(upstream:short)%00%(objectname)%00%(upstream:track)%00%(upstream:remotename)%00%(upstream:remoteref) refs/heads/main refs/remotes/main [2ms]
2025-02-01 05:37:21.658 [info] > git status -z -uall [4ms]
2025-02-01 05:37:21.661 [info] > git for-each-ref --sort -committerdate --format %(refname) %(objectname) %(*objectname) [3ms]
2025-02-01 05:37:26.670 [info] > git for-each-ref --format=%(refname)%00%(upstream:short)%00%(objectname)%00%(upstream:track)%00%(upstream:remotename)%00%(upstream:remoteref) refs/heads/main refs/remotes/main [2ms]
2025-02-01 05:37:26.676 [info] > git status -z -uall [3ms]
2025-02-01 05:37:26.679 [info] > git for-each-ref --sort -committerdate --format %(refname) %(objectname) %(*objectname) [3ms]
2025-02-01 05:37:31.688 [info] > git for-each-ref --format=%(refname)%00%(upstream:short)%00%(objectname)%00%(upstream:track)%00%(upstream:remotename)%00%(upstream:remoteref) refs/heads/main refs/remotes/main [2ms]
2025-02-01 05:37:31.696 [info] > git status -z -uall [4ms]
2025-02-01 05:37:31.699 [info] > git for-each-ref --sort -committerdate --format %(refname) %(objectname) %(*objectname) [4ms]
2025-02-01 05:37:36.707 [info] > git for-each-ref --format=%(refname)%00%(upstream:short)%00%(objectname)%00%(upstream:track)%00%(upstream:remotename)%00%(upstream:remoteref) refs/heads/main refs/remotes/main [2ms]
2025-02-01 05:37:36.713 [info] > git status -z -uall [3ms]
2025-02-01 05:37:36.716 [info] > git for-each-ref --sort -committerdate --format %(refname) %(objectname) %(*objectname) [3ms]
2025-02-01 05:38:42.370 [info] > git for-each-ref --format=%(refname)%00%(upstream:short)%00%(objectname)%00%(upstream:track)%00%(upstream:remotename)%00%(upstream:remoteref) refs/heads/main refs/remotes/main [2ms]
2025-02-01 05:38:42.377 [info] > git status -z -uall [4ms]
2025-02-01 05:38:42.380 [info] > git for-each-ref --sort -committerdate --format %(refname) %(objectname) %(*objectname) [3ms]
2025-02-01 05:38:53.522 [info] > git for-each-ref --format=%(refname)%00%(upstream:short)%00%(objectname)%00%(upstream:track)%00%(upstream:remotename)%00%(upstream:remoteref) refs/heads/main refs/remotes/main [2ms]
2025-02-01 05:38:53.529 [info] > git status -z -uall [4ms]
2025-02-01 05:38:53.531 [info] > git for-each-ref --sort -committerdate --format %(refname) %(objectname) %(*objectname) [3ms]
2025-02-01 05:39:17.733 [info] > git for-each-ref --format=%(refname)%00%(upstream:short)%00%(objectname)%00%(upstream:track)%00%(upstream:remotename)%00%(upstream:remoteref) refs/heads/main refs/remotes/main [2ms]
2025-02-01 05:39:17.740 [info] > git status -z -uall [4ms]
2025-02-01 05:39:17.744 [info] > git for-each-ref --sort -committerdate --format %(refname) %(objectname) %(*objectname) [4ms]
2025-02-01 05:39:34.396 [info] > git for-each-ref --format=%(refname)%00%(upstream:short)%00%(objectname)%00%(upstream:track)%00%(upstream:remotename)%00%(upstream:remoteref) refs/heads/main refs/remotes/main [2ms]
2025-02-01 05:39:34.404 [info] > git status -z -uall [4ms]
2025-02-01 05:39:34.407 [info] > git for-each-ref --sort -committerdate --format %(refname) %(objectname) %(*objectname) [3ms]
2025-02-01 05:40:23.272 [info] > git for-each-ref --format=%(refname)%00%(upstream:short)%00%(objectname)%00%(upstream:track)%00%(upstream:remotename)%00%(upstream:remoteref) refs/heads/main refs/remotes/main [1ms]
2025-02-01 05:40:23.279 [info] > git status -z -uall [3ms]
2025-02-01 05:40:23.281 [info] > git for-each-ref --sort -committerdate --format %(refname) %(objectname) %(*objectname) [2ms]
2025-02-01 05:40:32.503 [info] > git for-each-ref --format=%(refname)%00%(upstream:short)%00%(objectname)%00%(upstream:track)%00%(upstream:remotename)%00%(upstream:remoteref) refs/heads/main refs/remotes/main [2ms]
2025-02-01 05:40:32.510 [info] > git status -z -uall [3ms]
2025-02-01 05:40:32.513 [info] > git for-each-ref --sort -committerdate --format %(refname) %(objectname) %(*objectname) [4ms]
2025-02-01 05:40:37.700 [info] > git for-each-ref --format=%(refname)%00%(upstream:short)%00%(objectname)%00%(upstream:track)%00%(upstream:remotename)%00%(upstream:remoteref) refs/heads/main refs/remotes/main [2ms]
2025-02-01 05:40:37.707 [info] > git status -z -uall [3ms]
2025-02-01 05:40:37.710 [info] > git for-each-ref --sort -committerdate --format %(refname) %(objectname) %(*objectname) [3ms]
2025-02-01 05:41:12.548 [info] > git for-each-ref --format=%(refname)%00%(upstream:short)%00%(objectname)%00%(upstream:track)%00%(upstream:remotename)%00%(upstream:remoteref) refs/heads/main refs/remotes/main [2ms]
2025-02-01 05:41:12.554 [info] > git status -z -uall [3ms]
2025-02-01 05:41:12.557 [info] > git for-each-ref --sort -committerdate --format %(refname) %(objectname) %(*objectname) [3ms]
2025-02-01 05:41:21.588 [info] > git for-each-ref --format=%(refname)%00%(upstream:short)%00%(objectname)%00%(upstream:track)%00%(upstream:remotename)%00%(upstream:remoteref) refs/heads/main refs/remotes/main [2ms]
2025-02-01 05:41:21.596 [info] > git status -z -uall [4ms]
2025-02-01 05:41:21.598 [info] > git for-each-ref --sort -committerdate --format %(refname) %(objectname) %(*objectname) [3ms]
2025-02-01 05:41:27.908 [info] > git for-each-ref --format=%(refname)%00%(upstream:short)%00%(objectname)%00%(upstream:track)%00%(upstream:remotename)%00%(upstream:remoteref) refs/heads/main refs/remotes/main [2ms]
2025-02-01 05:41:27.914 [info] > git status -z -uall [3ms]
2025-02-01 05:41:27.918 [info] > git for-each-ref --sort -committerdate --format %(refname) %(objectname) %(*objectname) [3ms]
2025-02-01 05:41:32.925 [info] > git for-each-ref --format=%(refname)%00%(upstream:short)%00%(objectname)%00%(upstream:track)%00%(upstream:remotename)%00%(upstream:remoteref) refs/heads/main refs/remotes/main [2ms]
2025-02-01 05:41:32.933 [info] > git status -z -uall [5ms]
2025-02-01 05:41:32.935 [info] > git for-each-ref --sort -committerdate --format %(refname) %(objectname) %(*objectname) [3ms]
2025-02-01 05:41:39.117 [info] > git for-each-ref --format=%(refname)%00%(upstream:short)%00%(objectname)%00%(upstream:track)%00%(upstream:remotename)%00%(upstream:remoteref) refs/heads/main refs/remotes/main [2ms]
2025-02-01 05:41:39.124 [info] > git status -z -uall [3ms]
2025-02-01 05:41:39.127 [info] > git for-each-ref --sort -committerdate --format %(refname) %(objectname) %(*objectname) [3ms]
2025-02-01 05:41:44.135 [info] > git for-each-ref --format=%(refname)%00%(upstream:short)%00%(objectname)%00%(upstream:track)%00%(upstream:remotename)%00%(upstream:remoteref) refs/heads/main refs/remotes/main [2ms]
2025-02-01 05:41:44.143 [info] > git status -z -uall [5ms]
2025-02-01 05:41:44.146 [info] > git for-each-ref --sort -committerdate --format %(refname) %(objectname) %(*objectname) [3ms]
2025-02-01 05:42:11.810 [info] > git for-each-ref --format=%(refname)%00%(upstream:short)%00%(objectname)%00%(upstream:track)%00%(upstream:remotename)%00%(upstream:remoteref) refs/heads/main refs/remotes/main [2ms]
2025-02-01 05:42:11.817 [info] > git status -z -uall [3ms]
2025-02-01 05:42:11.820 [info] > git for-each-ref --sort -committerdate --format %(refname) %(objectname) %(*objectname) [2ms]
2025-02-01 05:42:16.829 [info] > git for-each-ref --format=%(refname)%00%(upstream:short)%00%(objectname)%00%(upstream:track)%00%(upstream:remotename)%00%(upstream:remoteref) refs/heads/main refs/remotes/main [2ms]
2025-02-01 05:42:16.837 [info] > git status -z -uall [4ms]
2025-02-01 05:42:16.840 [info] > git for-each-ref --sort -committerdate --format %(refname) %(objectname) %(*objectname) [3ms]
2025-02-01 05:42:44.580 [info] > git for-each-ref --format=%(refname)%00%(upstream:short)%00%(objectname)%00%(upstream:track)%00%(upstream:remotename)%00%(upstream:remoteref) refs/heads/main refs/remotes/main [2ms]
2025-02-01 05:42:44.587 [info] > git status -z -uall [4ms]
2025-02-01 05:42:44.589 [info] > git for-each-ref --sort -committerdate --format %(refname) %(objectname) %(*objectname) [2ms]
2025-02-01 05:43:03.141 [info] > git for-each-ref --format=%(refname)%00%(upstream:short)%00%(objectname)%00%(upstream:track)%00%(upstream:remotename)%00%(upstream:remoteref) refs/heads/main refs/remotes/main [2ms]
2025-02-01 05:43:03.147 [info] > git status -z -uall [3ms]
2025-02-01 05:43:03.150 [info] > git for-each-ref --sort -committerdate --format %(refname) %(objectname) %(*objectname) [2ms]
2025-02-01 05:43:08.381 [info] > git for-each-ref --format=%(refname)%00%(upstream:short)%00%(objectname)%00%(upstream:track)%00%(upstream:remotename)%00%(upstream:remoteref) refs/heads/main refs/remotes/main [2ms]
2025-02-01 05:43:08.389 [info] > git status -z -uall [4ms]
2025-02-01 05:43:08.391 [info] > git for-each-ref --sort -committerdate --format %(refname) %(objectname) %(*objectname) [3ms]
2025-02-01 05:43:16.465 [info] > git for-each-ref --format=%(refname)%00%(upstream:short)%00%(objectname)%00%(upstream:track)%00%(upstream:remotename)%00%(upstream:remoteref) refs/heads/main refs/remotes/main [2ms]
2025-02-01 05:43:16.473 [info] > git status -z -uall [4ms]
2025-02-01 05:43:16.476 [info] > git for-each-ref --sort -committerdate --format %(refname) %(objectname) %(*objectname) [3ms]
2025-02-01 05:43:21.486 [info] > git for-each-ref --format=%(refname)%00%(upstream:short)%00%(objectname)%00%(upstream:track)%00%(upstream:remotename)%00%(upstream:remoteref) refs/heads/main refs/remotes/main [2ms]
2025-02-01 05:43:21.493 [info] > git status -z -uall [4ms]
2025-02-01 05:43:21.496 [info] > git for-each-ref --sort -committerdate --format %(refname) %(objectname) %(*objectname) [3ms]
2025-02-01 05:43:50.632 [info] > git for-each-ref --format=%(refname)%00%(upstream:short)%00%(objectname)%00%(upstream:track)%00%(upstream:remotename)%00%(upstream:remoteref) refs/heads/main refs/remotes/main [2ms]
2025-02-01 05:43:50.639 [info] > git status -z -uall [4ms]
2025-02-01 05:43:50.641 [info] > git for-each-ref --sort -committerdate --format %(refname) %(objectname) %(*objectname) [3ms]
2025-02-01 05:43:56.356 [info] > git for-each-ref --format=%(refname)%00%(upstream:short)%00%(objectname)%00%(upstream:track)%00%(upstream:remotename)%00%(upstream:remoteref) refs/heads/main refs/remotes/main [2ms]
2025-02-01 05:43:56.364 [info] > git status -z -uall [5ms]
2025-02-01 05:43:56.366 [info] > git for-each-ref --sort -committerdate --format %(refname) %(objectname) %(*objectname) [3ms]
2025-02-01 05:44:01.373 [info] > git for-each-ref --format=%(refname)%00%(upstream:short)%00%(objectname)%00%(upstream:track)%00%(upstream:remotename)%00%(upstream:remoteref) refs/heads/main refs/remotes/main [2ms]
2025-02-01 05:44:01.379 [info] > git status -z -uall [3ms]
2025-02-01 05:44:01.382 [info] > git for-each-ref --sort -committerdate --format %(refname) %(objectname) %(*objectname) [3ms]
2025-02-01 05:44:11.686 [info] > git for-each-ref --format=%(refname)%00%(upstream:short)%00%(objectname)%00%(upstream:track)%00%(upstream:remotename)%00%(upstream:remoteref) refs/heads/main refs/remotes/main [2ms]
2025-02-01 05:44:11.693 [info] > git status -z -uall [4ms]
2025-02-01 05:44:11.697 [info] > git for-each-ref --sort -committerdate --format %(refname) %(objectname) %(*objectname) [4ms]
2025-02-01 05:44:23.239 [info] > git for-each-ref --format=%(refname)%00%(upstream:short)%00%(objectname)%00%(upstream:track)%00%(upstream:remotename)%00%(upstream:remoteref) refs/heads/main refs/remotes/main [2ms]
2025-02-01 05:44:23.247 [info] > git status -z -uall [5ms]
2025-02-01 05:44:23.249 [info] > git for-each-ref --sort -committerdate --format %(refname) %(objectname) %(*objectname) [3ms]
2025-02-01 05:44:38.424 [info] > git for-each-ref --format=%(refname)%00%(upstream:short)%00%(objectname)%00%(upstream:track)%00%(upstream:remotename)%00%(upstream:remoteref) refs/heads/main refs/remotes/main [2ms]
2025-02-01 05:44:38.431 [info] > git status -z -uall [4ms]
2025-02-01 05:44:38.433 [info] > git for-each-ref --sort -committerdate --format %(refname) %(objectname) %(*objectname) [3ms]
2025-02-01 05:44:55.050 [info] > git for-each-ref --format=%(refname)%00%(upstream:short)%00%(objectname)%00%(upstream:track)%00%(upstream:remotename)%00%(upstream:remoteref) refs/heads/main refs/remotes/main [2ms]
2025-02-01 05:44:55.060 [info] > git status -z -uall [6ms]
2025-02-01 05:44:55.062 [info] > git for-each-ref --sort -committerdate --format %(refname) %(objectname) %(*objectname) [4ms]
2025-02-01 05:45:00.072 [info] > git for-each-ref --format=%(refname)%00%(upstream:short)%00%(objectname)%00%(upstream:track)%00%(upstream:remotename)%00%(upstream:remoteref) refs/heads/main refs/remotes/main [2ms]
2025-02-01 05:45:00.081 [info] > git status -z -uall [5ms]
2025-02-01 05:45:00.084 [info] > git for-each-ref --sort -committerdate --format %(refname) %(objectname) %(*objectname) [3ms]
2025-02-01 05:45:11.782 [info] > git for-each-ref --format=%(refname)%00%(upstream:short)%00%(objectname)%00%(upstream:track)%00%(upstream:remotename)%00%(upstream:remoteref) refs/heads/main refs/remotes/main [2ms]
2025-02-01 05:45:11.789 [info] > git status -z -uall [4ms]
2025-02-01 05:45:11.791 [info] > git for-each-ref --sort -committerdate --format %(refname) %(objectname) %(*objectname) [3ms]
2025-02-01 05:45:16.800 [info] > git for-each-ref --format=%(refname)%00%(upstream:short)%00%(objectname)%00%(upstream:track)%00%(upstream:remotename)%00%(upstream:remoteref) refs/heads/main refs/remotes/main [2ms]
2025-02-01 05:45:16.807 [info] > git status -z -uall [3ms]
2025-02-01 05:45:16.810 [info] > git for-each-ref --sort -committerdate --format %(refname) %(objectname) %(*objectname) [3ms]
2025-02-01 05:45:23.364 [info] > git for-each-ref --format=%(refname)%00%(upstream:short)%00%(objectname)%00%(upstream:track)%00%(upstream:remotename)%00%(upstream:remoteref) refs/heads/main refs/remotes/main [2ms]
2025-02-01 05:45:23.371 [info] > git status -z -uall [3ms]
2025-02-01 05:45:23.375 [info] > git for-each-ref --sort -committerdate --format %(refname) %(objectname) %(*objectname) [4ms]
2025-02-01 05:45:35.495 [info] > git for-each-ref --format=%(refname)%00%(upstream:short)%00%(objectname)%00%(upstream:track)%00%(upstream:remotename)%00%(upstream:remoteref) refs/heads/main refs/remotes/main [3ms]
2025-02-01 05:45:35.504 [info] > git status -z -uall [5ms]
2025-02-01 05:45:35.508 [info] > git for-each-ref --sort -committerdate --format %(refname) %(objectname) %(*objectname) [4ms]
2025-02-01 05:45:40.517 [info] > git for-each-ref --format=%(refname)%00%(upstream:short)%00%(objectname)%00%(upstream:track)%00%(upstream:remotename)%00%(upstream:remoteref) refs/heads/main refs/remotes/main [2ms]
2025-02-01 05:45:40.525 [info] > git status -z -uall [4ms]
2025-02-01 05:45:40.527 [info] > git for-each-ref --sort -committerdate --format %(refname) %(objectname) %(*objectname) [3ms]
2025-02-01 05:45:54.167 [info] > git for-each-ref --format=%(refname)%00%(upstream:short)%00%(objectname)%00%(upstream:track)%00%(upstream:remotename)%00%(upstream:remoteref) refs/heads/main refs/remotes/main [2ms]
2025-02-01 05:45:54.173 [info] > git status -z -uall [3ms]
2025-02-01 05:45:54.176 [info] > git for-each-ref --sort -committerdate --format %(refname) %(objectname) %(*objectname) [3ms]
2025-02-01 05:45:59.184 [info] > git for-each-ref --format=%(refname)%00%(upstream:short)%00%(objectname)%00%(upstream:track)%00%(upstream:remotename)%00%(upstream:remoteref) refs/heads/main refs/remotes/main [2ms]
2025-02-01 05:45:59.190 [info] > git status -z -uall [4ms]
2025-02-01 05:45:59.193 [info] > git for-each-ref --sort -committerdate --format %(refname) %(objectname) %(*objectname) [3ms]
2025-02-01 05:46:08.274 [info] > git for-each-ref --format=%(refname)%00%(upstream:short)%00%(objectname)%00%(upstream:track)%00%(upstream:remotename)%00%(upstream:remoteref) refs/heads/main refs/remotes/main [2ms]
2025-02-01 05:46:08.281 [info] > git status -z -uall [4ms]
2025-02-01 05:46:08.283 [info] > git for-each-ref --sort -committerdate --format %(refname) %(objectname) %(*objectname) [3ms]
2025-02-01 05:46:13.292 [info] > git for-each-ref --format=%(refname)%00%(upstream:short)%00%(objectname)%00%(upstream:track)%00%(upstream:remotename)%00%(upstream:remoteref) refs/heads/main refs/remotes/main [1ms]
2025-02-01 05:46:13.298 [info] > git status -z -uall [3ms]
2025-02-01 05:46:13.301 [info] > git for-each-ref --sort -committerdate --format %(refname) %(objectname) %(*objectname) [3ms]
2025-02-01 05:46:40.524 [info] > git for-each-ref --format=%(refname)%00%(upstream:short)%00%(objectname)%00%(upstream:track)%00%(upstream:remotename)%00%(upstream:remoteref) refs/heads/main refs/remotes/main [2ms]
2025-02-01 05:46:40.532 [info] > git status -z -uall [5ms]
2025-02-01 05:46:40.533 [info] > git for-each-ref --sort -committerdate --format %(refname) %(objectname) %(*objectname) [2ms]
2025-02-01 05:47:00.904 [info] > git for-each-ref --format=%(refname)%00%(upstream:short)%00%(objectname)%00%(upstream:track)%00%(upstream:remotename)%00%(upstream:remoteref) refs/heads/main refs/remotes/main [2ms]
2025-02-01 05:47:00.911 [info] > git status -z -uall [4ms]
2025-02-01 05:47:00.913 [info] > git for-each-ref --sort -committerdate --format %(refname) %(objectname) %(*objectname) [2ms]
2025-02-01 05:47:08.469 [info] > git for-each-ref --format=%(refname)%00%(upstream:short)%00%(objectname)%00%(upstream:track)%00%(upstream:remotename)%00%(upstream:remoteref) refs/heads/main refs/remotes/main [2ms]
2025-02-01 05:47:08.477 [info] > git status -z -uall [4ms]
2025-02-01 05:47:08.480 [info] > git for-each-ref --sort -committerdate --format %(refname) %(objectname) %(*objectname) [3ms]
2025-02-01 05:47:13.489 [info] > git for-each-ref --format=%(refname)%00%(upstream:short)%00%(objectname)%00%(upstream:track)%00%(upstream:remotename)%00%(upstream:remoteref) refs/heads/main refs/remotes/main [2ms]
2025-02-01 05:47:13.496 [info] > git status -z -uall [4ms]
2025-02-01 05:47:13.499 [info] > git for-each-ref --sort -committerdate --format %(refname) %(objectname) %(*objectname) [3ms]
2025-02-01 05:48:18.827 [info] > git for-each-ref --format=%(refname)%00%(upstream:short)%00%(objectname)%00%(upstream:track)%00%(upstream:remotename)%00%(upstream:remoteref) refs/heads/main refs/remotes/main [2ms]
2025-02-01 05:48:18.833 [info] > git status -z -uall [3ms]
2025-02-01 05:48:18.836 [info] > git for-each-ref --sort -committerdate --format %(refname) %(objectname) %(*objectname) [3ms]
2025-02-01 05:48:23.844 [info] > git for-each-ref --format=%(refname)%00%(upstream:short)%00%(objectname)%00%(upstream:track)%00%(upstream:remotename)%00%(upstream:remoteref) refs/heads/main refs/remotes/main [2ms]
2025-02-01 05:48:23.852 [info] > git status -z -uall [4ms]
2025-02-01 05:48:23.855 [info] > git for-each-ref --sort -committerdate --format %(refname) %(objectname) %(*objectname) [4ms]
2025-02-01 05:51:09.243 [info] > git for-each-ref --format=%(refname)%00%(upstream:short)%00%(objectname)%00%(upstream:track)%00%(upstream:remotename)%00%(upstream:remoteref) refs/heads/main refs/remotes/main [2ms]
2025-02-01 05:51:09.251 [info] > git status -z -uall [5ms]
2025-02-01 05:51:09.253 [info] > git for-each-ref --sort -committerdate --format %(refname) %(objectname) %(*objectname) [3ms]
2025-02-01 05:51:14.263 [info] > git for-each-ref --format=%(refname)%00%(upstream:short)%00%(objectname)%00%(upstream:track)%00%(upstream:remotename)%00%(upstream:remoteref) refs/heads/main refs/remotes/main [2ms]
2025-02-01 05:51:14.270 [info] > git status -z -uall [4ms]
2025-02-01 05:51:14.273 [info] > git for-each-ref --sort -committerdate --format %(refname) %(objectname) %(*objectname) [3ms]
2025-02-01 05:51:36.589 [info] > git for-each-ref --format=%(refname)%00%(upstream:short)%00%(objectname)%00%(upstream:track)%00%(upstream:remotename)%00%(upstream:remoteref) refs/heads/main refs/remotes/main [2ms]
2025-02-01 05:51:36.598 [info] > git status -z -uall [5ms]
2025-02-01 05:51:36.600 [info] > git for-each-ref --sort -committerdate --format %(refname) %(objectname) %(*objectname) [3ms]
2025-02-01 05:51:51.266 [info] > git for-each-ref --format=%(refname)%00%(upstream:short)%00%(objectname)%00%(upstream:track)%00%(upstream:remotename)%00%(upstream:remoteref) refs/heads/main refs/remotes/main [2ms]
2025-02-01 05:51:51.274 [info] > git status -z -uall [4ms]
2025-02-01 05:51:51.276 [info] > git for-each-ref --sort -committerdate --format %(refname) %(objectname) %(*objectname) [3ms]
2025-02-01 05:52:00.174 [info] > git for-each-ref --format=%(refname)%00%(upstream:short)%00%(objectname)%00%(upstream:track)%00%(upstream:remotename)%00%(upstream:remoteref) refs/heads/main refs/remotes/main [3ms]
2025-02-01 05:52:00.180 [info] > git status -z -uall [3ms]
2025-02-01 05:52:00.183 [info] > git for-each-ref --sort -committerdate --format %(refname) %(objectname) %(*objectname) [3ms]
2025-02-01 05:52:10.258 [info] > git show --textconv :website/images/header.png [4ms]
2025-02-01 05:52:10.259 [info] > git ls-files --stage -- /workspace/project/website/images/header.png [1ms]
2025-02-01 05:52:21.783 [info] > git for-each-ref --format=%(refname)%00%(upstream:short)%00%(objectname)%00%(upstream:track)%00%(upstream:remotename)%00%(upstream:remoteref) refs/heads/main refs/remotes/main [2ms]
2025-02-01 05:52:21.790 [info] > git status -z -uall [3ms]
2025-02-01 05:52:21.793 [info] > git for-each-ref --sort -committerdate --format %(refname) %(objectname) %(*objectname) [3ms]
2025-02-01 05:52:26.802 [info] > git for-each-ref --format=%(refname)%00%(upstream:short)%00%(objectname)%00%(upstream:track)%00%(upstream:remotename)%00%(upstream:remoteref) refs/heads/main refs/remotes/main [2ms]
2025-02-01 05:52:26.809 [info] > git status -z -uall [4ms]
2025-02-01 05:52:26.811 [info] > git for-each-ref --sort -committerdate --format %(refname) %(objectname) %(*objectname) [3ms]
