2025-02-01 05:11:31.977 [info] Log level: Info
2025-02-01 05:11:31.977 [info] VSCODE_MACHINE_ID: someValue.machineId
2025-02-01 05:11:31.977 [info] VSCODE_SESSION_ID: someValue.sessionId
2025-02-01 05:11:31.977 [info] VSCODE_VERSION: 1.96.3
2025-02-01 05:11:31.977 [info] VSCODE_APP_NAME: Gitpod Code
2025-02-01 05:11:31.977 [info] VSCODE_APP_HOST: Gitpod
2025-02-01 05:11:31.977 [info] VSCODE_UI_KIND: web
2025-02-01 05:11:31.977 [info] GITPOD_WORKSPACE_CONTEXT_URL: https://github.com/freeCodeCamp/learn-bash-by-building-a-boilerplate
2025-02-01 05:11:31.977 [info] GITPOD_INSTANCE_ID: 7accc250-e5aa-4d77-a5b5-cff0e6505696
2025-02-01 05:11:31.977 [info] GITPOD_WORKSPACE_URL: https://freecodecam-learnbashby-0s6k38rg6br.ws-us117.gitpod.io
2025-02-01 05:11:31.977 [info] Gitpod Web 3953e81
2025-02-01 05:11:31.977 [info] Reading sessions from keychain...
2025-02-01 05:11:32.195 [info] Getting sessions for all scopes...
2025-02-01 05:11:32.195 [info] Getting sessions for all scopes...
2025-02-01 05:11:32.195 [info] Getting GitHub sessions for all scopes...
2025-02-01 05:11:32.195 [info] Getting sessions for function:accessCodeSyncStorage...
2025-02-01 05:11:32.196 [info] Got stored sessions!
2025-02-01 05:11:32.196 [info] Verified session with the following scopes: function:accessCodeSyncStorage function:closePort function:controlAdmission function:deleteEnvVar function:generateNewGitpodToken function:getDefaultWorkspaceImage function:getGitpodTokenScopes function:getIDToken function:getLoggedInUser function:getOpenPorts function:getSupportedWorkspaceClasses function:getTeams function:getToken function:getWorkspace function:getWorkspaceEnvVars function:getWorkspaceOwner function:getWorkspaceTimeout function:getWorkspaceUsers function:guessGitTokenScopes function:isWorkspaceOwner function:openPort function:sendHeartBeat function:setEnvVar function:setWorkspaceTimeout function:stopWorkspace function:takeSnapshot function:trackEvent function:updateGitStatus function:waitForSnapshot resource:contentBlob::*::create/get resource:envVar::*/**::update resource:envVar::*/*::update resource:envVar::freeCodeCamp/learn-bash-by-building-a-boilerplate::create/get/update/delete resource:gitpodToken::*::create resource:snapshot::ws-freecodecam-learnbashby-0s6k38rg6br::create resource:token::*::get resource:userStorage::*::create/get/update resource:workspace::freecodecam-learnbashby-0s6k38rg6br::get/update resource:workspaceInstance::7accc250-e5aa-4d77-a5b5-cff0e6505696::get/update/delete
2025-02-01 05:11:32.198 [info] Got 1 verified sessions.
2025-02-01 05:11:32.198 [info] Got 1 sessions for all scopes...
2025-02-01 05:11:32.198 [info] Got 1 sessions for all scopes...
2025-02-01 05:11:32.198 [info] Got 1 sessions for function:accessCodeSyncStorage...
2025-02-01 05:11:32.324 [info] Got 1 GitHub sessions for all scopes...
2025-02-01 05:11:32.521 [info] Getting GitHub sessions for all scopes...
2025-02-01 05:11:32.521 [info] Getting sessions for all scopes...
2025-02-01 05:11:32.521 [info] Got 1 GitHub sessions for all scopes...
2025-02-01 05:11:32.521 [info] Got 1 sessions for all scopes...
2025-02-01 05:11:32.524 [info] Getting GitHub sessions for all scopes...
2025-02-01 05:11:32.524 [info] Got 1 GitHub sessions for all scopes...
2025-02-01 05:11:32.617 [info] Getting GitHub sessions for read:user,repo,user:email,workflow...
2025-02-01 05:11:32.617 [info] Got 0 GitHub sessions for read:user,repo,user:email,workflow...
2025-02-01 05:11:33.084 [info] Getting GitHub sessions for project,read:org,read:user,repo,user:email,workflow...
2025-02-01 05:11:33.084 [info] Got 0 GitHub sessions for project,read:org,read:user,repo,user:email,workflow...
2025-02-01 05:11:33.747 [info] Getting GitHub sessions for read:user,repo,user:email,workflow...
2025-02-01 05:11:33.747 [info] Got 0 GitHub sessions for read:user,repo,user:email,workflow...
2025-02-01 05:11:34.311 [info] Getting GitHub sessions for read:user,repo,user:email...
2025-02-01 05:11:34.311 [info] Got 0 GitHub sessions for read:user,repo,user:email...
2025-02-01 05:11:35.013 [info] Getting GitHub sessions for read:user,repo,user:email,workflow...
2025-02-01 05:11:35.013 [info] Got 0 GitHub sessions for read:user,repo,user:email,workflow...
