2025-01-29 23:16:55.727 [info] Extension host with pid 119 started
2025-01-29 23:16:55.727 [error] Error: EEXIST: file already exists, open '/workspace/.vscode-remote/data/User/workspaceStorage/98105b4/vscode.lock'
2025-01-29 23:16:55.730 [info] Lock '/workspace/.vscode-remote/data/User/workspaceStorage/98105b4/vscode.lock': Could not acquire lock, checking if the file is stale.
2025-01-29 23:16:55.730 [info] Lock '/workspace/.vscode-remote/data/User/workspaceStorage/98105b4/vscode.lock': The lock looks stale, waiting for 2s.
2025-01-29 23:16:55.941 [info] ExtensionService#_doActivateExtension vscode.media-preview, startup: false, activationEvent: 'onCustomEditor:imagePreview.previewEditor'
2025-01-29 23:16:55.942 [info] ExtensionService#_doActivateExtension gitpod.gitpod-web, startup: false, activationEvent: 'onAuthenticationRequest:gitpod'
2025-01-29 23:16:56.942 [info] ExtensionService#_doActivateExtension vscode.git-base, startup: true, activationEvent: '*', root cause: vscode.git
2025-01-29 23:16:57.730 [info] Lock '/workspace/.vscode-remote/data/User/workspaceStorage/98105b4/vscode.lock': The lock looks stale even after waiting for 2s.
2025-01-29 23:16:57.730 [info] Lock '/workspace/.vscode-remote/data/User/workspaceStorage/98105b4/vscode.lock': Deleting a stale lock.
2025-01-29 23:16:57.733 [info] Lock '/workspace/.vscode-remote/data/User/workspaceStorage/98105b4/vscode.lock': Lock acquired.
2025-01-29 23:16:57.910 [info] ExtensionService#_doActivateExtension vscode.git, startup: true, activationEvent: '*'
2025-01-29 23:16:57.911 [info] ExtensionService#_doActivateExtension vscode.github, startup: true, activationEvent: '*'
2025-01-29 23:16:58.208 [info] Eager extensions activated
2025-01-29 23:16:58.208 [info] ExtensionService#_doActivateExtension vscode.debug-auto-launch, startup: false, activationEvent: 'onStartupFinished'
2025-01-29 23:16:58.208 [info] ExtensionService#_doActivateExtension vscode.merge-conflict, startup: false, activationEvent: 'onStartupFinished'
2025-01-29 23:16:58.208 [info] ExtensionService#_doActivateExtension vscode.github-authentication, startup: false, activationEvent: 'onStartupFinished', root cause: GitHub.vscode-pull-request-github
2025-01-29 23:16:58.448 [info] ExtensionService#_doActivateExtension GitHub.vscode-pull-request-github, startup: false, activationEvent: 'onStartupFinished'
2025-01-29 23:16:58.574 [info] ExtensionService#_doActivateExtension vscode.emmet, startup: false, activationEvent: 'onLanguage'
2025-01-29 23:16:58.770 [info] ExtensionService#_doActivateExtension redhat.vscode-yaml, startup: false, activationEvent: 'onLanguage:yaml'
2025-01-29 23:16:59.297 [warning] [redhat.vscode-yaml] Accessing a resource scoped configuration without providing a resource is not expected. To get the effective value for '[yaml]', provide the URI of a resource or 'null' for any resource.
2025-01-29 23:16:59.298 [warning] [redhat.vscode-yaml] Accessing a resource scoped configuration without providing a resource is not expected. To get the effective value for '[yaml]', provide the URI of a resource or 'null' for any resource.
2025-01-29 23:16:59.717 [info] ExtensionService#_doActivateExtension vscode.configuration-editing, startup: false, activationEvent: 'onLanguage:jsonc'
2025-01-29 23:16:59.717 [info] ExtensionService#_doActivateExtension vscode.json-language-features, startup: false, activationEvent: 'onLanguage:jsonc'
2025-01-29 23:16:59.717 [info] ExtensionService#_doActivateExtension vscode.typescript-language-features, startup: false, activationEvent: 'onLanguage:jsonc'
2025-01-29 23:17:19.386 [info] ExtensionService#_doActivateExtension CodeRoad.coderoad, startup: false, activationEvent: 'onCommand:coderoad.start'
2025-01-29 23:17:56.462 [info] ExtensionService#_doActivateExtension vscode.npm, startup: false, activationEvent: 'onTerminalQuickFixRequest:ms-vscode.npm-command'
