2025-01-27 01:08:08.911 [warning] /home/gitpod/.ssh/config: ENOENT: no such file or directory, open '/home/gitpod/.ssh/config'
2025-01-27 01:08:08.911 [info] Activation> Extension version: 0.102.0
2025-01-27 01:08:11.307 [info] Looking for git repository
2025-01-27 01:08:11.307 [info] Found 0 repositories during activation
2025-01-27 01:08:11.307 [info] Git repository found, initializing review manager and pr tree view.
2025-01-27 01:08:11.311 [info] Registering git provider
2025-01-27 01:08:11.311 [info] Review+0> Validate state in progress
2025-01-27 01:08:11.311 [info] Review+0> Validating state...
2025-01-27 01:08:11.524 [info] Found GitHub remote for folder /workspace/project
2025-01-27 01:08:11.526 [info] Trying to use globalState for assignableUsers.
2025-01-27 01:08:11.536 [info] Review+0> No matching pull request metadata found locally for current branch main
2025-01-27 01:08:11.544 [info] Review+0> No matching pull request metadata found on GitHub for current branch main
2025-01-27 01:08:11.822 [info] GlobalState does not exist for assignableUsers.
2025-01-27 01:08:13.431 [info] Repo state for file:///workspace/project changed.
2025-01-27 01:08:13.431 [info] Repo file:///workspace/project has already been setup.
2025-01-27 01:08:39.947 [info] Review+0> Validate state in progress
2025-01-27 01:08:39.947 [info] Review+0> Validating state...
2025-01-27 01:08:40.109 [info] Found GitHub remote for folder /workspace/project
2025-01-27 01:08:40.110 [info] Using in-memory cached assignable users.
2025-01-27 01:08:40.119 [info] Review+0> No matching pull request metadata found locally for current branch main
2025-01-27 01:08:40.125 [info] Review+0> No matching pull request metadata found on GitHub for current branch main
2025-01-27 01:13:51.895 [info] Review+0> Validate state in progress
2025-01-27 01:13:51.895 [info] Review+0> Validating state...
2025-01-27 01:13:52.058 [info] Found GitHub remote for folder /workspace/project
2025-01-27 01:13:52.058 [info] Using in-memory cached assignable users.
2025-01-27 01:13:52.067 [info] Review+0> No matching pull request metadata found locally for current branch main
2025-01-27 01:13:52.073 [info] Review+0> No matching pull request metadata found on GitHub for current branch main
2025-01-27 01:26:33.020 [info] Review+0> Validate state in progress
2025-01-27 01:26:33.020 [info] Review+0> Validating state...
2025-01-27 01:26:33.183 [info] Found GitHub remote for folder /workspace/project
2025-01-27 01:26:33.183 [info] Using in-memory cached assignable users.
2025-01-27 01:26:33.193 [info] Review+0> No matching pull request metadata found locally for current branch main
2025-01-27 01:26:33.199 [info] Review+0> No matching pull request metadata found on GitHub for current branch main
2025-01-27 01:26:38.044 [info] Review+0> Validate state in progress
2025-01-27 01:26:38.044 [info] Review+0> Validating state...
2025-01-27 01:26:38.202 [info] Found GitHub remote for folder /workspace/project
2025-01-27 01:26:38.203 [info] Using in-memory cached assignable users.
2025-01-27 01:26:38.211 [info] Review+0> No matching pull request metadata found locally for current branch main
2025-01-27 01:26:38.217 [info] Review+0> No matching pull request metadata found on GitHub for current branch main
2025-01-27 01:31:12.857 [info] Review+0> Validate state in progress
2025-01-27 01:31:12.857 [info] Review+0> Validating state...
2025-01-27 01:31:13.029 [info] Found GitHub remote for folder /workspace/project
2025-01-27 01:31:13.029 [info] Using in-memory cached assignable users.
2025-01-27 01:31:13.039 [info] Review+0> No matching pull request metadata found locally for current branch main
2025-01-27 01:31:13.046 [info] Review+0> No matching pull request metadata found on GitHub for current branch main
2025-01-27 01:31:17.880 [info] Review+0> Validate state in progress
2025-01-27 01:31:17.880 [info] Review+0> Validating state...
2025-01-27 01:31:18.038 [info] Found GitHub remote for folder /workspace/project
2025-01-27 01:31:18.038 [info] Using in-memory cached assignable users.
2025-01-27 01:31:18.047 [info] Review+0> No matching pull request metadata found locally for current branch main
2025-01-27 01:31:18.053 [info] Review+0> No matching pull request metadata found on GitHub for current branch main
