coderoad v0.19.4
STATE: "Setup.Startup"
ROUTE: "Setup.Startup": On level unknown, step unknown
EDITOR_STARTUP
Continuing tutorial from progress: level 10 step 10.1
LOAD_STORED_TUTORIAL
EDITOR_TUTORIAL_CONTINUE_CONFIG
Tutorial: Learn Bash by Building a Boilerplate (2.0.0)
Command: ./freeCodeCamp/setup.sh
COMMAND_START
Calling command: ./freeCodeCamp/setup.sh
EDITOR_LEVEL_ENTER
EDITOR_STEP_ENTER
STATE: "Tutorial.Level.Load"
ROUTE: "Tutorial.Level.Load": On level 10, step 10.1
STATE: "Tutorial.Level.Normal"
ROUTE: "Tutorial.Level.Normal": On level 10, step 10.1
Calling command: git log -n 1 --pretty=format:%s 24caa82d724838c8a94872803763167a810f6831
Calling command: git log -g --grep='10.1'
------------------- RUN TEST -------------------
START_TEST
COMMAND: npm run programmatic-test --reporter=mocha-tap-reporter
Calling command: npm run programmatic-test --reporter=mocha-tap-reporter
Command output: 
COMMAND_SUCCESS
Command: ./freeCodeCamp/reset.sh
COMMAND_START
Calling command: ./freeCodeCamp/reset.sh
Command output: 
COMMAND_SUCCESS
STATE: "Tutorial.Level.Normal"
ROUTE: "Tutorial.Level.Normal": On level 10, step 10.1
STATE: "Tutorial.Level.TestRunning"
ROUTE: "Tutorial.Level.TestRunning": On level 10, step 10.1
STATE: "Tutorial.Level.TestRunning"
ROUTE: "Tutorial.Level.TestRunning": On level 10, step 10.1
STATE: "Tutorial.Level.TestRunning"
ROUTE: "Tutorial.Level.TestRunning": On level 10, step 10.1
STATE: "Tutorial.Level.TestRunning"
ROUTE: "Tutorial.Level.TestRunning": On level 10, step 10.1
---------------- TEST RESULTS -----------------
TEST_FAIL
STATE: "Tutorial.Level.Normal"
ROUTE: "Tutorial.Level.Normal": On level 10, step 10.1
------------------- RUN TEST -------------------
START_TEST
COMMAND: npm run programmatic-test --reporter=mocha-tap-reporter
Calling command: npm run programmatic-test --reporter=mocha-tap-reporter
STATE: "Tutorial.Level.TestRunning"
ROUTE: "Tutorial.Level.TestRunning": On level 10, step 10.1
---------------- TEST RESULTS -----------------
TEST_FAIL
STATE: "Tutorial.Level.Normal"
ROUTE: "Tutorial.Level.Normal": On level 10, step 10.1
------------------- RUN TEST -------------------
START_TEST
COMMAND: npm run programmatic-test --reporter=mocha-tap-reporter
Calling command: npm run programmatic-test --reporter=mocha-tap-reporter
STATE: "Tutorial.Level.TestRunning"
ROUTE: "Tutorial.Level.TestRunning": On level 10, step 10.1
---------------- TEST RESULTS -----------------
TEST_FAIL
STATE: "Tutorial.Level.Normal"
ROUTE: "Tutorial.Level.Normal": On level 10, step 10.1
------------------- RUN TEST -------------------
START_TEST
COMMAND: npm run programmatic-test --reporter=mocha-tap-reporter
Calling command: npm run programmatic-test --reporter=mocha-tap-reporter
STATE: "Tutorial.Level.TestRunning"
ROUTE: "Tutorial.Level.TestRunning": On level 10, step 10.1
---------------- TEST RESULTS -----------------
TEST_FAIL
STATE: "Tutorial.Level.Normal"
ROUTE: "Tutorial.Level.Normal": On level 10, step 10.1
------------------- RUN TEST -------------------
START_TEST
COMMAND: npm run programmatic-test --reporter=mocha-tap-reporter
Calling command: npm run programmatic-test --reporter=mocha-tap-reporter
STATE: "Tutorial.Level.TestRunning"
ROUTE: "Tutorial.Level.TestRunning": On level 10, step 10.1
---------------- TEST RESULTS -----------------
TEST_FAIL
STATE: "Tutorial.Level.Normal"
ROUTE: "Tutorial.Level.Normal": On level 10, step 10.1
------------------- RUN TEST -------------------
START_TEST
COMMAND: npm run programmatic-test --reporter=mocha-tap-reporter
Calling command: npm run programmatic-test --reporter=mocha-tap-reporter
STATE: "Tutorial.Level.TestRunning"
ROUTE: "Tutorial.Level.TestRunning": On level 10, step 10.1
---------------- TEST RESULTS -----------------
Test pass position: {"stepId":"10.1","levelId":"10","complete":false}
TEST_PASS
updateStepPosition: {"type":"TEST_PASS","payload":{"position":{"stepId":"10.1","levelId":"10","complete":true}},"source":"coderoad"})
EDITOR_STEP_COMPLETE
Calling command: git commit -am 'Save progress: 10.1'
STATE: "Tutorial.Level.StepNext"
ROUTE: "Tutorial.Level.StepNext": Completed level 10, step 10.1
EDITOR_LEVEL_COMPLETE
STATE: "Tutorial.Level.LevelComplete"
ROUTE: "Tutorial.Level.LevelComplete": Completed level 10, step 10.1
Commit saved: [main de759b52] Save progress: 10.1
 188 files changed, 288 insertions(+)
 mode change 100644 => 100755 .gitignore
 mode change 100644 => 100755 .vscode/settings.json
 mode change 100644 => 100755 freeCodeCamp/.bashrc
 mode change 100644 => 100755 freeCodeCamp/.mocharc.json
 mode change 100644 => 100755 freeCodeCamp/package-lock.json
 mode change 100644 => 100755 freeCodeCamp/package.json
 mode change 100644 => 100755 freeCodeCamp/reset_files/website/.gitignore
 mode change 100644 => 100755 freeCodeCamp/reset_files/website/CodeAlly.svg
 mode change 100644 => 100755 freeCodeCamp/reset_files/website/CodeRoad.svg
 mode change 100644 => 100755 freeCodeCamp/reset_files/website/footer.jpeg
 mode change 100644 => 100755 freeCodeCamp/reset_files/website/freeCodeCamp.svg
 mode change 100644 => 100755 freeCodeCamp/reset_files/website/header.png
 mode change 100644 => 100755 freeCodeCamp/reset_files/website/images/background.jpg
 mode change 100644 => 100755 freeCodeCamp/reset_files/website/index.html
 mode change 100644 => 100755 freeCodeCamp/reset_files/website/index.js
 mode change 100644 => 100755 freeCodeCamp/reset_files/website/lato.font
 mode change 100644 => 100755 freeCodeCamp/reset_files/website/menlo.font
 mode change 100644 => 100755 freeCodeCamp/reset_files/website/roboto.font
 mode change 100644 => 100755 freeCodeCamp/reset_files/website/styles.css
 mode change 100644 => 100755 freeCodeCamp/test/.cwd
 mode change 100644 => 100755 freeCodeCamp/test/.next_command
 mode change 100644 => 100755 freeCodeCamp/test/10.test.js
 mode change 100644 => 100755 freeCodeCamp/test/100.test.js
 mode change 100644 => 100755 freeCodeCamp/test/1000.test.js
 mode change 100644 => 100755 freeCodeCamp/test/1010.test.js
 mode change 100644 => 100755 freeCodeCamp/test/1020.test.js
 mode change 100644 => 100755 freeCodeCamp/test/1030.test.js
 mode change 100644 => 100755 freeCodeCamp/test/1040.test.js
 mode change 100644 => 100755 freeCodeCamp/test/1050.test.js
 mode change 100644 => 100755 freeCodeCamp/test/1055.test.js
 mode change 100644 => 100755 freeCodeCamp/test/1060.test.js
 mode change 100644 => 100755 freeCodeCamp/test/1065.test.js
 mode change 100644 => 100755 freeCodeCamp/test/1070.test.js
 mode change 100644 => 100755 freeCodeCamp/test/1080.test.js
 mode change 100644 => 100755 freeCodeCamp/test/1090.test.js
 mode change 100644 => 100755 freeCodeCamp/test/110.test.js
 mode change 100644 => 100755 freeCodeCamp/test/1100.test.js
 mode change 100644 => 100755 freeCodeCamp/test/1110.test.js
 mode change 100644 => 100755 freeCodeCamp/test/1120.test.js
 mode change 100644 => 100755 freeCodeCamp/test/1130.test.js
 mode change 100644 => 100755 freeCodeCamp/test/1135.test.js
 mode change 100644 => 100755 freeCodeCamp/test/1150.test.js
 mode change 100644 => 100755 freeCodeCamp/test/1170.test.js
 mode change 100644 => 100755 freeCodeCamp/test/1190.test.js
 mode change 100644 => 100755 freeCodeCamp/test/1195.test.js
 mode change 100644 => 100755 freeCodeCamp/test/120.test.js
 mode change 100644 => 100755 freeCodeCamp/test/1200.test.js
 mode change 100644 => 100755 freeCodeCamp/test/1210.test.js
 mode change 100644 => 100755 freeCodeCamp/test/1215.test.js
 mode change 100644 => 100755 freeCodeCamp/test/1220.test.js
 mode change 100644 => 100755 freeCodeCamp/test/1230.test.js
 mode change 100644 => 100755 freeCodeCamp/test/1240.test.js
 mode change 100644 => 100755 freeCodeCamp/test/1250.test.js
 mode change 100644 => 100755 freeCodeCamp/test/1260.test.js
 mode change 100644 => 100755 freeCodeCamp/test/1270.test.js
 mode change 100644 => 100755 freeCodeCamp/test/1275.test.js
 mode change 100644 => 100755 freeCodeCamp/test/1280.test.js
 mode change 100644 => 100755 freeCodeCamp/test/1290.test.js
 mode change 100644 => 100755 freeCodeCamp/test/130.test.js
 mode change 100644 => 100755 freeCodeCamp/test/1300.test.js
 mode change 100644 => 100755 freeCodeCamp/test/1310.test.js
 mode change 100644 => 100755 freeCodeCamp/test/1315.test.js
 mode change 100644 => 100755 freeCodeCamp/test/1320.test.js
 mode change 100644 => 100755 freeCodeCamp/test/1330.test.js
 mode change 100644 => 100755 freeCodeCamp/test/1340.test.js
 mode change 100644 => 100755 freeCodeCamp/test/1350.test.js
 mode change 100644 => 100755 freeCodeCamp/test/1360.test.js
 mode change 100644 => 100755 freeCodeCamp/test/1370.test.js
 mode change 100644 => 100755 freeCodeCamp/test/1380.test.js
 mode change 100644 => 100755 freeCodeCamp/test/1390.test.js
 mode change 100644 => 100755 freeCodeCamp/test/140.test.js
 mode change 100644 => 100755 freeCodeCamp/test/1400.test.js
 mode change 100644 => 100755 freeCodeCamp/test/1405.test.js
 mode change 100644 => 100755 freeCodeCamp/test/1410.test.js
 mode change 100644 => 100755 freeCodeCamp/test/1415.test.js
 mode change 100644 => 100755 freeCodeCamp/test/1420.test.js
 mode change 100644 => 100755 freeCodeCamp/test/1430.test.js
 mode change 100644 => 100755 freeCodeCamp/test/1440.test.js
 mode change 100644 => 100755 freeCodeCamp/test/1445.test.js
 mode change 100644 => 100755 freeCodeCamp/test/1450.test.js
 mode change 100644 => 100755 freeCodeCamp/test/1460.test.js
 mode change 100644 => 100755 freeCodeCamp/test/1470.test.js
 mode change 100644 => 100755 freeCodeCamp/test/1475.test.js
 mode change 100644 => 100755 freeCodeCamp/test/1480.test.js
 mode change 100644 => 100755 freeCodeCamp/test/1490.test.js
 mode change 100644 => 100755 freeCodeCamp/test/150.test.js
 mode change 100644 => 100755 freeCodeCamp/test/1500.test.js
 mode change 100644 => 100755 freeCodeCamp/test/1510.test.js
 mode change 100644 => 100755 freeCodeCamp/test/1520.test.js
 mode change 100644 => 100755 freeCodeCamp/test/1530.test.js
 mode change 100644 => 100755 freeCodeCamp/test/160.test.js
 mode change 100644 => 100755 freeCodeCamp/test/170.test.js
 mode change 100644 => 100755 freeCodeCamp/test/180.test.js
 mode change 100644 => 100755 freeCodeCamp/test/181.test.js
 mode change 100644 => 100755 freeCodeCamp/test/182.test.js
 mode change 100644 => 100755 freeCodeCamp/test/183.test.js
 mode change 100644 => 100755 freeCodeCamp/test/184.test.js
 mode change 100644 => 100755 freeCodeCamp/test/185.test.js
 mode change 100644 => 100755 freeCodeCamp/test/190.test.js
 mode change 100644 => 100755 freeCodeCamp/test/20.test.js
 mode change 100644 => 100755 freeCodeCamp/test/200.test.js
 mode change 100644 => 100755 freeCodeCamp/test/210.test.js
 mode change 100644 => 100755 freeCodeCamp/test/220.test.js
 mode change 100644 => 100755 freeCodeCamp/test/230.test.js
 mode change 100644 => 100755 freeCodeCamp/test/240.test.js
 mode change 100644 => 100755 freeCodeCamp/test/250.test.js
 mode change 100644 => 100755 freeCodeCamp/test/260.test.js
 mode change 100644 => 100755 freeCodeCamp/test/270.test.js
 mode change 100644 => 100755 freeCodeCamp/test/280.test.js
 mode change 100644 => 100755 freeCodeCamp/test/285.test.js
 mode change 100644 => 100755 freeCodeCamp/test/290.test.js
 mode change 100644 => 100755 freeCodeCamp/test/30.test.js
 mode change 100644 => 100755 freeCodeCamp/test/300.test.js
 mode change 100644 => 100755 freeCodeCamp/test/310.test.js
 mode change 100644 => 100755 freeCodeCamp/test/320.test.js
 mode change 100644 => 100755 freeCodeCamp/test/330.test.js
 mode change 100644 => 100755 freeCodeCamp/test/340.test.js
 mode change 100644 => 100755 freeCodeCamp/test/350.test.js
 mode change 100644 => 100755 freeCodeCamp/test/360.test.js
 mode change 100644 => 100755 freeCodeCamp/test/370.test.js
 mode change 100644 => 100755 freeCodeCamp/test/380.test.js
 mode change 100644 => 100755 freeCodeCamp/test/390.test.js
 mode change 100644 => 100755 freeCodeCamp/test/40.test.js
 mode change 100644 => 100755 freeCodeCamp/test/400.test.js
 mode change 100644 => 100755 freeCodeCamp/test/410.test.js
 mode change 100644 => 100755 freeCodeCamp/test/420.test.js
 mode change 100644 => 100755 freeCodeCamp/test/430.test.js
 mode change 100644 => 100755 freeCodeCamp/test/440.test.js
 mode change 100644 => 100755 freeCodeCamp/test/450.test.js
 mode change 100644 => 100755 freeCodeCamp/test/460.test.js
 mode change 100644 => 100755 freeCodeCamp/test/470.test.js
 mode change 100644 => 100755 freeCodeCamp/test/480.test.js
 mode change 100644 => 100755 freeCodeCamp/test/490.test.js
 mode change 100644 => 100755 freeCodeCamp/test/5.test.js
 mode change 100644 => 100755 freeCodeCamp/test/50.test.js
 mode change 100644 => 100755 freeCodeCamp/test/500.test.js
 mode change 100644 => 100755 freeCodeCamp/test/510.test.js
 mode change 100644 => 100755 freeCodeCamp/test/520.test.js
 mode change 100644 => 100755 freeCodeCamp/test/530.test.js
 mode change 100644 => 100755 freeCodeCamp/test/540.test.js
 mode change 100644 => 100755 freeCodeCamp/test/550.test.js
 mode change 100644 => 100755 freeCodeCamp/test/560.test.js
 mode change 100644 => 100755 freeCodeCamp/test/570.test.js
 mode change 100644 => 100755 freeCodeCamp/test/580.test.js
 mode change 100644 => 100755 freeCodeCamp/test/585.test.js
 mode change 100644 => 100755 freeCodeCamp/test/590.test.js
 mode change 100644 => 100755 freeCodeCamp/test/60.test.js
 mode change 100644 => 100755 freeCodeCamp/test/600.test.js
 mode change 100644 => 100755 freeCodeCamp/test/610.test.js
 mode change 100644 => 100755 freeCodeCamp/test/620.test.js
 mode change 100644 => 100755 freeCodeCamp/test/630.test.js
 mode change 100644 => 100755 freeCodeCamp/test/640.test.js
 mode change 100644 => 100755 freeCodeCamp/test/650.test.js
 mode change 100644 => 100755 freeCodeCamp/test/660.test.js
 mode change 100644 => 100755 freeCodeCamp/test/670.test.js
 mode change 100644 => 100755 freeCodeCamp/test/680.test.js
 mode change 100644 => 100755 freeCodeCamp/test/690.test.js
 mode change 100644 => 100755 freeCodeCamp/test/70.test.js
 mode change 100644 => 100755 freeCodeCamp/test/700.test.js
 mode change 100644 => 100755 freeCodeCamp/test/710.test.js
 mode change 100644 => 100755 freeCodeCamp/test/720.test.js
 mode change 100644 => 100755 freeCodeCamp/test/730.test.js
 mode change 100644 => 100755 freeCodeCamp/test/740.test.js
 mode change 100644 => 100755 freeCodeCamp/test/750.test.js
 mode change 100644 => 100755 freeCodeCamp/test/755.test.js
 mode change 100644 => 100755 freeCodeCamp/test/760.test.js
 mode change 100644 => 100755 freeCodeCamp/test/770.test.js
 mode change 100644 => 100755 freeCodeCamp/test/780.test.js
 mode change 100644 => 100755 freeCodeCamp/test/790.test.js
 mode change 100644 => 100755 freeCodeCamp/test/80.test.js
 mode change 100644 => 100755 freeCodeCamp/test/800.test.js
 mode change 100644 => 100755 freeCodeCamp/test/850.test.js
 mode change 100644 => 100755 freeCodeCamp/test/860.test.js
 mode change 100644 => 100755 freeCodeCamp/test/870.test.js
 mode change 100644 => 100755 freeCodeCamp/test/880.test.js
 mode change 100644 => 100755 freeCodeCamp/test/890.test.js
 mode change 100644 => 100755 freeCodeCamp/test/90.test.js
 mode change 100644 => 100755 freeCodeCamp/test/900.test.js
 mode change 100644 => 100755 freeCodeCamp/test/910.test.js
 mode change 100644 => 100755 freeCodeCamp/test/920.test.js
 mode change 100644 => 100755 freeCodeCamp/test/930.test.js
 mode change 100644 => 100755 freeCodeCamp/test/940.test.js
 mode change 100644 => 100755 freeCodeCamp/test/950.test.js
 mode change 100644 => 100755 freeCodeCamp/test/960.test.js
 mode change 100644 => 100755 freeCodeCamp/test/970.test.js
 mode change 100644 => 100755 freeCodeCamp/test/980.test.js
 mode change 100644 => 100755 freeCodeCamp/test/990.test.js
 mode change 100644 => 100755 freeCodeCamp/test/utils.js

EDITOR_SYNC_POSITION
EDITOR_LEVEL_ENTER
EDITOR_STEP_ENTER
STATE: "Tutorial.Level.Normal"
ROUTE: "Tutorial.Level.Normal": On level 20, step 20.1
Calling command: git log -n 1 --pretty=format:%s 492a440980004b2e514529dd1d5114dbd5ccca3d
Calling command: git log -g --grep='20.1'
------------------- RUN TEST -------------------
START_TEST
COMMAND: npm run programmatic-test --reporter=mocha-tap-reporter
Calling command: npm run programmatic-test --reporter=mocha-tap-reporter
STATE: "Tutorial.Level.TestRunning"
ROUTE: "Tutorial.Level.TestRunning": On level 20, step 20.1
---------------- TEST RESULTS -----------------
TEST_FAIL
STATE: "Tutorial.Level.Normal"
ROUTE: "Tutorial.Level.Normal": On level 20, step 20.1
------------------- RUN TEST -------------------
START_TEST
COMMAND: npm run programmatic-test --reporter=mocha-tap-reporter
Calling command: npm run programmatic-test --reporter=mocha-tap-reporter
STATE: "Tutorial.Level.TestRunning"
ROUTE: "Tutorial.Level.TestRunning": On level 20, step 20.1
---------------- TEST RESULTS -----------------
TEST_FAIL
STATE: "Tutorial.Level.Normal"
ROUTE: "Tutorial.Level.Normal": On level 20, step 20.1
------------------- RUN TEST -------------------
START_TEST
COMMAND: npm run programmatic-test --reporter=mocha-tap-reporter
Calling command: npm run programmatic-test --reporter=mocha-tap-reporter
STATE: "Tutorial.Level.TestRunning"
ROUTE: "Tutorial.Level.TestRunning": On level 20, step 20.1
---------------- TEST RESULTS -----------------
TEST_FAIL
STATE: "Tutorial.Level.Normal"
ROUTE: "Tutorial.Level.Normal": On level 20, step 20.1
EDITOR_RUN_TEST
------------------- RUN TEST -------------------
START_TEST
COMMAND: npm run programmatic-test --reporter=mocha-tap-reporter
Calling command: npm run programmatic-test --reporter=mocha-tap-reporter
STATE: "Tutorial.Level.Normal"
ROUTE: "Tutorial.Level.Normal": On level 20, step 20.1
STATE: "Tutorial.Level.TestRunning"
ROUTE: "Tutorial.Level.TestRunning": On level 20, step 20.1
---------------- TEST RESULTS -----------------
TEST_FAIL
STATE: "Tutorial.Level.Normal"
ROUTE: "Tutorial.Level.Normal": On level 20, step 20.1
------------------- RUN TEST -------------------
START_TEST
COMMAND: npm run programmatic-test --reporter=mocha-tap-reporter
Calling command: npm run programmatic-test --reporter=mocha-tap-reporter
STATE: "Tutorial.Level.TestRunning"
ROUTE: "Tutorial.Level.TestRunning": On level 20, step 20.1
---------------- TEST RESULTS -----------------
TEST_FAIL
STATE: "Tutorial.Level.Normal"
ROUTE: "Tutorial.Level.Normal": On level 20, step 20.1
