2025-01-27 02:19:19.459 [info] Log level: Info
2025-01-27 02:19:19.477 [info] VSCODE_MACHINE_ID: someValue.machineId
2025-01-27 02:19:19.477 [info] VSCODE_SESSION_ID: someValue.sessionId
2025-01-27 02:19:19.477 [info] VSCODE_VERSION: 1.96.3
2025-01-27 02:19:19.477 [info] VSCODE_APP_NAME: Gitpod Code
2025-01-27 02:19:19.477 [info] VSCODE_APP_HOST: Gitpod
2025-01-27 02:19:19.477 [info] VSCODE_UI_KIND: web
2025-01-27 02:19:19.477 [info] GITPOD_WORKSPACE_CONTEXT_URL: https://github.com/freeCodeCamp/learn-bash-by-building-a-boilerplate
2025-01-27 02:19:19.477 [info] GITPOD_INSTANCE_ID: bc960b32-0c07-44a2-bdef-038fe7a4787e
2025-01-27 02:19:19.477 [info] GITPOD_WORKSPACE_URL: https://freecodecam-learnbashby-0s6k38rg6br.ws-us117.gitpod.io
2025-01-27 02:19:19.483 [info] Gitpod Web 3953e81
2025-01-27 02:19:19.483 [info] Reading sessions from keychain...
2025-01-27 02:19:19.659 [info] Getting sessions for all scopes...
2025-01-27 02:19:19.659 [info] Getting sessions for all scopes...
2025-01-27 02:19:19.659 [info] Getting GitHub sessions for all scopes...
2025-01-27 02:19:19.659 [info] Getting sessions for function:accessCodeSyncStorage...
2025-01-27 02:19:19.659 [info] Got stored sessions!
2025-01-27 02:19:19.659 [info] Verified session with the following scopes: function:accessCodeSyncStorage function:closePort function:controlAdmission function:deleteEnvVar function:generateNewGitpodToken function:getDefaultWorkspaceImage function:getGitpodTokenScopes function:getIDToken function:getLoggedInUser function:getOpenPorts function:getSupportedWorkspaceClasses function:getTeams function:getToken function:getWorkspace function:getWorkspaceEnvVars function:getWorkspaceOwner function:getWorkspaceTimeout function:getWorkspaceUsers function:guessGitTokenScopes function:isWorkspaceOwner function:openPort function:sendHeartBeat function:setEnvVar function:setWorkspaceTimeout function:stopWorkspace function:takeSnapshot function:trackEvent function:updateGitStatus function:waitForSnapshot resource:contentBlob::*::create/get resource:envVar::*/**::update resource:envVar::*/*::update resource:envVar::freeCodeCamp/learn-bash-by-building-a-boilerplate::create/get/update/delete resource:gitpodToken::*::create resource:snapshot::ws-freecodecam-learnbashby-0s6k38rg6br::create resource:token::*::get resource:userStorage::*::create/get/update resource:workspace::freecodecam-learnbashby-0s6k38rg6br::get/update resource:workspaceInstance::bc960b32-0c07-44a2-bdef-038fe7a4787e::get/update/delete
2025-01-27 02:19:19.660 [info] Got 1 verified sessions.
2025-01-27 02:19:19.660 [info] Got 1 sessions for all scopes...
2025-01-27 02:19:19.660 [info] Got 1 sessions for all scopes...
2025-01-27 02:19:19.660 [info] Got 1 sessions for function:accessCodeSyncStorage...
2025-01-27 02:19:19.760 [info] Got 1 GitHub sessions for all scopes...
2025-01-27 02:19:19.918 [info] Getting GitHub sessions for all scopes...
2025-01-27 02:19:19.919 [info] Getting sessions for all scopes...
2025-01-27 02:19:19.919 [info] Got 1 GitHub sessions for all scopes...
2025-01-27 02:19:19.919 [info] Got 1 sessions for all scopes...
2025-01-27 02:19:19.961 [info] Getting GitHub sessions for all scopes...
2025-01-27 02:19:19.961 [info] Got 1 GitHub sessions for all scopes...
2025-01-27 02:19:20.487 [info] Getting GitHub sessions for read:user,repo,user:email,workflow...
2025-01-27 02:19:20.487 [info] Got 0 GitHub sessions for read:user,repo,user:email,workflow...
2025-01-27 02:19:21.314 [info] Getting GitHub sessions for project,read:org,read:user,repo,user:email,workflow...
2025-01-27 02:19:21.314 [info] Got 0 GitHub sessions for project,read:org,read:user,repo,user:email,workflow...
2025-01-27 02:19:21.783 [info] Getting GitHub sessions for read:user,repo,user:email,workflow...
2025-01-27 02:19:21.783 [info] Got 0 GitHub sessions for read:user,repo,user:email,workflow...
2025-01-27 02:19:22.253 [info] Getting GitHub sessions for read:user,repo,user:email...
2025-01-27 02:19:22.253 [info] Got 0 GitHub sessions for read:user,repo,user:email...
2025-01-27 02:19:22.724 [info] Getting GitHub sessions for read:user,repo,user:email,workflow...
2025-01-27 02:19:22.724 [info] Got 0 GitHub sessions for read:user,repo,user:email,workflow...
