2025-01-26 07:59:58.736 [info] [main] Log level: Info
2025-01-26 07:59:58.736 [info] [main] Validating found git in: "git"
2025-01-26 07:59:58.736 [info] [main] Using git "2.43.0" from "git"
2025-01-26 07:59:58.736 [info] [Model][doInitialScan] Initial repository scan started
2025-01-26 07:59:58.736 [info] > git rev-parse --show-toplevel [2ms]
2025-01-26 07:59:58.736 [info] > git rev-parse --git-dir --git-common-dir [2ms]
2025-01-26 07:59:58.736 [info] [Model][openRepository] Opened repository: /workspace/project
2025-01-26 07:59:58.736 [info] > git rev-parse --show-toplevel [9ms]
2025-01-26 07:59:58.736 [info] > git config --get commit.template [12ms]
2025-01-26 07:59:58.736 [info] > git for-each-ref --format=%(refname)%00%(upstream:short)%00%(objectname)%00%(upstream:track)%00%(upstream:remotename)%00%(upstream:remoteref) refs/heads/main refs/remotes/main [102ms]
2025-01-26 07:59:58.736 [info] > git rev-parse --show-toplevel [113ms]
2025-01-26 07:59:58.736 [info] > git status -z -uall [8ms]
2025-01-26 07:59:58.736 [info] > git rev-parse --show-toplevel [2ms]
2025-01-26 07:59:58.736 [info] [Model][doInitialScan] Initial repository scan completed - repositories (1), closed repositories (0), parent repositories (0), unsafe repositories (0)
2025-01-26 07:59:58.736 [info] > git for-each-ref --sort -committerdate --format %(refname) %(objectname) %(*objectname) [6ms]
2025-01-26 07:59:58.736 [info] > git for-each-ref --format=%(refname)%00%(upstream:short)%00%(objectname)%00%(upstream:track)%00%(upstream:remotename)%00%(upstream:remoteref) refs/heads/main refs/remotes/main [5ms]
2025-01-26 07:59:58.736 [info] > git config --get commit.template [4ms]
2025-01-26 07:59:58.736 [info] > git config --local branch.main.vscode-merge-base [28ms]
2025-01-26 07:59:58.736 [info] > git for-each-ref --format=%(refname)%00%(upstream:short)%00%(objectname)%00%(upstream:track)%00%(upstream:remotename)%00%(upstream:remoteref) refs/heads/main refs/remotes/main [5ms]
2025-01-26 07:59:58.736 [info] > git status -z -uall [5ms]
2025-01-26 07:59:58.736 [info] > git for-each-ref --format=%(refname)%00%(upstream:short)%00%(objectname)%00%(upstream:track)%00%(upstream:remotename)%00%(upstream:remoteref) refs/heads/origin/main refs/remotes/origin/main [9ms]
2025-01-26 07:59:58.736 [info] > git for-each-ref --sort -committerdate --format %(refname) %(objectname) %(*objectname) [6ms]
2025-01-26 07:59:59.242 [info] > git check-ignore -v -z --stdin [2ms]
2025-01-26 08:00:01.669 [info] > git config --local branch.main.github-pr-owner-number [2ms]
2025-01-26 08:00:01.669 [warning] [Git][config] git config failed: Failed to execute git
2025-01-26 08:00:01.674 [info] > git config --local branch.main.remote [2ms]
2025-01-26 08:00:01.674 [warning] [Git][config] git config failed: Failed to execute git
2025-01-26 08:00:01.679 [info] > git config --local branch.main.merge [1ms]
2025-01-26 08:00:01.679 [warning] [Git][config] git config failed: Failed to execute git
2025-01-26 08:01:56.692 [info] > git config --get commit.template [4ms]
2025-01-26 08:01:56.692 [info] > git for-each-ref --format=%(refname)%00%(upstream:short)%00%(objectname)%00%(upstream:track)%00%(upstream:remotename)%00%(upstream:remoteref) refs/heads/main refs/remotes/main [2ms]
2025-01-26 08:01:56.701 [info] > git status -z -uall [5ms]
2025-01-26 08:01:56.704 [info] > git for-each-ref --sort -committerdate --format %(refname) %(objectname) %(*objectname) [4ms]
2025-01-26 08:02:19.549 [info] > git config --get commit.template [4ms]
2025-01-26 08:02:19.551 [info] > git for-each-ref --format=%(refname)%00%(upstream:short)%00%(objectname)%00%(upstream:track)%00%(upstream:remotename)%00%(upstream:remoteref) refs/heads/main refs/remotes/main [1ms]
2025-01-26 08:02:19.558 [info] > git status -z -uall [4ms]
2025-01-26 08:02:19.560 [info] > git for-each-ref --sort -committerdate --format %(refname) %(objectname) %(*objectname) [3ms]
