2025-01-27 00:42:23.573 [info] Log level: Info
2025-01-27 00:42:23.595 [info] VSCODE_MACHINE_ID: someValue.machineId
2025-01-27 00:42:23.595 [info] VSCODE_SESSION_ID: someValue.sessionId
2025-01-27 00:42:23.595 [info] VSCODE_VERSION: 1.96.3
2025-01-27 00:42:23.595 [info] VSCODE_APP_NAME: Gitpod Code
2025-01-27 00:42:23.595 [info] VSCODE_APP_HOST: Gitpod
2025-01-27 00:42:23.595 [info] VSCODE_UI_KIND: web
2025-01-27 00:42:23.595 [info] GITPOD_WORKSPACE_CONTEXT_URL: https://github.com/freeCodeCamp/learn-bash-by-building-a-boilerplate
2025-01-27 00:42:23.596 [info] GITPOD_INSTANCE_ID: ad27a5cd-98b3-4b14-9a0f-56d3d3ec9df6
2025-01-27 00:42:23.596 [info] GITPOD_WORKSPACE_URL: https://freecodecam-learnbashby-0s6k38rg6br.ws-us117.gitpod.io
2025-01-27 00:42:23.606 [info] Gitpod Web 3953e81
2025-01-27 00:42:23.606 [info] Reading sessions from keychain...
2025-01-27 00:42:23.800 [info] Getting sessions for all scopes...
2025-01-27 00:42:23.800 [info] Getting sessions for all scopes...
2025-01-27 00:42:23.800 [info] Getting GitHub sessions for all scopes...
2025-01-27 00:42:23.800 [info] Got stored sessions!
2025-01-27 00:42:23.800 [info] Verified session with the following scopes: function:accessCodeSyncStorage function:closePort function:controlAdmission function:deleteEnvVar function:generateNewGitpodToken function:getDefaultWorkspaceImage function:getGitpodTokenScopes function:getIDToken function:getLoggedInUser function:getOpenPorts function:getSupportedWorkspaceClasses function:getTeams function:getToken function:getWorkspace function:getWorkspaceEnvVars function:getWorkspaceOwner function:getWorkspaceTimeout function:getWorkspaceUsers function:guessGitTokenScopes function:isWorkspaceOwner function:openPort function:sendHeartBeat function:setEnvVar function:setWorkspaceTimeout function:stopWorkspace function:takeSnapshot function:trackEvent function:updateGitStatus function:waitForSnapshot resource:contentBlob::*::create/get resource:envVar::*/**::update resource:envVar::*/*::update resource:envVar::freeCodeCamp/learn-bash-by-building-a-boilerplate::create/get/update/delete resource:gitpodToken::*::create resource:snapshot::ws-freecodecam-learnbashby-0s6k38rg6br::create resource:token::*::get resource:userStorage::*::create/get/update resource:workspace::freecodecam-learnbashby-0s6k38rg6br::get/update resource:workspaceInstance::ad27a5cd-98b3-4b14-9a0f-56d3d3ec9df6::get/update/delete
2025-01-27 00:42:23.801 [info] Got 1 verified sessions.
2025-01-27 00:42:23.801 [info] Got 1 sessions for all scopes...
2025-01-27 00:42:23.801 [info] Got 1 sessions for all scopes...
2025-01-27 00:42:24.271 [info] Got 1 GitHub sessions for all scopes...
2025-01-27 00:42:24.273 [info] Getting GitHub sessions for all scopes...
2025-01-27 00:42:24.273 [info] Getting sessions for all scopes...
2025-01-27 00:42:24.273 [info] Got 1 GitHub sessions for all scopes...
2025-01-27 00:42:24.274 [info] Got 1 sessions for all scopes...
2025-01-27 00:42:24.598 [info] Getting GitHub sessions for all scopes...
2025-01-27 00:42:24.598 [info] Got 1 GitHub sessions for all scopes...
2025-01-27 00:42:25.003 [info] Getting GitHub sessions for read:user,repo,user:email,workflow...
2025-01-27 00:42:25.004 [info] Got 0 GitHub sessions for read:user,repo,user:email,workflow...
2025-01-27 00:42:25.885 [info] Getting GitHub sessions for project,read:org,read:user,repo,user:email,workflow...
2025-01-27 00:42:25.885 [info] Got 0 GitHub sessions for project,read:org,read:user,repo,user:email,workflow...
2025-01-27 00:42:26.355 [info] Getting GitHub sessions for read:user,repo,user:email,workflow...
2025-01-27 00:42:26.355 [info] Got 0 GitHub sessions for read:user,repo,user:email,workflow...
2025-01-27 00:42:26.840 [info] Getting GitHub sessions for read:user,repo,user:email...
2025-01-27 00:42:26.840 [info] Got 0 GitHub sessions for read:user,repo,user:email...
2025-01-27 00:42:27.310 [info] Getting GitHub sessions for read:user,repo,user:email,workflow...
2025-01-27 00:42:27.310 [info] Got 0 GitHub sessions for read:user,repo,user:email,workflow...
