2025-01-26 07:59:58.008 [info] Log level: Info
2025-01-26 07:59:58.026 [info] VSCODE_MACHINE_ID: someValue.machineId
2025-01-26 07:59:58.026 [info] VSCODE_SESSION_ID: someValue.sessionId
2025-01-26 07:59:58.026 [info] VSCODE_VERSION: 1.96.3
2025-01-26 07:59:58.026 [info] VSCODE_APP_NAME: Gitpod Code
2025-01-26 07:59:58.026 [info] VSCODE_APP_HOST: Gitpod
2025-01-26 07:59:58.026 [info] VSCODE_UI_KIND: web
2025-01-26 07:59:58.026 [info] GITPOD_WORKSPACE_CONTEXT_URL: https://github.com/freeCodeCamp/learn-bash-by-building-a-boilerplate
2025-01-26 07:59:58.026 [info] GITPOD_INSTANCE_ID: b93770fc-6849-46b7-a2f2-c1b67144e101
2025-01-26 07:59:58.026 [info] GITPOD_WORKSPACE_URL: https://freecodecam-learnbashby-0s6k38rg6br.ws-us117.gitpod.io
2025-01-26 07:59:58.033 [info] Gitpod Web 3953e81
2025-01-26 07:59:58.033 [info] Reading sessions from keychain...
2025-01-26 07:59:58.221 [info] Getting sessions for all scopes...
2025-01-26 07:59:58.221 [info] Getting sessions for all scopes...
2025-01-26 07:59:58.221 [info] Getting GitHub sessions for all scopes...
2025-01-26 07:59:58.221 [info] Getting sessions for function:accessCodeSyncStorage...
2025-01-26 07:59:58.221 [info] Got stored sessions!
2025-01-26 07:59:58.221 [info] Verified session with the following scopes: function:accessCodeSyncStorage function:closePort function:controlAdmission function:deleteEnvVar function:generateNewGitpodToken function:getDefaultWorkspaceImage function:getGitpodTokenScopes function:getIDToken function:getLoggedInUser function:getOpenPorts function:getSupportedWorkspaceClasses function:getTeams function:getToken function:getWorkspace function:getWorkspaceEnvVars function:getWorkspaceOwner function:getWorkspaceTimeout function:getWorkspaceUsers function:guessGitTokenScopes function:isWorkspaceOwner function:openPort function:sendHeartBeat function:setEnvVar function:setWorkspaceTimeout function:stopWorkspace function:takeSnapshot function:trackEvent function:updateGitStatus function:waitForSnapshot resource:contentBlob::*::create/get resource:envVar::*/**::update resource:envVar::*/*::update resource:envVar::freeCodeCamp/learn-bash-by-building-a-boilerplate::create/get/update/delete resource:gitpodToken::*::create resource:snapshot::ws-freecodecam-learnbashby-0s6k38rg6br::create resource:token::*::get resource:userStorage::*::create/get/update resource:workspace::freecodecam-learnbashby-0s6k38rg6br::get/update resource:workspaceInstance::b93770fc-6849-46b7-a2f2-c1b67144e101::get/update/delete
2025-01-26 07:59:58.222 [info] Got 1 verified sessions.
2025-01-26 07:59:58.222 [info] Got 1 sessions for all scopes...
2025-01-26 07:59:58.222 [info] Got 1 sessions for all scopes...
2025-01-26 07:59:58.222 [info] Got 1 sessions for function:accessCodeSyncStorage...
2025-01-26 07:59:58.309 [info] Got 1 GitHub sessions for all scopes...
2025-01-26 07:59:58.473 [info] Getting GitHub sessions for all scopes...
2025-01-26 07:59:58.473 [info] Getting sessions for all scopes...
2025-01-26 07:59:58.473 [info] Got 1 GitHub sessions for all scopes...
2025-01-26 07:59:58.473 [info] Got 1 sessions for all scopes...
2025-01-26 07:59:58.498 [info] Getting GitHub sessions for all scopes...
2025-01-26 07:59:58.498 [info] Got 1 GitHub sessions for all scopes...
2025-01-26 07:59:59.082 [info] Getting GitHub sessions for read:user,repo,user:email,workflow...
2025-01-26 07:59:59.082 [info] Got 0 GitHub sessions for read:user,repo,user:email,workflow...
2025-01-26 07:59:59.852 [info] Getting GitHub sessions for project,read:org,read:user,repo,user:email,workflow...
2025-01-26 07:59:59.852 [info] Got 0 GitHub sessions for project,read:org,read:user,repo,user:email,workflow...
2025-01-26 08:00:00.329 [info] Getting GitHub sessions for read:user,repo,user:email,workflow...
2025-01-26 08:00:00.329 [info] Got 0 GitHub sessions for read:user,repo,user:email,workflow...
2025-01-26 08:00:00.816 [info] Getting GitHub sessions for read:user,repo,user:email...
2025-01-26 08:00:00.816 [info] Got 0 GitHub sessions for read:user,repo,user:email...
2025-01-26 08:00:01.300 [info] Getting GitHub sessions for read:user,repo,user:email,workflow...
2025-01-26 08:00:01.300 [info] Got 0 GitHub sessions for read:user,repo,user:email,workflow...
