2025-01-27 00:49:15.429 [info] [main] Log level: Info
2025-01-27 00:49:15.429 [info] [main] Validating found git in: "git"
2025-01-27 00:49:15.429 [info] [main] Using git "2.43.0" from "git"
2025-01-27 00:49:15.429 [info] [Model][doInitialScan] Initial repository scan started
2025-01-27 00:49:15.429 [info] > git rev-parse --show-toplevel [2ms]
2025-01-27 00:49:15.429 [info] > git rev-parse --git-dir --git-common-dir [2ms]
2025-01-27 00:49:15.429 [info] [Model][openRepository] Opened repository: /workspace/project
2025-01-27 00:49:15.429 [info] > git config --get commit.template [3ms]
2025-01-27 00:49:15.429 [info] > git rev-parse --show-toplevel [116ms]
2025-01-27 00:49:15.429 [info] > git for-each-ref --format=%(refname)%00%(upstream:short)%00%(objectname)%00%(upstream:track)%00%(upstream:remotename)%00%(upstream:remoteref) refs/heads/main refs/remotes/main [5ms]
2025-01-27 00:49:15.429 [info] > git status -z -uall [5ms]
2025-01-27 00:49:15.429 [info] > git rev-parse --show-toplevel [10ms]
2025-01-27 00:49:15.429 [info] > git for-each-ref --sort -committerdate --format %(refname) %(objectname) %(*objectname) [7ms]
2025-01-27 00:49:15.429 [info] > git for-each-ref --format=%(refname)%00%(upstream:short)%00%(objectname)%00%(upstream:track)%00%(upstream:remotename)%00%(upstream:remoteref) refs/heads/main refs/remotes/main [29ms]
2025-01-27 00:49:15.429 [info] > git rev-parse --show-toplevel [44ms]
2025-01-27 00:49:15.429 [info] [Model][doInitialScan] Initial repository scan completed - repositories (1), closed repositories (0), parent repositories (0), unsafe repositories (0)
2025-01-27 00:49:15.429 [info] > git config --get commit.template [5ms]
2025-01-27 00:49:15.429 [info] > git config --local branch.main.vscode-merge-base [2ms]
2025-01-27 00:49:15.429 [info] > git for-each-ref --format=%(refname)%00%(upstream:short)%00%(objectname)%00%(upstream:track)%00%(upstream:remotename)%00%(upstream:remoteref) refs/heads/origin/main refs/remotes/origin/main [5ms]
2025-01-27 00:49:15.429 [info] > git for-each-ref --format=%(refname)%00%(upstream:short)%00%(objectname)%00%(upstream:track)%00%(upstream:remotename)%00%(upstream:remoteref) refs/heads/main refs/remotes/main [4ms]
2025-01-27 00:49:15.429 [info] > git status -z -uall [4ms]
2025-01-27 00:49:15.429 [info] > git for-each-ref --sort -committerdate --format %(refname) %(objectname) %(*objectname) [3ms]
2025-01-27 00:49:15.936 [info] > git check-ignore -v -z --stdin [1ms]
2025-01-27 00:49:16.434 [info] > git config --get commit.template [4ms]
2025-01-27 00:49:16.435 [info] > git for-each-ref --format=%(refname)%00%(upstream:short)%00%(objectname)%00%(upstream:track)%00%(upstream:remotename)%00%(upstream:remoteref) refs/heads/main refs/remotes/main [1ms]
2025-01-27 00:49:16.441 [info] > git status -z -uall [3ms]
2025-01-27 00:49:16.444 [info] > git for-each-ref --sort -committerdate --format %(refname) %(objectname) %(*objectname) [3ms]
2025-01-27 00:49:18.251 [info] > git config --local branch.main.github-pr-owner-number [2ms]
2025-01-27 00:49:18.251 [warning] [Git][config] git config failed: Failed to execute git
2025-01-27 00:49:18.256 [info] > git config --local branch.main.remote [1ms]
2025-01-27 00:49:18.256 [warning] [Git][config] git config failed: Failed to execute git
2025-01-27 00:49:18.260 [info] > git config --local branch.main.merge [2ms]
2025-01-27 00:49:18.260 [warning] [Git][config] git config failed: Failed to execute git
2025-01-27 00:52:16.069 [info] > git config --get commit.template [4ms]
2025-01-27 00:52:16.070 [info] > git for-each-ref --format=%(refname)%00%(upstream:short)%00%(objectname)%00%(upstream:track)%00%(upstream:remotename)%00%(upstream:remoteref) refs/heads/main refs/remotes/main [2ms]
2025-01-27 00:52:16.077 [info] > git status -z -uall [4ms]
2025-01-27 00:52:16.080 [info] > git for-each-ref --sort -committerdate --format %(refname) %(objectname) %(*objectname) [3ms]
2025-01-27 00:53:20.888 [info] > git config --get commit.template [4ms]
2025-01-27 00:53:20.890 [info] > git for-each-ref --format=%(refname)%00%(upstream:short)%00%(objectname)%00%(upstream:track)%00%(upstream:remotename)%00%(upstream:remoteref) refs/heads/main refs/remotes/main [3ms]
2025-01-27 00:53:20.897 [info] > git status -z -uall [4ms]
2025-01-27 00:53:20.900 [info] > git for-each-ref --sort -committerdate --format %(refname) %(objectname) %(*objectname) [3ms]
2025-01-27 00:53:35.113 [info] > git config --get commit.template [4ms]
2025-01-27 00:53:35.115 [info] > git for-each-ref --format=%(refname)%00%(upstream:short)%00%(objectname)%00%(upstream:track)%00%(upstream:remotename)%00%(upstream:remoteref) refs/heads/main refs/remotes/main [2ms]
2025-01-27 00:53:35.122 [info] > git status -z -uall [4ms]
2025-01-27 00:53:35.125 [info] > git for-each-ref --sort -committerdate --format %(refname) %(objectname) %(*objectname) [4ms]
2025-01-27 00:53:48.019 [info] > git config --get commit.template [3ms]
2025-01-27 00:53:48.020 [info] > git for-each-ref --format=%(refname)%00%(upstream:short)%00%(objectname)%00%(upstream:track)%00%(upstream:remotename)%00%(upstream:remoteref) refs/heads/main refs/remotes/main [2ms]
2025-01-27 00:53:48.026 [info] > git status -z -uall [3ms]
2025-01-27 00:53:48.029 [info] > git for-each-ref --sort -committerdate --format %(refname) %(objectname) %(*objectname) [3ms]
2025-01-27 00:55:01.271 [info] > git config --get commit.template [4ms]
2025-01-27 00:55:01.272 [info] > git for-each-ref --format=%(refname)%00%(upstream:short)%00%(objectname)%00%(upstream:track)%00%(upstream:remotename)%00%(upstream:remoteref) refs/heads/main refs/remotes/main [1ms]
2025-01-27 00:55:01.279 [info] > git status -z -uall [4ms]
2025-01-27 00:55:01.281 [info] > git for-each-ref --sort -committerdate --format %(refname) %(objectname) %(*objectname) [3ms]
2025-01-27 00:55:10.411 [info] > git config --get commit.template [1ms]
2025-01-27 00:55:10.417 [info] > git for-each-ref --format=%(refname)%00%(upstream:short)%00%(objectname)%00%(upstream:track)%00%(upstream:remotename)%00%(upstream:remoteref) refs/heads/main refs/remotes/main [2ms]
2025-01-27 00:55:10.424 [info] > git status -z -uall [4ms]
2025-01-27 00:55:10.427 [info] > git for-each-ref --sort -committerdate --format %(refname) %(objectname) %(*objectname) [3ms]
2025-01-27 00:55:10.603 [info] > git config --local branch.main.github-pr-owner-number [2ms]
2025-01-27 00:55:10.603 [warning] [Git][config] git config failed: Failed to execute git
2025-01-27 00:55:10.608 [info] > git config --local branch.main.remote [2ms]
2025-01-27 00:55:10.608 [warning] [Git][config] git config failed: Failed to execute git
2025-01-27 00:55:10.613 [info] > git config --local branch.main.merge [1ms]
2025-01-27 00:55:10.613 [warning] [Git][config] git config failed: Failed to execute git
2025-01-27 01:00:28.660 [info] > git config --get commit.template [4ms]
2025-01-27 01:00:28.661 [info] > git for-each-ref --format=%(refname)%00%(upstream:short)%00%(objectname)%00%(upstream:track)%00%(upstream:remotename)%00%(upstream:remoteref) refs/heads/main refs/remotes/main [2ms]
2025-01-27 01:00:28.669 [info] > git status -z -uall [4ms]
2025-01-27 01:00:28.672 [info] > git for-each-ref --sort -committerdate --format %(refname) %(objectname) %(*objectname) [3ms]
2025-01-27 01:00:29.716 [info] > git config --get commit.template [3ms]
2025-01-27 01:00:29.718 [info] > git for-each-ref --format=%(refname)%00%(upstream:short)%00%(objectname)%00%(upstream:track)%00%(upstream:remotename)%00%(upstream:remoteref) refs/heads/main refs/remotes/main [2ms]
2025-01-27 01:00:29.725 [info] > git status -z -uall [4ms]
2025-01-27 01:00:29.728 [info] > git for-each-ref --sort -committerdate --format %(refname) %(objectname) %(*objectname) [3ms]
2025-01-27 01:00:39.015 [info] > git config --get commit.template [4ms]
2025-01-27 01:00:39.016 [info] > git for-each-ref --format=%(refname)%00%(upstream:short)%00%(objectname)%00%(upstream:track)%00%(upstream:remotename)%00%(upstream:remoteref) refs/heads/main refs/remotes/main [1ms]
2025-01-27 01:00:39.023 [info] > git status -z -uall [4ms]
2025-01-27 01:00:39.027 [info] > git for-each-ref --sort -committerdate --format %(refname) %(objectname) %(*objectname) [3ms]
2025-01-27 01:01:25.081 [info] > git config --get commit.template [4ms]
2025-01-27 01:01:25.082 [info] > git for-each-ref --format=%(refname)%00%(upstream:short)%00%(objectname)%00%(upstream:track)%00%(upstream:remotename)%00%(upstream:remoteref) refs/heads/main refs/remotes/main [2ms]
2025-01-27 01:01:25.089 [info] > git status -z -uall [4ms]
2025-01-27 01:01:25.092 [info] > git for-each-ref --sort -committerdate --format %(refname) %(objectname) %(*objectname) [3ms]
2025-01-27 01:01:26.102 [info] > git config --get commit.template [4ms]
2025-01-27 01:01:26.103 [info] > git for-each-ref --format=%(refname)%00%(upstream:short)%00%(objectname)%00%(upstream:track)%00%(upstream:remotename)%00%(upstream:remoteref) refs/heads/main refs/remotes/main [2ms]
2025-01-27 01:01:26.109 [info] > git status -z -uall [3ms]
2025-01-27 01:01:26.112 [info] > git for-each-ref --sort -committerdate --format %(refname) %(objectname) %(*objectname) [3ms]
2025-01-27 01:01:58.339 [info] > git config --get commit.template [6ms]
2025-01-27 01:01:58.341 [info] > git for-each-ref --format=%(refname)%00%(upstream:short)%00%(objectname)%00%(upstream:track)%00%(upstream:remotename)%00%(upstream:remoteref) refs/heads/main refs/remotes/main [2ms]
2025-01-27 01:01:58.348 [info] > git status -z -uall [3ms]
2025-01-27 01:01:58.351 [info] > git for-each-ref --sort -committerdate --format %(refname) %(objectname) %(*objectname) [3ms]
2025-01-27 01:02:37.569 [info] > git config --get commit.template [4ms]
2025-01-27 01:02:37.570 [info] > git for-each-ref --format=%(refname)%00%(upstream:short)%00%(objectname)%00%(upstream:track)%00%(upstream:remotename)%00%(upstream:remoteref) refs/heads/main refs/remotes/main [2ms]
2025-01-27 01:02:37.576 [info] > git status -z -uall [3ms]
2025-01-27 01:02:37.579 [info] > git for-each-ref --sort -committerdate --format %(refname) %(objectname) %(*objectname) [3ms]
2025-01-27 01:02:38.615 [info] > git config --get commit.template [4ms]
2025-01-27 01:02:38.616 [info] > git for-each-ref --format=%(refname)%00%(upstream:short)%00%(objectname)%00%(upstream:track)%00%(upstream:remotename)%00%(upstream:remoteref) refs/heads/main refs/remotes/main [1ms]
2025-01-27 01:02:38.625 [info] > git status -z -uall [5ms]
2025-01-27 01:02:38.626 [info] > git for-each-ref --sort -committerdate --format %(refname) %(objectname) %(*objectname) [2ms]
