2025-01-26 06:55:33.609 [info] Log level: Info
2025-01-26 06:55:33.609 [info] VSCODE_MACHINE_ID: someValue.machineId
2025-01-26 06:55:33.609 [info] VSCODE_SESSION_ID: someValue.sessionId
2025-01-26 06:55:33.609 [info] VSCODE_VERSION: 1.96.3
2025-01-26 06:55:33.609 [info] VSCODE_APP_NAME: Gitpod Code
2025-01-26 06:55:33.609 [info] VSCODE_APP_HOST: Gitpod
2025-01-26 06:55:33.609 [info] VSCODE_UI_KIND: web
2025-01-26 06:55:33.609 [info] GITPOD_WORKSPACE_CONTEXT_URL: https://github.com/freeCodeCamp/learn-bash-by-building-a-boilerplate
2025-01-26 06:55:33.609 [info] GITPOD_INSTANCE_ID: eae79bf3-0fa7-4b4b-881e-66719319c22c
2025-01-26 06:55:33.609 [info] GITPOD_WORKSPACE_URL: https://freecodecam-learnbashby-0s6k38rg6br.ws-us117.gitpod.io
2025-01-26 06:55:33.609 [info] Gitpod Web 3953e81
2025-01-26 06:55:33.609 [info] Reading sessions from keychain...
2025-01-26 06:55:33.820 [info] Getting sessions for all scopes...
2025-01-26 06:55:33.820 [info] Getting sessions for all scopes...
2025-01-26 06:55:33.820 [info] Getting GitHub sessions for all scopes...
2025-01-26 06:55:33.820 [info] Getting sessions for function:accessCodeSyncStorage...
2025-01-26 06:55:33.821 [info] Got stored sessions!
2025-01-26 06:55:33.821 [info] Verified session with the following scopes: function:accessCodeSyncStorage function:closePort function:controlAdmission function:deleteEnvVar function:generateNewGitpodToken function:getDefaultWorkspaceImage function:getGitpodTokenScopes function:getIDToken function:getLoggedInUser function:getOpenPorts function:getSupportedWorkspaceClasses function:getTeams function:getToken function:getWorkspace function:getWorkspaceEnvVars function:getWorkspaceOwner function:getWorkspaceTimeout function:getWorkspaceUsers function:guessGitTokenScopes function:isWorkspaceOwner function:openPort function:sendHeartBeat function:setEnvVar function:setWorkspaceTimeout function:stopWorkspace function:takeSnapshot function:trackEvent function:updateGitStatus function:waitForSnapshot resource:contentBlob::*::create/get resource:envVar::*/**::update resource:envVar::*/*::update resource:envVar::freeCodeCamp/learn-bash-by-building-a-boilerplate::create/get/update/delete resource:gitpodToken::*::create resource:snapshot::ws-freecodecam-learnbashby-0s6k38rg6br::create resource:token::*::get resource:userStorage::*::create/get/update resource:workspace::freecodecam-learnbashby-0s6k38rg6br::get/update resource:workspaceInstance::eae79bf3-0fa7-4b4b-881e-66719319c22c::get/update/delete
2025-01-26 06:55:33.821 [info] Got 1 verified sessions.
2025-01-26 06:55:33.821 [info] Got 1 sessions for all scopes...
2025-01-26 06:55:33.821 [info] Got 1 sessions for all scopes...
2025-01-26 06:55:33.821 [info] Got 1 sessions for function:accessCodeSyncStorage...
2025-01-26 06:55:33.943 [info] Got 1 GitHub sessions for all scopes...
2025-01-26 06:55:34.119 [info] Getting GitHub sessions for all scopes...
2025-01-26 06:55:34.119 [info] Getting sessions for all scopes...
2025-01-26 06:55:34.119 [info] Got 1 GitHub sessions for all scopes...
2025-01-26 06:55:34.119 [info] Got 1 sessions for all scopes...
2025-01-26 06:55:34.254 [info] Getting GitHub sessions for all scopes...
2025-01-26 06:55:34.254 [info] Got 1 GitHub sessions for all scopes...
2025-01-26 06:55:34.432 [info] Getting GitHub sessions for read:user,repo,user:email,workflow...
2025-01-26 06:55:34.432 [info] Got 0 GitHub sessions for read:user,repo,user:email,workflow...
2025-01-26 06:55:34.606 [info] Getting sessions for all scopes...
2025-01-26 06:55:34.606 [info] Getting GitHub sessions for all scopes...
2025-01-26 06:55:34.606 [info] Got 1 sessions for all scopes...
2025-01-26 06:55:34.606 [info] Got 1 GitHub sessions for all scopes...
2025-01-26 06:55:35.210 [info] Getting GitHub sessions for project,read:org,read:user,repo,user:email,workflow...
2025-01-26 06:55:35.210 [info] Got 0 GitHub sessions for project,read:org,read:user,repo,user:email,workflow...
2025-01-26 06:55:35.766 [info] Getting GitHub sessions for read:user,repo,user:email,workflow...
2025-01-26 06:55:35.766 [info] Got 0 GitHub sessions for read:user,repo,user:email,workflow...
2025-01-26 06:55:36.240 [info] Getting GitHub sessions for read:user,repo,user:email...
2025-01-26 06:55:36.240 [info] Got 0 GitHub sessions for read:user,repo,user:email...
2025-01-26 06:55:36.712 [info] Getting GitHub sessions for read:user,repo,user:email,workflow...
2025-01-26 06:55:36.712 [info] Got 0 GitHub sessions for read:user,repo,user:email,workflow...
