2025-02-01 06:01:15.257 [info] [main] Log level: Info
2025-02-01 06:01:15.257 [info] [main] Validating found git in: "git"
2025-02-01 06:01:15.257 [info] [main] Using git "2.43.0" from "git"
2025-02-01 06:01:15.257 [info] [Model][doInitialScan] Initial repository scan started
2025-02-01 06:01:15.257 [info] > git rev-parse --show-toplevel [2ms]
2025-02-01 06:01:15.257 [info] > git rev-parse --git-dir --git-common-dir [1ms]
2025-02-01 06:01:15.257 [info] [Model][openRepository] Opened repository: /workspace/project
2025-02-01 06:01:15.257 [info] > git rev-parse --show-toplevel [5ms]
2025-02-01 06:01:15.257 [info] > git for-each-ref --format=%(refname)%00%(upstream:short)%00%(objectname)%00%(upstream:track)%00%(upstream:remotename)%00%(upstream:remoteref) refs/heads/main refs/remotes/main [5ms]
2025-02-01 06:01:15.257 [info] > git status -z -uall [119ms]
2025-02-01 06:01:15.257 [info] > git rev-parse --show-toplevel [124ms]
2025-02-01 06:01:15.257 [info] > git for-each-ref --sort -committerdate --format %(refname) %(objectname) %(*objectname) [123ms]
2025-02-01 06:01:15.257 [info] > git for-each-ref --format=%(refname)%00%(upstream:short)%00%(objectname)%00%(upstream:track)%00%(upstream:remotename)%00%(upstream:remoteref) refs/heads/main refs/remotes/main [4ms]
2025-02-01 06:01:15.257 [info] > git rev-parse --show-toplevel [22ms]
2025-02-01 06:01:15.257 [info] [Model][doInitialScan] Initial repository scan completed - repositories (1), closed repositories (0), parent repositories (0), unsafe repositories (0)
2025-02-01 06:01:15.257 [info] > git config --local branch.main.vscode-merge-base [6ms]
2025-02-01 06:01:15.257 [info] > git for-each-ref --format=%(refname)%00%(upstream:short)%00%(objectname)%00%(upstream:track)%00%(upstream:remotename)%00%(upstream:remoteref) refs/heads/main refs/remotes/main [6ms]
2025-02-01 06:01:15.257 [info] > git status -z -uall [5ms]
2025-02-01 06:01:15.257 [info] > git for-each-ref --format=%(refname)%00%(upstream:short)%00%(objectname)%00%(upstream:track)%00%(upstream:remotename)%00%(upstream:remoteref) refs/heads/origin/main refs/remotes/origin/main [9ms]
2025-02-01 06:01:15.257 [info] > git for-each-ref --sort -committerdate --format %(refname) %(objectname) %(*objectname) [5ms]
2025-02-01 06:01:15.912 [info] > git check-ignore -v -z --stdin [149ms]
2025-02-01 06:01:18.635 [info] > git config --local branch.main.github-pr-owner-number [2ms]
2025-02-01 06:01:18.635 [warning] [Git][config] git config failed: Failed to execute git
2025-02-01 06:01:18.641 [info] > git config --local branch.main.remote [1ms]
2025-02-01 06:01:18.641 [warning] [Git][config] git config failed: Failed to execute git
2025-02-01 06:01:18.646 [info] > git config --local branch.main.merge [1ms]
2025-02-01 06:01:18.646 [warning] [Git][config] git config failed: Failed to execute git
2025-02-01 06:01:27.728 [info] > git for-each-ref --format=%(refname)%00%(upstream:short)%00%(objectname)%00%(upstream:track)%00%(upstream:remotename)%00%(upstream:remoteref) refs/heads/main refs/remotes/main [1ms]
2025-02-01 06:01:27.735 [info] > git status -z -uall [4ms]
2025-02-01 06:01:27.737 [info] > git for-each-ref --sort -committerdate --format %(refname) %(objectname) %(*objectname) [3ms]
2025-02-01 06:01:28.855 [info] > git check-ignore -v -z --stdin [2ms]
2025-02-01 06:01:32.747 [info] > git for-each-ref --format=%(refname)%00%(upstream:short)%00%(objectname)%00%(upstream:track)%00%(upstream:remotename)%00%(upstream:remoteref) refs/heads/main refs/remotes/main [2ms]
2025-02-01 06:01:32.754 [info] > git status -z -uall [4ms]
2025-02-01 06:01:32.757 [info] > git for-each-ref --sort -committerdate --format %(refname) %(objectname) %(*objectname) [3ms]
2025-02-01 06:01:54.167 [info] > git for-each-ref --format=%(refname)%00%(upstream:short)%00%(objectname)%00%(upstream:track)%00%(upstream:remotename)%00%(upstream:remoteref) refs/heads/main refs/remotes/main [2ms]
2025-02-01 06:01:54.177 [info] > git status -z -uall [5ms]
2025-02-01 06:01:54.179 [info] > git for-each-ref --sort -committerdate --format %(refname) %(objectname) %(*objectname) [3ms]
2025-02-01 06:01:59.190 [info] > git for-each-ref --format=%(refname)%00%(upstream:short)%00%(objectname)%00%(upstream:track)%00%(upstream:remotename)%00%(upstream:remoteref) refs/heads/main refs/remotes/main [1ms]
2025-02-01 06:01:59.198 [info] > git status -z -uall [4ms]
2025-02-01 06:01:59.201 [info] > git for-each-ref --sort -committerdate --format %(refname) %(objectname) %(*objectname) [3ms]
2025-02-01 06:02:28.921 [info] > git for-each-ref --format=%(refname)%00%(upstream:short)%00%(objectname)%00%(upstream:track)%00%(upstream:remotename)%00%(upstream:remoteref) refs/heads/main refs/remotes/main [2ms]
2025-02-01 06:02:28.929 [info] > git status -z -uall [4ms]
2025-02-01 06:02:28.931 [info] > git for-each-ref --sort -committerdate --format %(refname) %(objectname) %(*objectname) [3ms]
2025-02-01 06:02:36.521 [info] > git for-each-ref --format=%(refname)%00%(upstream:short)%00%(objectname)%00%(upstream:track)%00%(upstream:remotename)%00%(upstream:remoteref) refs/heads/main refs/remotes/main [2ms]
2025-02-01 06:02:36.528 [info] > git status -z -uall [4ms]
2025-02-01 06:02:36.531 [info] > git for-each-ref --sort -committerdate --format %(refname) %(objectname) %(*objectname) [2ms]
2025-02-01 06:02:43.199 [info] > git for-each-ref --format=%(refname)%00%(upstream:short)%00%(objectname)%00%(upstream:track)%00%(upstream:remotename)%00%(upstream:remoteref) refs/heads/main refs/remotes/main [2ms]
2025-02-01 06:02:43.207 [info] > git status -z -uall [4ms]
2025-02-01 06:02:43.210 [info] > git for-each-ref --sort -committerdate --format %(refname) %(objectname) %(*objectname) [3ms]
2025-02-01 06:02:48.284 [info] > git for-each-ref --format=%(refname)%00%(upstream:short)%00%(objectname)%00%(upstream:track)%00%(upstream:remotename)%00%(upstream:remoteref) refs/heads/main refs/remotes/main [2ms]
2025-02-01 06:02:48.291 [info] > git status -z -uall [4ms]
2025-02-01 06:02:48.294 [info] > git for-each-ref --sort -committerdate --format %(refname) %(objectname) %(*objectname) [3ms]
2025-02-01 06:03:02.790 [info] > git for-each-ref --format=%(refname)%00%(upstream:short)%00%(objectname)%00%(upstream:track)%00%(upstream:remotename)%00%(upstream:remoteref) refs/heads/main refs/remotes/main [2ms]
2025-02-01 06:03:02.797 [info] > git status -z -uall [4ms]
2025-02-01 06:03:02.800 [info] > git for-each-ref --sort -committerdate --format %(refname) %(objectname) %(*objectname) [3ms]
2025-02-01 06:03:07.808 [info] > git for-each-ref --format=%(refname)%00%(upstream:short)%00%(objectname)%00%(upstream:track)%00%(upstream:remotename)%00%(upstream:remoteref) refs/heads/main refs/remotes/main [2ms]
2025-02-01 06:03:07.816 [info] > git status -z -uall [4ms]
2025-02-01 06:03:07.819 [info] > git for-each-ref --sort -committerdate --format %(refname) %(objectname) %(*objectname) [3ms]
2025-02-01 06:03:31.350 [info] > git for-each-ref --format=%(refname)%00%(upstream:short)%00%(objectname)%00%(upstream:track)%00%(upstream:remotename)%00%(upstream:remoteref) refs/heads/main refs/remotes/main [2ms]
2025-02-01 06:03:31.357 [info] > git status -z -uall [4ms]
2025-02-01 06:03:31.360 [info] > git for-each-ref --sort -committerdate --format %(refname) %(objectname) %(*objectname) [3ms]
2025-02-01 06:03:36.434 [info] > git for-each-ref --format=%(refname)%00%(upstream:short)%00%(objectname)%00%(upstream:track)%00%(upstream:remotename)%00%(upstream:remoteref) refs/heads/main refs/remotes/main [2ms]
2025-02-01 06:03:36.442 [info] > git status -z -uall [4ms]
2025-02-01 06:03:36.444 [info] > git for-each-ref --sort -committerdate --format %(refname) %(objectname) %(*objectname) [3ms]
2025-02-01 06:03:42.757 [info] > git for-each-ref --format=%(refname)%00%(upstream:short)%00%(objectname)%00%(upstream:track)%00%(upstream:remotename)%00%(upstream:remoteref) refs/heads/main refs/remotes/main [2ms]
2025-02-01 06:03:42.765 [info] > git status -z -uall [4ms]
2025-02-01 06:03:42.768 [info] > git for-each-ref --sort -committerdate --format %(refname) %(objectname) %(*objectname) [3ms]
2025-02-01 06:03:48.345 [info] > git for-each-ref --format=%(refname)%00%(upstream:short)%00%(objectname)%00%(upstream:track)%00%(upstream:remotename)%00%(upstream:remoteref) refs/heads/main refs/remotes/main [2ms]
2025-02-01 06:03:48.354 [info] > git status -z -uall [5ms]
2025-02-01 06:03:48.357 [info] > git for-each-ref --sort -committerdate --format %(refname) %(objectname) %(*objectname) [4ms]
2025-02-01 06:04:05.994 [info] > git for-each-ref --format=%(refname)%00%(upstream:short)%00%(objectname)%00%(upstream:track)%00%(upstream:remotename)%00%(upstream:remoteref) refs/heads/main refs/remotes/main [2ms]
2025-02-01 06:04:06.002 [info] > git status -z -uall [4ms]
2025-02-01 06:04:06.005 [info] > git for-each-ref --sort -committerdate --format %(refname) %(objectname) %(*objectname) [2ms]
2025-02-01 06:04:11.016 [info] > git for-each-ref --format=%(refname)%00%(upstream:short)%00%(objectname)%00%(upstream:track)%00%(upstream:remotename)%00%(upstream:remoteref) refs/heads/main refs/remotes/main [2ms]
2025-02-01 06:04:11.023 [info] > git status -z -uall [4ms]
2025-02-01 06:04:11.026 [info] > git for-each-ref --sort -committerdate --format %(refname) %(objectname) %(*objectname) [3ms]
2025-02-01 06:04:16.035 [info] > git for-each-ref --format=%(refname)%00%(upstream:short)%00%(objectname)%00%(upstream:track)%00%(upstream:remotename)%00%(upstream:remoteref) refs/heads/main refs/remotes/main [2ms]
2025-02-01 06:04:16.043 [info] > git status -z -uall [4ms]
2025-02-01 06:04:16.046 [info] > git for-each-ref --sort -committerdate --format %(refname) %(objectname) %(*objectname) [3ms]
2025-02-01 06:04:21.701 [info] > git for-each-ref --format=%(refname)%00%(upstream:short)%00%(objectname)%00%(upstream:track)%00%(upstream:remotename)%00%(upstream:remoteref) refs/heads/main refs/remotes/main [2ms]
2025-02-01 06:04:21.709 [info] > git status -z -uall [4ms]
2025-02-01 06:04:21.712 [info] > git for-each-ref --sort -committerdate --format %(refname) %(objectname) %(*objectname) [4ms]
2025-02-01 06:04:43.924 [info] > git for-each-ref --format=%(refname)%00%(upstream:short)%00%(objectname)%00%(upstream:track)%00%(upstream:remotename)%00%(upstream:remoteref) refs/heads/main refs/remotes/main [2ms]
2025-02-01 06:04:43.932 [info] > git status -z -uall [4ms]
2025-02-01 06:04:43.934 [info] > git for-each-ref --sort -committerdate --format %(refname) %(objectname) %(*objectname) [3ms]
2025-02-01 06:04:53.651 [info] > git for-each-ref --format=%(refname)%00%(upstream:short)%00%(objectname)%00%(upstream:track)%00%(upstream:remotename)%00%(upstream:remoteref) refs/heads/main refs/remotes/main [2ms]
2025-02-01 06:04:53.659 [info] > git status -z -uall [4ms]
2025-02-01 06:04:53.662 [info] > git for-each-ref --sort -committerdate --format %(refname) %(objectname) %(*objectname) [2ms]
2025-02-01 06:05:01.468 [info] > git for-each-ref --format=%(refname)%00%(upstream:short)%00%(objectname)%00%(upstream:track)%00%(upstream:remotename)%00%(upstream:remoteref) refs/heads/main refs/remotes/main [2ms]
2025-02-01 06:05:01.475 [info] > git status -z -uall [3ms]
2025-02-01 06:05:01.478 [info] > git for-each-ref --sort -committerdate --format %(refname) %(objectname) %(*objectname) [3ms]
2025-02-01 06:05:06.487 [info] > git for-each-ref --format=%(refname)%00%(upstream:short)%00%(objectname)%00%(upstream:track)%00%(upstream:remotename)%00%(upstream:remoteref) refs/heads/main refs/remotes/main [2ms]
2025-02-01 06:05:06.494 [info] > git status -z -uall [3ms]
2025-02-01 06:05:06.497 [info] > git for-each-ref --sort -committerdate --format %(refname) %(objectname) %(*objectname) [3ms]
