2025-01-26 06:55:34.060 [info] [main] Log level: Info
2025-01-26 06:55:34.060 [info] [main] Validating found git in: "git"
2025-01-26 06:55:34.060 [info] [main] Using git "2.43.0" from "git"
2025-01-26 06:55:34.060 [info] [Model][doInitialScan] Initial repository scan started
2025-01-26 06:55:34.060 [info] > git rev-parse --show-toplevel [6ms]
2025-01-26 06:55:34.060 [info] > git rev-parse --git-dir --git-common-dir [3ms]
2025-01-26 06:55:34.060 [info] [Model][openRepository] Opened repository: /workspace/project
2025-01-26 06:55:34.060 [info] > git config --get commit.template [6ms]
2025-01-26 06:55:34.060 [info] > git rev-parse --show-toplevel [4ms]
2025-01-26 06:55:34.060 [info] > git for-each-ref --format=%(refname)%00%(upstream:short)%00%(objectname)%00%(upstream:track)%00%(upstream:remotename)%00%(upstream:remoteref) refs/heads/main refs/remotes/main [8ms]
2025-01-26 06:55:34.060 [info] > git status -z -uall [8ms]
2025-01-26 06:55:34.060 [info] > git rev-parse --show-toplevel [17ms]
2025-01-26 06:55:34.060 [info] > git for-each-ref --sort -committerdate --format %(refname) %(objectname) %(*objectname) [11ms]
2025-01-26 06:55:34.060 [info] > git for-each-ref --format=%(refname)%00%(upstream:short)%00%(objectname)%00%(upstream:track)%00%(upstream:remotename)%00%(upstream:remoteref) refs/heads/main refs/remotes/main [19ms]
2025-01-26 06:55:34.060 [info] > git rev-parse --show-toplevel [42ms]
2025-01-26 06:55:34.060 [info] [Model][doInitialScan] Initial repository scan completed - repositories (1), closed repositories (0), parent repositories (0), unsafe repositories (0)
2025-01-26 06:55:34.060 [info] > git config --local branch.main.vscode-merge-base [46ms]
2025-01-26 06:55:34.060 [info] > git config --get commit.template [68ms]
2025-01-26 06:55:34.060 [info] > git for-each-ref --format=%(refname)%00%(upstream:short)%00%(objectname)%00%(upstream:track)%00%(upstream:remotename)%00%(upstream:remoteref) refs/heads/origin/main refs/remotes/origin/main [51ms]
2025-01-26 06:55:34.060 [info] > git for-each-ref --format=%(refname)%00%(upstream:short)%00%(objectname)%00%(upstream:track)%00%(upstream:remotename)%00%(upstream:remoteref) refs/heads/main refs/remotes/main [3ms]
2025-01-26 06:55:34.060 [info] > git status -z -uall [5ms]
2025-01-26 06:55:34.060 [info] > git for-each-ref --sort -committerdate --format %(refname) %(objectname) %(*objectname) [39ms]
2025-01-26 06:55:34.447 [info] > git show --textconv :.gitpod.yml [6ms]
2025-01-26 06:55:34.450 [info] > git ls-files --stage -- /workspace/project/.gitpod.yml [3ms]
2025-01-26 06:55:34.604 [info] > git check-ignore -v -z --stdin [5ms]
2025-01-26 06:55:37.102 [info] > git config --local branch.main.github-pr-owner-number [3ms]
2025-01-26 06:55:37.102 [warning] [Git][config] git config failed: Failed to execute git
2025-01-26 06:55:37.108 [info] > git config --local branch.main.remote [1ms]
2025-01-26 06:55:37.108 [warning] [Git][config] git config failed: Failed to execute git
2025-01-26 06:55:37.114 [info] > git config --local branch.main.merge [2ms]
2025-01-26 06:55:37.114 [warning] [Git][config] git config failed: Failed to execute git
