2025-01-24 22:23:31.596 [info] Log level: Info
2025-01-24 22:23:31.615 [info] VSCODE_MACHINE_ID: 18552ca9-8854-4bea-9f31-2bf89650df24
2025-01-24 22:23:31.615 [info] VSCODE_SESSION_ID: 2b5f8cce-4ef0-4786-823d-b8f90acded071737757407434
2025-01-24 22:23:31.615 [info] VSCODE_VERSION: 1.96.3
2025-01-24 22:23:31.615 [info] VSCODE_APP_NAME: Gitpod Code
2025-01-24 22:23:31.615 [info] VSCODE_APP_HOST: Gitpod
2025-01-24 22:23:31.615 [info] VSCODE_UI_KIND: web
2025-01-24 22:23:31.615 [info] GITPOD_WORKSPACE_CONTEXT_URL: https://github.com/freeCodeCamp/learn-bash-by-building-a-boilerplate
2025-01-24 22:23:31.615 [info] GITPOD_INSTANCE_ID: ae571a08-46ab-4521-9f9b-88809ae1ad26
2025-01-24 22:23:31.615 [info] GITPOD_WORKSPACE_URL: https://freecodecam-learnbashby-pns7bmkkopk.ws-us117.gitpod.io
2025-01-24 22:23:31.621 [info] Gitpod Web 3953e81
2025-01-24 22:23:31.621 [info] Reading sessions from keychain...
2025-01-24 22:23:31.821 [info] Getting sessions for all scopes...
2025-01-24 22:23:31.821 [info] Getting sessions for all scopes...
2025-01-24 22:23:31.822 [info] Getting GitHub sessions for all scopes...
2025-01-24 22:23:31.822 [info] Getting sessions for function:accessCodeSyncStorage...
2025-01-24 22:23:31.822 [info] Got stored sessions!
2025-01-24 22:23:31.822 [info] Verified session with the following scopes: function:accessCodeSyncStorage function:closePort function:controlAdmission function:deleteEnvVar function:generateNewGitpodToken function:getDefaultWorkspaceImage function:getGitpodTokenScopes function:getIDToken function:getLoggedInUser function:getOpenPorts function:getSupportedWorkspaceClasses function:getTeams function:getToken function:getWorkspace function:getWorkspaceEnvVars function:getWorkspaceOwner function:getWorkspaceTimeout function:getWorkspaceUsers function:guessGitTokenScopes function:isWorkspaceOwner function:openPort function:sendHeartBeat function:setEnvVar function:setWorkspaceTimeout function:stopWorkspace function:takeSnapshot function:trackEvent function:updateGitStatus function:waitForSnapshot resource:contentBlob::*::create/get resource:envVar::*/**::update resource:envVar::*/*::update resource:envVar::freeCodeCamp/learn-bash-by-building-a-boilerplate::create/get/update/delete resource:gitpodToken::*::create resource:snapshot::ws-freecodecam-learnbashby-pns7bmkkopk::create resource:token::*::get resource:userStorage::*::create/get/update resource:workspace::freecodecam-learnbashby-pns7bmkkopk::get/update resource:workspaceInstance::ae571a08-46ab-4521-9f9b-88809ae1ad26::get/update/delete
2025-01-24 22:23:31.822 [info] Got 1 verified sessions.
2025-01-24 22:23:31.822 [info] Got 1 sessions for all scopes...
2025-01-24 22:23:31.822 [info] Got 1 sessions for all scopes...
2025-01-24 22:23:31.822 [info] Got 1 sessions for function:accessCodeSyncStorage...
2025-01-24 22:23:31.934 [info] Got 1 GitHub sessions for all scopes...
2025-01-24 22:23:32.164 [info] Getting GitHub sessions for all scopes...
2025-01-24 22:23:32.165 [info] Getting sessions for all scopes...
2025-01-24 22:23:32.165 [info] Got 1 GitHub sessions for all scopes...
2025-01-24 22:23:32.165 [info] Got 1 sessions for all scopes...
2025-01-24 22:23:32.211 [info] Getting GitHub sessions for all scopes...
2025-01-24 22:23:32.211 [info] Got 1 GitHub sessions for all scopes...
2025-01-24 22:23:32.920 [info] Getting GitHub sessions for read:user,repo,user:email,workflow...
2025-01-24 22:23:32.920 [info] Got 0 GitHub sessions for read:user,repo,user:email,workflow...
2025-01-24 22:23:33.920 [info] Getting GitHub sessions for project,read:org,read:user,repo,user:email,workflow...
2025-01-24 22:23:33.920 [info] Got 0 GitHub sessions for project,read:org,read:user,repo,user:email,workflow...
2025-01-24 22:23:34.404 [info] Getting GitHub sessions for read:user,repo,user:email,workflow...
2025-01-24 22:23:34.405 [info] Got 0 GitHub sessions for read:user,repo,user:email,workflow...
2025-01-24 22:23:34.911 [info] Getting GitHub sessions for read:user,repo,user:email...
2025-01-24 22:23:34.911 [info] Got 0 GitHub sessions for read:user,repo,user:email...
2025-01-24 22:23:35.403 [info] Getting GitHub sessions for read:user,repo,user:email,workflow...
2025-01-24 22:23:35.403 [info] Got 0 GitHub sessions for read:user,repo,user:email,workflow...
