2025-01-26 07:53:42.050 [info] [main] Log level: Info
2025-01-26 07:53:42.050 [info] [main] Validating found git in: "git"
2025-01-26 07:53:42.050 [info] [main] Using git "2.43.0" from "git"
2025-01-26 07:53:42.050 [info] [Model][doInitialScan] Initial repository scan started
2025-01-26 07:53:42.050 [info] > git rev-parse --show-toplevel [2ms]
2025-01-26 07:53:42.050 [info] > git rev-parse --git-dir --git-common-dir [2ms]
2025-01-26 07:53:42.050 [info] [Model][openRepository] Opened repository: /workspace/project
2025-01-26 07:53:42.050 [info] > git config --get commit.template [4ms]
2025-01-26 07:53:42.050 [info] > git rev-parse --show-toplevel [6ms]
2025-01-26 07:53:42.050 [info] > git for-each-ref --format=%(refname)%00%(upstream:short)%00%(objectname)%00%(upstream:track)%00%(upstream:remotename)%00%(upstream:remoteref) refs/heads/main refs/remotes/main [4ms]
2025-01-26 07:53:42.050 [info] > git status -z -uall [5ms]
2025-01-26 07:53:42.050 [info] > git rev-parse --show-toplevel [11ms]
2025-01-26 07:53:42.050 [info] > git for-each-ref --sort -committerdate --format %(refname) %(objectname) %(*objectname) [6ms]
2025-01-26 07:53:42.050 [info] > git rev-parse --show-toplevel [17ms]
2025-01-26 07:53:42.050 [info] [Model][doInitialScan] Initial repository scan completed - repositories (1), closed repositories (0), parent repositories (0), unsafe repositories (0)
2025-01-26 07:53:42.050 [info] > git for-each-ref --format=%(refname)%00%(upstream:short)%00%(objectname)%00%(upstream:track)%00%(upstream:remotename)%00%(upstream:remoteref) refs/heads/main refs/remotes/main [6ms]
2025-01-26 07:53:42.050 [info] > git config --get commit.template [5ms]
2025-01-26 07:53:42.050 [info] > git config --local branch.main.vscode-merge-base [4ms]
2025-01-26 07:53:42.050 [info] > git for-each-ref --format=%(refname)%00%(upstream:short)%00%(objectname)%00%(upstream:track)%00%(upstream:remotename)%00%(upstream:remoteref) refs/heads/main refs/remotes/main [5ms]
2025-01-26 07:53:42.050 [info] > git status -z -uall [4ms]
2025-01-26 07:53:42.050 [info] > git for-each-ref --format=%(refname)%00%(upstream:short)%00%(objectname)%00%(upstream:track)%00%(upstream:remotename)%00%(upstream:remoteref) refs/heads/origin/main refs/remotes/origin/main [9ms]
2025-01-26 07:53:42.050 [info] > git for-each-ref --sort -committerdate --format %(refname) %(objectname) %(*objectname) [11ms]
2025-01-26 07:53:42.556 [info] > git check-ignore -v -z --stdin [2ms]
2025-01-26 07:53:44.939 [info] > git config --local branch.main.github-pr-owner-number [2ms]
2025-01-26 07:53:44.939 [warning] [Git][config] git config failed: Failed to execute git
2025-01-26 07:53:44.945 [info] > git config --local branch.main.remote [2ms]
2025-01-26 07:53:44.945 [warning] [Git][config] git config failed: Failed to execute git
2025-01-26 07:53:44.950 [info] > git config --local branch.main.merge [2ms]
2025-01-26 07:53:44.950 [warning] [Git][config] git config failed: Failed to execute git
2025-01-26 07:53:52.160 [info] > git config --get commit.template [4ms]
2025-01-26 07:53:52.162 [info] > git for-each-ref --format=%(refname)%00%(upstream:short)%00%(objectname)%00%(upstream:track)%00%(upstream:remotename)%00%(upstream:remoteref) refs/heads/main refs/remotes/main [1ms]
2025-01-26 07:53:52.168 [info] > git status -z -uall [4ms]
2025-01-26 07:53:52.171 [info] > git for-each-ref --sort -committerdate --format %(refname) %(objectname) %(*objectname) [2ms]
2025-01-26 07:54:11.911 [info] > git config --get commit.template [4ms]
2025-01-26 07:54:11.912 [info] > git for-each-ref --format=%(refname)%00%(upstream:short)%00%(objectname)%00%(upstream:track)%00%(upstream:remotename)%00%(upstream:remoteref) refs/heads/main refs/remotes/main [2ms]
2025-01-26 07:54:11.920 [info] > git status -z -uall [4ms]
2025-01-26 07:54:11.923 [info] > git for-each-ref --sort -committerdate --format %(refname) %(objectname) %(*objectname) [3ms]
2025-01-26 07:54:26.186 [info] > git config --get commit.template [5ms]
2025-01-26 07:54:26.188 [info] > git for-each-ref --format=%(refname)%00%(upstream:short)%00%(objectname)%00%(upstream:track)%00%(upstream:remotename)%00%(upstream:remoteref) refs/heads/main refs/remotes/main [3ms]
2025-01-26 07:54:26.195 [info] > git status -z -uall [4ms]
2025-01-26 07:54:26.198 [info] > git for-each-ref --sort -committerdate --format %(refname) %(objectname) %(*objectname) [3ms]
2025-01-26 07:54:31.779 [info] > git config --get commit.template [4ms]
2025-01-26 07:54:31.781 [info] > git for-each-ref --format=%(refname)%00%(upstream:short)%00%(objectname)%00%(upstream:track)%00%(upstream:remotename)%00%(upstream:remoteref) refs/heads/main refs/remotes/main [1ms]
2025-01-26 07:54:31.788 [info] > git status -z -uall [4ms]
2025-01-26 07:54:31.791 [info] > git for-each-ref --sort -committerdate --format %(refname) %(objectname) %(*objectname) [4ms]
2025-01-26 07:54:38.178 [info] > git config --get commit.template [4ms]
2025-01-26 07:54:38.179 [info] > git for-each-ref --format=%(refname)%00%(upstream:short)%00%(objectname)%00%(upstream:track)%00%(upstream:remotename)%00%(upstream:remoteref) refs/heads/main refs/remotes/main [2ms]
2025-01-26 07:54:38.185 [info] > git status -z -uall [3ms]
2025-01-26 07:54:38.189 [info] > git for-each-ref --sort -committerdate --format %(refname) %(objectname) %(*objectname) [3ms]
2025-01-26 07:54:49.815 [info] > git config --get commit.template [5ms]
2025-01-26 07:54:49.816 [info] > git for-each-ref --format=%(refname)%00%(upstream:short)%00%(objectname)%00%(upstream:track)%00%(upstream:remotename)%00%(upstream:remoteref) refs/heads/main refs/remotes/main [2ms]
2025-01-26 07:54:49.824 [info] > git status -z -uall [5ms]
2025-01-26 07:54:49.826 [info] > git for-each-ref --sort -committerdate --format %(refname) %(objectname) %(*objectname) [3ms]
2025-01-26 07:55:18.939 [info] > git config --get commit.template [4ms]
2025-01-26 07:55:18.940 [info] > git for-each-ref --format=%(refname)%00%(upstream:short)%00%(objectname)%00%(upstream:track)%00%(upstream:remotename)%00%(upstream:remoteref) refs/heads/main refs/remotes/main [2ms]
2025-01-26 07:55:18.948 [info] > git status -z -uall [5ms]
2025-01-26 07:55:18.952 [info] > git for-each-ref --sort -committerdate --format %(refname) %(objectname) %(*objectname) [4ms]
2025-01-26 07:55:26.304 [info] > git show --textconv :website/styles.css [5ms]
2025-01-26 07:55:26.305 [info] > git ls-files --stage -- /workspace/project/website/styles.css [2ms]
2025-01-26 07:55:31.145 [info] > git show --textconv :website/styles.css [3ms]
2025-01-26 07:55:31.146 [info] > git ls-files --stage -- /workspace/project/website/styles.css [2ms]
2025-01-26 07:55:33.671 [info] > git show --textconv :website/styles.css [3ms]
2025-01-26 07:55:33.673 [info] > git ls-files --stage -- /workspace/project/website/styles.css [2ms]
2025-01-26 07:56:39.598 [info] > git show --textconv :website/styles.css [4ms]
2025-01-26 07:56:39.600 [info] > git ls-files --stage -- /workspace/project/website/styles.css [1ms]
2025-01-26 07:56:40.597 [info] > git show --textconv :website/roboto.font [5ms]
2025-01-26 07:56:40.598 [info] > git ls-files --stage -- /workspace/project/website/roboto.font [2ms]
2025-01-26 07:56:41.656 [info] > git show --textconv :website/menlo.font [4ms]
2025-01-26 07:56:41.657 [info] > git ls-files --stage -- /workspace/project/website/menlo.font [2ms]
2025-01-26 07:56:42.316 [info] > git show --textconv :website/index.html [5ms]
2025-01-26 07:56:42.317 [info] > git ls-files --stage -- /workspace/project/website/index.html [2ms]
2025-01-26 07:56:43.838 [info] > git show --textconv :website/CodeAlly.svg [4ms]
2025-01-26 07:56:43.840 [info] > git ls-files --stage -- /workspace/project/website/CodeAlly.svg [1ms]
2025-01-26 07:56:44.554 [info] > git show --textconv :website/.gitignore [4ms]
2025-01-26 07:56:44.556 [info] > git ls-files --stage -- /workspace/project/website/.gitignore [2ms]
2025-01-26 07:56:45.306 [info] > git show --textconv :website/styles.css [6ms]
2025-01-26 07:56:45.307 [info] > git ls-files --stage -- /workspace/project/website/styles.css [2ms]
2025-01-26 07:56:45.839 [info] > git show --textconv :website/roboto.font [4ms]
2025-01-26 07:56:45.841 [info] > git ls-files --stage -- /workspace/project/website/roboto.font [2ms]
2025-01-26 07:56:46.535 [info] > git show --textconv :website/styles.css [4ms]
2025-01-26 07:56:46.536 [info] > git ls-files --stage -- /workspace/project/website/styles.css [2ms]
2025-01-26 07:57:05.455 [info] > git config --get commit.template [4ms]
2025-01-26 07:57:05.456 [info] > git for-each-ref --format=%(refname)%00%(upstream:short)%00%(objectname)%00%(upstream:track)%00%(upstream:remotename)%00%(upstream:remoteref) refs/heads/main refs/remotes/main [2ms]
2025-01-26 07:57:05.463 [info] > git status -z -uall [3ms]
2025-01-26 07:57:05.467 [info] > git for-each-ref --sort -committerdate --format %(refname) %(objectname) %(*objectname) [3ms]
2025-01-26 07:58:23.687 [info] > git check-ignore -v -z --stdin [2ms]
2025-01-26 07:58:25.016 [info] > git show --textconv :website/styles.css [4ms]
2025-01-26 07:58:25.017 [info] > git ls-files --stage -- /workspace/project/website/styles.css [2ms]
