2025-01-29 23:16:58.402 [info] [main] Log level: Info
2025-01-29 23:16:58.402 [info] [main] Validating found git in: "git"
2025-01-29 23:16:58.402 [info] [main] Using git "2.43.0" from "git"
2025-01-29 23:16:58.402 [info] [Model][doInitialScan] Initial repository scan started
2025-01-29 23:16:58.402 [info] > git rev-parse --show-toplevel [41ms]
2025-01-29 23:16:58.402 [info] > git rev-parse --git-dir --git-common-dir [2ms]
2025-01-29 23:16:58.402 [info] [Model][openRepository] Opened repository: /workspace/project
2025-01-29 23:16:58.402 [info] > git rev-parse --show-toplevel [28ms]
2025-01-29 23:16:58.402 [info] > git config --get commit.template [30ms]
2025-01-29 23:16:58.402 [info] > git rev-parse --show-toplevel [34ms]
2025-01-29 23:16:58.402 [info] > git for-each-ref --format=%(refname)%00%(upstream:short)%00%(objectname)%00%(upstream:track)%00%(upstream:remotename)%00%(upstream:remoteref) refs/heads/main refs/remotes/main [6ms]
2025-01-29 23:16:58.402 [info] > git status -z -uall [8ms]
2025-01-29 23:16:58.402 [info] > git rev-parse --show-toplevel [3ms]
2025-01-29 23:16:58.402 [info] [Model][doInitialScan] Initial repository scan completed - repositories (1), closed repositories (0), parent repositories (0), unsafe repositories (0)
2025-01-29 23:16:58.402 [info] > git for-each-ref --sort -committerdate --format %(refname) %(objectname) %(*objectname) [6ms]
2025-01-29 23:16:58.402 [info] > git for-each-ref --format=%(refname)%00%(upstream:short)%00%(objectname)%00%(upstream:track)%00%(upstream:remotename)%00%(upstream:remoteref) refs/heads/main refs/remotes/main [19ms]
2025-01-29 23:16:58.402 [info] > git config --get commit.template [11ms]
2025-01-29 23:16:58.402 [info] > git config --local branch.main.vscode-merge-base [5ms]
2025-01-29 23:16:58.402 [info] > git for-each-ref --format=%(refname)%00%(upstream:short)%00%(objectname)%00%(upstream:track)%00%(upstream:remotename)%00%(upstream:remoteref) refs/heads/main refs/remotes/main [4ms]
2025-01-29 23:16:58.402 [info] > git for-each-ref --format=%(refname)%00%(upstream:short)%00%(objectname)%00%(upstream:track)%00%(upstream:remotename)%00%(upstream:remoteref) refs/heads/origin/main refs/remotes/origin/main [13ms]
2025-01-29 23:16:58.402 [info] > git status -z -uall [5ms]
2025-01-29 23:16:58.402 [info] > git for-each-ref --sort -committerdate --format %(refname) %(objectname) %(*objectname) [4ms]
2025-01-29 23:16:58.941 [info] > git check-ignore -v -z --stdin [2ms]
2025-01-29 23:17:01.275 [info] > git config --local branch.main.github-pr-owner-number [4ms]
2025-01-29 23:17:01.275 [warning] [Git][config] git config failed: Failed to execute git
2025-01-29 23:17:01.282 [info] > git config --local branch.main.remote [2ms]
2025-01-29 23:17:01.282 [warning] [Git][config] git config failed: Failed to execute git
2025-01-29 23:17:01.286 [info] > git config --local branch.main.merge [2ms]
2025-01-29 23:17:01.286 [warning] [Git][config] git config failed: Failed to execute git
2025-01-29 23:17:22.327 [info] > git config --get commit.template [4ms]
2025-01-29 23:17:22.328 [info] > git for-each-ref --format=%(refname)%00%(upstream:short)%00%(objectname)%00%(upstream:track)%00%(upstream:remotename)%00%(upstream:remoteref) refs/heads/main refs/remotes/main [2ms]
2025-01-29 23:17:22.335 [info] > git status -z -uall [4ms]
2025-01-29 23:17:22.338 [info] > git for-each-ref --sort -committerdate --format %(refname) %(objectname) %(*objectname) [4ms]
2025-01-29 23:17:25.537 [info] > git show --textconv :website/.gitignore [3ms]
2025-01-29 23:17:25.538 [info] > git ls-files --stage -- /workspace/project/website/.gitignore [2ms]
2025-01-29 23:17:25.543 [info] > git cat-file -s e69de29bb2d1d6434b8b29ae775ad8c2e48c5391 [2ms]
2025-01-29 23:17:27.351 [info] > git config --get commit.template [5ms]
2025-01-29 23:17:27.352 [info] > git for-each-ref --format=%(refname)%00%(upstream:short)%00%(objectname)%00%(upstream:track)%00%(upstream:remotename)%00%(upstream:remoteref) refs/heads/main refs/remotes/main [2ms]
2025-01-29 23:17:27.359 [info] > git status -z -uall [4ms]
2025-01-29 23:17:27.362 [info] > git for-each-ref --sort -committerdate --format %(refname) %(objectname) %(*objectname) [3ms]
2025-01-29 23:17:27.446 [info] > git ls-files --stage -- /workspace/project/website/.gitignore [1ms]
2025-01-29 23:17:27.451 [info] > git cat-file -s e69de29bb2d1d6434b8b29ae775ad8c2e48c5391 [2ms]
2025-01-29 23:17:27.616 [info] > git show --textconv :website/.gitignore [2ms]
2025-01-29 23:17:57.552 [info] > git config --get commit.template [4ms]
2025-01-29 23:17:57.554 [info] > git for-each-ref --format=%(refname)%00%(upstream:short)%00%(objectname)%00%(upstream:track)%00%(upstream:remotename)%00%(upstream:remoteref) refs/heads/main refs/remotes/main [2ms]
2025-01-29 23:17:57.560 [info] > git status -z -uall [3ms]
2025-01-29 23:17:57.563 [info] > git for-each-ref --sort -committerdate --format %(refname) %(objectname) %(*objectname) [2ms]
2025-01-29 23:18:55.730 [info] > git config --get commit.template [5ms]
2025-01-29 23:18:55.732 [info] > git for-each-ref --format=%(refname)%00%(upstream:short)%00%(objectname)%00%(upstream:track)%00%(upstream:remotename)%00%(upstream:remoteref) refs/heads/main refs/remotes/main [1ms]
2025-01-29 23:18:55.739 [info] > git status -z -uall [4ms]
2025-01-29 23:18:55.742 [info] > git for-each-ref --sort -committerdate --format %(refname) %(objectname) %(*objectname) [4ms]
2025-01-29 23:19:11.418 [info] > git config --get commit.template [4ms]
2025-01-29 23:19:11.419 [info] > git for-each-ref --format=%(refname)%00%(upstream:short)%00%(objectname)%00%(upstream:track)%00%(upstream:remotename)%00%(upstream:remoteref) refs/heads/main refs/remotes/main [2ms]
2025-01-29 23:19:11.425 [info] > git status -z -uall [3ms]
2025-01-29 23:19:11.428 [info] > git for-each-ref --sort -committerdate --format %(refname) %(objectname) %(*objectname) [3ms]
2025-01-29 23:19:17.723 [info] > git config --get commit.template [4ms]
2025-01-29 23:19:17.724 [info] > git for-each-ref --format=%(refname)%00%(upstream:short)%00%(objectname)%00%(upstream:track)%00%(upstream:remotename)%00%(upstream:remoteref) refs/heads/main refs/remotes/main [2ms]
2025-01-29 23:19:17.730 [info] > git status -z -uall [3ms]
2025-01-29 23:19:17.733 [info] > git for-each-ref --sort -committerdate --format %(refname) %(objectname) %(*objectname) [3ms]
2025-01-29 23:19:31.530 [info] > git config --get commit.template [4ms]
2025-01-29 23:19:31.532 [info] > git for-each-ref --format=%(refname)%00%(upstream:short)%00%(objectname)%00%(upstream:track)%00%(upstream:remotename)%00%(upstream:remoteref) refs/heads/main refs/remotes/main [3ms]
2025-01-29 23:19:31.541 [info] > git status -z -uall [5ms]
2025-01-29 23:19:31.545 [info] > git for-each-ref --sort -committerdate --format %(refname) %(objectname) %(*objectname) [5ms]
2025-01-29 23:19:31.718 [info] > git config --local branch.main.github-pr-owner-number [1ms]
2025-01-29 23:19:31.718 [warning] [Git][config] git config failed: Failed to execute git
2025-01-29 23:19:31.723 [info] > git config --local branch.main.remote [2ms]
2025-01-29 23:19:31.723 [warning] [Git][config] git config failed: Failed to execute git
2025-01-29 23:19:31.728 [info] > git config --local branch.main.merge [2ms]
2025-01-29 23:19:31.728 [warning] [Git][config] git config failed: Failed to execute git
2025-01-29 23:19:36.557 [info] > git config --get commit.template [3ms]
2025-01-29 23:19:36.559 [info] > git for-each-ref --format=%(refname)%00%(upstream:short)%00%(objectname)%00%(upstream:track)%00%(upstream:remotename)%00%(upstream:remoteref) refs/heads/main refs/remotes/main [2ms]
2025-01-29 23:19:36.565 [info] > git status -z -uall [3ms]
2025-01-29 23:19:36.568 [info] > git for-each-ref --sort -committerdate --format %(refname) %(objectname) %(*objectname) [3ms]
2025-01-29 23:19:36.738 [info] > git config --local branch.main.github-pr-owner-number [3ms]
2025-01-29 23:19:36.738 [warning] [Git][config] git config failed: Failed to execute git
2025-01-29 23:19:36.743 [info] > git config --local branch.main.remote [1ms]
2025-01-29 23:19:36.743 [warning] [Git][config] git config failed: Failed to execute git
2025-01-29 23:19:36.749 [info] > git config --local branch.main.merge [2ms]
2025-01-29 23:19:36.749 [warning] [Git][config] git config failed: Failed to execute git
2025-01-29 23:19:41.582 [info] > git config --get commit.template [4ms]
2025-01-29 23:19:41.583 [info] > git for-each-ref --format=%(refname)%00%(upstream:short)%00%(objectname)%00%(upstream:track)%00%(upstream:remotename)%00%(upstream:remoteref) refs/heads/main refs/remotes/main [2ms]
2025-01-29 23:19:41.590 [info] > git status -z -uall [4ms]
2025-01-29 23:19:41.592 [info] > git for-each-ref --sort -committerdate --format %(refname) %(objectname) %(*objectname) [3ms]
