2025-01-27 01:08:07.627 [info] Log level: Info
2025-01-27 01:08:07.645 [info] VSCODE_MACHINE_ID: someValue.machineId
2025-01-27 01:08:07.645 [info] VSCODE_SESSION_ID: someValue.sessionId
2025-01-27 01:08:07.645 [info] VSCODE_VERSION: 1.96.3
2025-01-27 01:08:07.645 [info] VSCODE_APP_NAME: Gitpod Code
2025-01-27 01:08:07.645 [info] VSCODE_APP_HOST: Gitpod
2025-01-27 01:08:07.646 [info] VSCODE_UI_KIND: web
2025-01-27 01:08:07.646 [info] GITPOD_WORKSPACE_CONTEXT_URL: https://github.com/freeCodeCamp/learn-bash-by-building-a-boilerplate
2025-01-27 01:08:07.646 [info] GITPOD_INSTANCE_ID: 364c5509-33f8-4826-8f60-f8bf1416e5d8
2025-01-27 01:08:07.646 [info] GITPOD_WORKSPACE_URL: https://freecodecam-learnbashby-0s6k38rg6br.ws-us117.gitpod.io
2025-01-27 01:08:07.652 [info] Gitpod Web 3953e81
2025-01-27 01:08:07.652 [info] Reading sessions from keychain...
2025-01-27 01:08:07.826 [info] Getting sessions for all scopes...
2025-01-27 01:08:07.826 [info] Getting sessions for all scopes...
2025-01-27 01:08:07.826 [info] Getting GitHub sessions for all scopes...
2025-01-27 01:08:07.826 [info] Getting sessions for function:accessCodeSyncStorage...
2025-01-27 01:08:07.827 [info] Got stored sessions!
2025-01-27 01:08:07.827 [info] Verified session with the following scopes: function:accessCodeSyncStorage function:closePort function:controlAdmission function:deleteEnvVar function:generateNewGitpodToken function:getDefaultWorkspaceImage function:getGitpodTokenScopes function:getIDToken function:getLoggedInUser function:getOpenPorts function:getSupportedWorkspaceClasses function:getTeams function:getToken function:getWorkspace function:getWorkspaceEnvVars function:getWorkspaceOwner function:getWorkspaceTimeout function:getWorkspaceUsers function:guessGitTokenScopes function:isWorkspaceOwner function:openPort function:sendHeartBeat function:setEnvVar function:setWorkspaceTimeout function:stopWorkspace function:takeSnapshot function:trackEvent function:updateGitStatus function:waitForSnapshot resource:contentBlob::*::create/get resource:envVar::*/**::update resource:envVar::*/*::update resource:envVar::freeCodeCamp/learn-bash-by-building-a-boilerplate::create/get/update/delete resource:gitpodToken::*::create resource:snapshot::ws-freecodecam-learnbashby-0s6k38rg6br::create resource:token::*::get resource:userStorage::*::create/get/update resource:workspace::freecodecam-learnbashby-0s6k38rg6br::get/update resource:workspaceInstance::364c5509-33f8-4826-8f60-f8bf1416e5d8::get/update/delete
2025-01-27 01:08:07.827 [info] Got 1 verified sessions.
2025-01-27 01:08:07.827 [info] Got 1 sessions for all scopes...
2025-01-27 01:08:07.827 [info] Got 1 sessions for all scopes...
2025-01-27 01:08:07.827 [info] Got 1 sessions for function:accessCodeSyncStorage...
2025-01-27 01:08:07.913 [info] Got 1 GitHub sessions for all scopes...
2025-01-27 01:08:08.079 [info] Getting GitHub sessions for all scopes...
2025-01-27 01:08:08.079 [info] Getting sessions for all scopes...
2025-01-27 01:08:08.079 [info] Got 1 GitHub sessions for all scopes...
2025-01-27 01:08:08.079 [info] Got 1 sessions for all scopes...
2025-01-27 01:08:08.104 [info] Getting GitHub sessions for all scopes...
2025-01-27 01:08:08.104 [info] Got 1 GitHub sessions for all scopes...
2025-01-27 01:08:08.743 [info] Getting GitHub sessions for read:user,repo,user:email,workflow...
2025-01-27 01:08:08.743 [info] Got 0 GitHub sessions for read:user,repo,user:email,workflow...
2025-01-27 01:08:09.567 [info] Getting GitHub sessions for project,read:org,read:user,repo,user:email,workflow...
2025-01-27 01:08:09.567 [info] Got 0 GitHub sessions for project,read:org,read:user,repo,user:email,workflow...
2025-01-27 01:08:10.042 [info] Getting GitHub sessions for read:user,repo,user:email,workflow...
2025-01-27 01:08:10.042 [info] Got 0 GitHub sessions for read:user,repo,user:email,workflow...
2025-01-27 01:08:10.572 [info] Getting GitHub sessions for read:user,repo,user:email...
2025-01-27 01:08:10.572 [info] Got 0 GitHub sessions for read:user,repo,user:email...
2025-01-27 01:08:11.121 [info] Getting GitHub sessions for read:user,repo,user:email,workflow...
2025-01-27 01:08:11.121 [info] Got 0 GitHub sessions for read:user,repo,user:email,workflow...
