2025-01-26 06:43:01.080 [info] [main] Log level: Info
2025-01-26 06:43:01.080 [info] [main] Validating found git in: "git"
2025-01-26 06:43:01.080 [info] [main] Using git "2.43.0" from "git"
2025-01-26 06:43:01.080 [info] [Model][doInitialScan] Initial repository scan started
2025-01-26 06:43:01.080 [info] > git rev-parse --show-toplevel [3ms]
2025-01-26 06:43:01.080 [info] > git rev-parse --git-dir --git-common-dir [1ms]
2025-01-26 06:43:01.080 [info] [Model][openRepository] Opened repository: /workspace/project
2025-01-26 06:43:01.080 [info] > git config --get commit.template [4ms]
2025-01-26 06:43:01.080 [info] > git rev-parse --show-toplevel [6ms]
2025-01-26 06:43:01.080 [info] > git for-each-ref --format=%(refname)%00%(upstream:short)%00%(objectname)%00%(upstream:track)%00%(upstream:remotename)%00%(upstream:remoteref) refs/heads/main refs/remotes/main [12ms]
2025-01-26 06:43:01.080 [info] > git status -z -uall [5ms]
2025-01-26 06:43:01.080 [info] > git rev-parse --show-toplevel [16ms]
2025-01-26 06:43:01.080 [info] > git for-each-ref --sort -committerdate --format %(refname) %(objectname) %(*objectname) [7ms]
2025-01-26 06:43:01.080 [info] > git for-each-ref --format=%(refname)%00%(upstream:short)%00%(objectname)%00%(upstream:track)%00%(upstream:remotename)%00%(upstream:remoteref) refs/heads/main refs/remotes/main [6ms]
2025-01-26 06:43:01.080 [info] > git rev-parse --show-toplevel [20ms]
2025-01-26 06:43:01.080 [info] > git config --get commit.template [8ms]
2025-01-26 06:43:01.080 [info] > git config --local branch.main.vscode-merge-base [5ms]
2025-01-26 06:43:01.080 [info] > git rev-parse --show-toplevel [9ms]
2025-01-26 06:43:01.080 [info] [Model][doInitialScan] Initial repository scan completed - repositories (1), closed repositories (0), parent repositories (0), unsafe repositories (0)
2025-01-26 06:43:01.080 [info] > git for-each-ref --format=%(refname)%00%(upstream:short)%00%(objectname)%00%(upstream:track)%00%(upstream:remotename)%00%(upstream:remoteref) refs/heads/origin/main refs/remotes/origin/main [6ms]
2025-01-26 06:43:01.080 [info] > git for-each-ref --format=%(refname)%00%(upstream:short)%00%(objectname)%00%(upstream:track)%00%(upstream:remotename)%00%(upstream:remoteref) refs/heads/main refs/remotes/main [12ms]
2025-01-26 06:43:01.080 [info] > git status -z -uall [4ms]
2025-01-26 06:43:01.080 [info] > git for-each-ref --sort -committerdate --format %(refname) %(objectname) %(*objectname) [3ms]
2025-01-26 06:43:01.614 [info] > git check-ignore -v -z --stdin [2ms]
2025-01-26 06:43:01.650 [info] > git show --textconv :website/styles.css [5ms]
2025-01-26 06:43:01.651 [info] > git ls-files --stage -- /workspace/project/website/styles.css [2ms]
2025-01-26 06:43:04.028 [info] > git config --local branch.main.github-pr-owner-number [2ms]
2025-01-26 06:43:04.028 [warning] [Git][config] git config failed: Failed to execute git
2025-01-26 06:43:04.033 [info] > git config --local branch.main.remote [1ms]
2025-01-26 06:43:04.033 [warning] [Git][config] git config failed: Failed to execute git
2025-01-26 06:43:04.038 [info] > git config --local branch.main.merge [1ms]
2025-01-26 06:43:04.038 [warning] [Git][config] git config failed: Failed to execute git
2025-01-26 06:44:06.228 [info] > git show --textconv :website/.gitignore [5ms]
2025-01-26 06:44:06.230 [info] > git ls-files --stage -- /workspace/project/website/.gitignore [2ms]
2025-01-26 06:44:07.814 [info] > git show --textconv :website/styles.css [4ms]
2025-01-26 06:44:07.815 [info] > git ls-files --stage -- /workspace/project/website/styles.css [2ms]
2025-01-26 06:44:08.340 [info] > git log --format=%H%n%aN%n%aE%n%at%n%ct%n%P%n%D%n%B -z --shortstat --diff-merges=first-parent -n50 --skip=0 --topo-order --decorate=full --stdin [30ms]
2025-01-26 06:44:08.830 [info] > git check-ignore -v -z --stdin [2ms]
2025-01-26 06:44:10.405 [info] > git show --textconv HEAD:website/styles.css [3ms]
2025-01-26 06:44:10.407 [info] > git ls-tree -l HEAD -- /workspace/project/website/styles.css [2ms]
2025-01-26 06:44:16.233 [info] > git check-ignore -v -z --stdin [2ms]
2025-01-26 06:44:16.986 [info] > git check-ignore -v -z --stdin [2ms]
2025-01-26 06:44:18.763 [info] > git ls-tree -l HEAD -- /workspace/project/website/images/background.jpg [4ms]
2025-01-26 06:44:18.764 [info] > git ls-tree -l HEAD -- /workspace/project/website/images/background.jpg [2ms]
2025-01-26 06:51:22.388 [info] > git show --textconv :website/images/background.jpg [4ms]
2025-01-26 06:51:22.390 [info] > git ls-files --stage -- /workspace/project/website/images/background.jpg [2ms]
