2025-01-27 02:19:18.759 [info] Extension host with pid 120 started
2025-01-27 02:19:18.759 [error] Error: EEXIST: file already exists, open '/workspace/.vscode-remote/data/User/workspaceStorage/98105b4/vscode.lock'
2025-01-27 02:19:18.766 [info] Lock '/workspace/.vscode-remote/data/User/workspaceStorage/98105b4/vscode.lock': Could not acquire lock, checking if the file is stale.
2025-01-27 02:19:18.766 [info] Lock '/workspace/.vscode-remote/data/User/workspaceStorage/98105b4/vscode.lock': The pid 8573 appears to be gone.
2025-01-27 02:19:18.766 [info] Lock '/workspace/.vscode-remote/data/User/workspaceStorage/98105b4/vscode.lock': Deleting a stale lock.
2025-01-27 02:19:18.773 [info] Lock '/workspace/.vscode-remote/data/User/workspaceStorage/98105b4/vscode.lock': Lock acquired.
2025-01-27 02:19:18.953 [info] ExtensionService#_doActivateExtension gitpod.gitpod-web, startup: false, activationEvent: 'onAuthenticationRequest:gitpod'
2025-01-27 02:19:19.485 [info] ExtensionService#_doActivateExtension vscode.git-base, startup: true, activationEvent: '*', root cause: vscode.git
2025-01-27 02:19:19.660 [info] ExtensionService#_doActivateExtension vscode.git, startup: true, activationEvent: '*'
2025-01-27 02:19:19.660 [info] ExtensionService#_doActivateExtension vscode.github, startup: true, activationEvent: '*'
2025-01-27 02:19:19.995 [info] ExtensionService#_doActivateExtension redhat.vscode-yaml, startup: false, activationEvent: 'onLanguage:yaml'
2025-01-27 02:19:19.995 [info] ExtensionService#_doActivateExtension vscode.emmet, startup: false, activationEvent: 'onLanguage'
2025-01-27 02:19:20.154 [info] Eager extensions activated
2025-01-27 02:19:20.155 [info] ExtensionService#_doActivateExtension vscode.debug-auto-launch, startup: false, activationEvent: 'onStartupFinished'
2025-01-27 02:19:20.155 [info] ExtensionService#_doActivateExtension vscode.merge-conflict, startup: false, activationEvent: 'onStartupFinished'
2025-01-27 02:19:20.155 [info] ExtensionService#_doActivateExtension vscode.github-authentication, startup: false, activationEvent: 'onStartupFinished', root cause: GitHub.vscode-pull-request-github
2025-01-27 02:19:20.366 [info] ExtensionService#_doActivateExtension GitHub.vscode-pull-request-github, startup: false, activationEvent: 'onStartupFinished'
2025-01-27 02:19:20.556 [warning] [redhat.vscode-yaml] Accessing a resource scoped configuration without providing a resource is not expected. To get the effective value for '[yaml]', provide the URI of a resource or 'null' for any resource.
2025-01-27 02:19:20.557 [warning] [redhat.vscode-yaml] Accessing a resource scoped configuration without providing a resource is not expected. To get the effective value for '[yaml]', provide the URI of a resource or 'null' for any resource.
2025-01-27 02:19:20.815 [info] ExtensionService#_doActivateExtension vscode.configuration-editing, startup: false, activationEvent: 'onLanguage:jsonc'
2025-01-27 02:19:20.815 [info] ExtensionService#_doActivateExtension vscode.json-language-features, startup: false, activationEvent: 'onLanguage:jsonc'
2025-01-27 02:19:20.816 [info] ExtensionService#_doActivateExtension vscode.typescript-language-features, startup: false, activationEvent: 'onLanguage:jsonc'
2025-01-27 02:19:31.818 [info] ExtensionService#_doActivateExtension vscode.media-preview, startup: false, activationEvent: 'onCustomEditor:imagePreview.previewEditor'
2025-01-27 02:19:38.594 [info] ExtensionService#_doActivateExtension CodeRoad.coderoad, startup: false, activationEvent: 'onCommand:coderoad.start'
