2025-01-26 07:53:41.269 [info] Log level: Info
2025-01-26 07:53:41.299 [info] VSCODE_MACHINE_ID: someValue.machineId
2025-01-26 07:53:41.299 [info] VSCODE_SESSION_ID: someValue.sessionId
2025-01-26 07:53:41.299 [info] VSCODE_VERSION: 1.96.3
2025-01-26 07:53:41.299 [info] VSCODE_APP_NAME: Gitpod Code
2025-01-26 07:53:41.299 [info] VSCODE_APP_HOST: Gitpod
2025-01-26 07:53:41.299 [info] VSCODE_UI_KIND: web
2025-01-26 07:53:41.299 [info] GITPOD_WORKSPACE_CONTEXT_URL: https://github.com/freeCodeCamp/learn-bash-by-building-a-boilerplate
2025-01-26 07:53:41.299 [info] GITPOD_INSTANCE_ID: 0af3e6dd-5a29-4244-b193-3b0f08f98138
2025-01-26 07:53:41.299 [info] GITPOD_WORKSPACE_URL: https://freecodecam-learnbashby-0s6k38rg6br.ws-us117.gitpod.io
2025-01-26 07:53:41.306 [info] Gitpod Web 3953e81
2025-01-26 07:53:41.306 [info] Reading sessions from keychain...
2025-01-26 07:53:41.482 [info] Getting sessions for all scopes...
2025-01-26 07:53:41.482 [info] Getting sessions for all scopes...
2025-01-26 07:53:41.482 [info] Getting GitHub sessions for all scopes...
2025-01-26 07:53:41.482 [info] Getting sessions for function:accessCodeSyncStorage...
2025-01-26 07:53:41.482 [info] Got stored sessions!
2025-01-26 07:53:41.482 [info] Verified session with the following scopes: function:accessCodeSyncStorage function:closePort function:controlAdmission function:deleteEnvVar function:generateNewGitpodToken function:getDefaultWorkspaceImage function:getGitpodTokenScopes function:getIDToken function:getLoggedInUser function:getOpenPorts function:getSupportedWorkspaceClasses function:getTeams function:getToken function:getWorkspace function:getWorkspaceEnvVars function:getWorkspaceOwner function:getWorkspaceTimeout function:getWorkspaceUsers function:guessGitTokenScopes function:isWorkspaceOwner function:openPort function:sendHeartBeat function:setEnvVar function:setWorkspaceTimeout function:stopWorkspace function:takeSnapshot function:trackEvent function:updateGitStatus function:waitForSnapshot resource:contentBlob::*::create/get resource:envVar::*/**::update resource:envVar::*/*::update resource:envVar::freeCodeCamp/learn-bash-by-building-a-boilerplate::create/get/update/delete resource:gitpodToken::*::create resource:snapshot::ws-freecodecam-learnbashby-0s6k38rg6br::create resource:token::*::get resource:userStorage::*::create/get/update resource:workspace::freecodecam-learnbashby-0s6k38rg6br::get/update resource:workspaceInstance::0af3e6dd-5a29-4244-b193-3b0f08f98138::get/update/delete
2025-01-26 07:53:41.482 [info] Got 1 verified sessions.
2025-01-26 07:53:41.482 [info] Got 1 sessions for all scopes...
2025-01-26 07:53:41.482 [info] Got 1 sessions for all scopes...
2025-01-26 07:53:41.482 [info] Got 1 sessions for function:accessCodeSyncStorage...
2025-01-26 07:53:41.574 [info] Got 1 GitHub sessions for all scopes...
2025-01-26 07:53:41.735 [info] Getting GitHub sessions for all scopes...
2025-01-26 07:53:41.735 [info] Getting sessions for all scopes...
2025-01-26 07:53:41.735 [info] Got 1 GitHub sessions for all scopes...
2025-01-26 07:53:41.735 [info] Got 1 sessions for all scopes...
2025-01-26 07:53:41.767 [info] Getting GitHub sessions for all scopes...
2025-01-26 07:53:41.767 [info] Got 1 GitHub sessions for all scopes...
2025-01-26 07:53:42.378 [info] Getting GitHub sessions for read:user,repo,user:email,workflow...
2025-01-26 07:53:42.378 [info] Got 0 GitHub sessions for read:user,repo,user:email,workflow...
2025-01-26 07:53:43.107 [info] Getting GitHub sessions for project,read:org,read:user,repo,user:email,workflow...
2025-01-26 07:53:43.107 [info] Got 0 GitHub sessions for project,read:org,read:user,repo,user:email,workflow...
2025-01-26 07:53:43.588 [info] Getting GitHub sessions for read:user,repo,user:email,workflow...
2025-01-26 07:53:43.588 [info] Got 0 GitHub sessions for read:user,repo,user:email,workflow...
2025-01-26 07:53:44.091 [info] Getting GitHub sessions for read:user,repo,user:email...
2025-01-26 07:53:44.091 [info] Got 0 GitHub sessions for read:user,repo,user:email...
2025-01-26 07:53:44.576 [info] Getting GitHub sessions for read:user,repo,user:email,workflow...
2025-01-26 07:53:44.576 [info] Got 0 GitHub sessions for read:user,repo,user:email,workflow...
