2025-01-27 01:08:08.448 [info] [main] Log level: Info
2025-01-27 01:08:08.448 [info] [main] Validating found git in: "git"
2025-01-27 01:08:08.448 [info] [main] Using git "2.43.0" from "git"
2025-01-27 01:08:08.448 [info] [Model][doInitialScan] Initial repository scan started
2025-01-27 01:08:08.448 [info] > git rev-parse --show-toplevel [2ms]
2025-01-27 01:08:08.448 [info] > git rev-parse --git-dir --git-common-dir [2ms]
2025-01-27 01:08:08.448 [info] [Model][openRepository] Opened repository: /workspace/project
2025-01-27 01:08:08.448 [info] > git config --get commit.template [3ms]
2025-01-27 01:08:08.448 [info] > git rev-parse --show-toplevel [5ms]
2025-01-27 01:08:08.448 [info] > git for-each-ref --format=%(refname)%00%(upstream:short)%00%(objectname)%00%(upstream:track)%00%(upstream:remotename)%00%(upstream:remoteref) refs/heads/main refs/remotes/main [4ms]
2025-01-27 01:08:08.448 [info] > git status -z -uall [4ms]
2025-01-27 01:08:08.448 [info] > git rev-parse --show-toplevel [9ms]
2025-01-27 01:08:08.448 [info] > git for-each-ref --sort -committerdate --format %(refname) %(objectname) %(*objectname) [5ms]
2025-01-27 01:08:08.448 [info] > git for-each-ref --format=%(refname)%00%(upstream:short)%00%(objectname)%00%(upstream:track)%00%(upstream:remotename)%00%(upstream:remoteref) refs/heads/main refs/remotes/main [5ms]
2025-01-27 01:08:08.448 [info] > git rev-parse --show-toplevel [16ms]
2025-01-27 01:08:08.448 [info] [Model][doInitialScan] Initial repository scan completed - repositories (1), closed repositories (0), parent repositories (0), unsafe repositories (0)
2025-01-27 01:08:08.448 [info] > git config --get commit.template [6ms]
2025-01-27 01:08:08.448 [info] > git config --local branch.main.vscode-merge-base [2ms]
2025-01-27 01:08:08.448 [info] > git for-each-ref --format=%(refname)%00%(upstream:short)%00%(objectname)%00%(upstream:track)%00%(upstream:remotename)%00%(upstream:remoteref) refs/heads/origin/main refs/remotes/origin/main [4ms]
2025-01-27 01:08:08.448 [info] > git for-each-ref --format=%(refname)%00%(upstream:short)%00%(objectname)%00%(upstream:track)%00%(upstream:remotename)%00%(upstream:remoteref) refs/heads/main refs/remotes/main [10ms]
2025-01-27 01:08:08.448 [info] > git status -z -uall [3ms]
2025-01-27 01:08:08.448 [info] > git for-each-ref --sort -committerdate --format %(refname) %(objectname) %(*objectname) [3ms]
2025-01-27 01:08:09.083 [info] > git check-ignore -v -z --stdin [131ms]
2025-01-27 01:08:11.533 [info] > git config --local branch.main.github-pr-owner-number [3ms]
2025-01-27 01:08:11.533 [warning] [Git][config] git config failed: Failed to execute git
2025-01-27 01:08:11.538 [info] > git config --local branch.main.remote [2ms]
2025-01-27 01:08:11.538 [warning] [Git][config] git config failed: Failed to execute git
2025-01-27 01:08:11.544 [info] > git config --local branch.main.merge [2ms]
2025-01-27 01:08:11.544 [warning] [Git][config] git config failed: Failed to execute git
2025-01-27 01:08:13.418 [info] > git config --get commit.template [4ms]
2025-01-27 01:08:13.420 [info] > git for-each-ref --format=%(refname)%00%(upstream:short)%00%(objectname)%00%(upstream:track)%00%(upstream:remotename)%00%(upstream:remoteref) refs/heads/main refs/remotes/main [1ms]
2025-01-27 01:08:13.427 [info] > git status -z -uall [4ms]
2025-01-27 01:08:13.429 [info] > git for-each-ref --sort -committerdate --format %(refname) %(objectname) %(*objectname) [3ms]
2025-01-27 01:08:18.441 [info] > git config --get commit.template [4ms]
2025-01-27 01:08:18.443 [info] > git for-each-ref --format=%(refname)%00%(upstream:short)%00%(objectname)%00%(upstream:track)%00%(upstream:remotename)%00%(upstream:remoteref) refs/heads/main refs/remotes/main [2ms]
2025-01-27 01:08:18.452 [info] > git status -z -uall [6ms]
2025-01-27 01:08:18.453 [info] > git for-each-ref --sort -committerdate --format %(refname) %(objectname) %(*objectname) [3ms]
2025-01-27 01:08:39.933 [info] > git config --get commit.template [4ms]
2025-01-27 01:08:39.934 [info] > git for-each-ref --format=%(refname)%00%(upstream:short)%00%(objectname)%00%(upstream:track)%00%(upstream:remotename)%00%(upstream:remoteref) refs/heads/main refs/remotes/main [2ms]
2025-01-27 01:08:39.942 [info] > git status -z -uall [4ms]
2025-01-27 01:08:39.945 [info] > git for-each-ref --sort -committerdate --format %(refname) %(objectname) %(*objectname) [3ms]
2025-01-27 01:08:40.115 [info] > git config --local branch.main.github-pr-owner-number [2ms]
2025-01-27 01:08:40.115 [warning] [Git][config] git config failed: Failed to execute git
2025-01-27 01:08:40.120 [info] > git config --local branch.main.remote [1ms]
2025-01-27 01:08:40.120 [warning] [Git][config] git config failed: Failed to execute git
2025-01-27 01:08:40.124 [info] > git config --local branch.main.merge [1ms]
2025-01-27 01:08:40.124 [warning] [Git][config] git config failed: Failed to execute git
2025-01-27 01:09:13.743 [info] > git config --get commit.template [4ms]
2025-01-27 01:09:13.744 [info] > git for-each-ref --format=%(refname)%00%(upstream:short)%00%(objectname)%00%(upstream:track)%00%(upstream:remotename)%00%(upstream:remoteref) refs/heads/main refs/remotes/main [2ms]
2025-01-27 01:09:13.751 [info] > git status -z -uall [4ms]
2025-01-27 01:09:13.753 [info] > git for-each-ref --sort -committerdate --format %(refname) %(objectname) %(*objectname) [3ms]
2025-01-27 01:09:20.652 [info] > git config --get commit.template [5ms]
2025-01-27 01:09:20.653 [info] > git for-each-ref --format=%(refname)%00%(upstream:short)%00%(objectname)%00%(upstream:track)%00%(upstream:remotename)%00%(upstream:remoteref) refs/heads/main refs/remotes/main [2ms]
2025-01-27 01:09:20.662 [info] > git status -z -uall [5ms]
2025-01-27 01:09:20.664 [info] > git for-each-ref --sort -committerdate --format %(refname) %(objectname) %(*objectname) [3ms]
2025-01-27 01:09:25.675 [info] > git config --get commit.template [5ms]
2025-01-27 01:09:25.676 [info] > git for-each-ref --format=%(refname)%00%(upstream:short)%00%(objectname)%00%(upstream:track)%00%(upstream:remotename)%00%(upstream:remoteref) refs/heads/main refs/remotes/main [2ms]
2025-01-27 01:09:25.685 [info] > git status -z -uall [4ms]
2025-01-27 01:09:25.688 [info] > git for-each-ref --sort -committerdate --format %(refname) %(objectname) %(*objectname) [4ms]
2025-01-27 01:09:30.698 [info] > git config --get commit.template [3ms]
2025-01-27 01:09:30.700 [info] > git for-each-ref --format=%(refname)%00%(upstream:short)%00%(objectname)%00%(upstream:track)%00%(upstream:remotename)%00%(upstream:remoteref) refs/heads/main refs/remotes/main [2ms]
2025-01-27 01:09:30.706 [info] > git status -z -uall [3ms]
2025-01-27 01:09:30.709 [info] > git for-each-ref --sort -committerdate --format %(refname) %(objectname) %(*objectname) [3ms]
2025-01-27 01:09:35.719 [info] > git config --get commit.template [4ms]
2025-01-27 01:09:35.720 [info] > git for-each-ref --format=%(refname)%00%(upstream:short)%00%(objectname)%00%(upstream:track)%00%(upstream:remotename)%00%(upstream:remoteref) refs/heads/main refs/remotes/main [2ms]
2025-01-27 01:09:35.727 [info] > git status -z -uall [3ms]
2025-01-27 01:09:35.729 [info] > git for-each-ref --sort -committerdate --format %(refname) %(objectname) %(*objectname) [3ms]
2025-01-27 01:09:40.739 [info] > git config --get commit.template [4ms]
2025-01-27 01:09:40.740 [info] > git for-each-ref --format=%(refname)%00%(upstream:short)%00%(objectname)%00%(upstream:track)%00%(upstream:remotename)%00%(upstream:remoteref) refs/heads/main refs/remotes/main [2ms]
2025-01-27 01:09:40.748 [info] > git status -z -uall [5ms]
2025-01-27 01:09:40.750 [info] > git for-each-ref --sort -committerdate --format %(refname) %(objectname) %(*objectname) [2ms]
2025-01-27 01:10:22.755 [info] > git config --get commit.template [5ms]
2025-01-27 01:10:22.755 [info] > git for-each-ref --format=%(refname)%00%(upstream:short)%00%(objectname)%00%(upstream:track)%00%(upstream:remotename)%00%(upstream:remoteref) refs/heads/main refs/remotes/main [2ms]
2025-01-27 01:10:22.762 [info] > git status -z -uall [4ms]
2025-01-27 01:10:22.764 [info] > git for-each-ref --sort -committerdate --format %(refname) %(objectname) %(*objectname) [3ms]
2025-01-27 01:10:29.924 [info] > git config --get commit.template [5ms]
2025-01-27 01:10:29.926 [info] > git for-each-ref --format=%(refname)%00%(upstream:short)%00%(objectname)%00%(upstream:track)%00%(upstream:remotename)%00%(upstream:remoteref) refs/heads/main refs/remotes/main [2ms]
2025-01-27 01:10:29.935 [info] > git status -z -uall [5ms]
2025-01-27 01:10:29.938 [info] > git for-each-ref --sort -committerdate --format %(refname) %(objectname) %(*objectname) [4ms]
2025-01-27 01:10:36.984 [info] > git config --get commit.template [4ms]
2025-01-27 01:10:36.985 [info] > git for-each-ref --format=%(refname)%00%(upstream:short)%00%(objectname)%00%(upstream:track)%00%(upstream:remotename)%00%(upstream:remoteref) refs/heads/main refs/remotes/main [2ms]
2025-01-27 01:10:36.993 [info] > git status -z -uall [4ms]
2025-01-27 01:10:36.996 [info] > git for-each-ref --sort -committerdate --format %(refname) %(objectname) %(*objectname) [4ms]
2025-01-27 01:10:55.677 [info] > git config --get commit.template [5ms]
2025-01-27 01:10:55.678 [info] > git for-each-ref --format=%(refname)%00%(upstream:short)%00%(objectname)%00%(upstream:track)%00%(upstream:remotename)%00%(upstream:remoteref) refs/heads/main refs/remotes/main [2ms]
2025-01-27 01:10:55.686 [info] > git status -z -uall [5ms]
2025-01-27 01:10:55.688 [info] > git for-each-ref --sort -committerdate --format %(refname) %(objectname) %(*objectname) [4ms]
2025-01-27 01:11:00.699 [info] > git config --get commit.template [4ms]
2025-01-27 01:11:00.700 [info] > git for-each-ref --format=%(refname)%00%(upstream:short)%00%(objectname)%00%(upstream:track)%00%(upstream:remotename)%00%(upstream:remoteref) refs/heads/main refs/remotes/main [2ms]
2025-01-27 01:11:00.708 [info] > git status -z -uall [5ms]
2025-01-27 01:11:00.710 [info] > git for-each-ref --sort -committerdate --format %(refname) %(objectname) %(*objectname) [2ms]
2025-01-27 01:11:05.721 [info] > git config --get commit.template [5ms]
2025-01-27 01:11:05.722 [info] > git for-each-ref --format=%(refname)%00%(upstream:short)%00%(objectname)%00%(upstream:track)%00%(upstream:remotename)%00%(upstream:remoteref) refs/heads/main refs/remotes/main [2ms]
2025-01-27 01:11:05.730 [info] > git status -z -uall [4ms]
2025-01-27 01:11:05.732 [info] > git for-each-ref --sort -committerdate --format %(refname) %(objectname) %(*objectname) [3ms]
2025-01-27 01:11:10.742 [info] > git config --get commit.template [4ms]
2025-01-27 01:11:10.743 [info] > git for-each-ref --format=%(refname)%00%(upstream:short)%00%(objectname)%00%(upstream:track)%00%(upstream:remotename)%00%(upstream:remoteref) refs/heads/main refs/remotes/main [2ms]
2025-01-27 01:11:10.750 [info] > git status -z -uall [4ms]
2025-01-27 01:11:10.753 [info] > git for-each-ref --sort -committerdate --format %(refname) %(objectname) %(*objectname) [3ms]
2025-01-27 01:11:15.766 [info] > git config --get commit.template [5ms]
2025-01-27 01:11:15.768 [info] > git for-each-ref --format=%(refname)%00%(upstream:short)%00%(objectname)%00%(upstream:track)%00%(upstream:remotename)%00%(upstream:remoteref) refs/heads/main refs/remotes/main [2ms]
2025-01-27 01:11:15.778 [info] > git status -z -uall [5ms]
2025-01-27 01:11:15.781 [info] > git for-each-ref --sort -committerdate --format %(refname) %(objectname) %(*objectname) [3ms]
2025-01-27 01:11:20.792 [info] > git config --get commit.template [4ms]
2025-01-27 01:11:20.794 [info] > git for-each-ref --format=%(refname)%00%(upstream:short)%00%(objectname)%00%(upstream:track)%00%(upstream:remotename)%00%(upstream:remoteref) refs/heads/main refs/remotes/main [2ms]
2025-01-27 01:11:20.802 [info] > git status -z -uall [4ms]
2025-01-27 01:11:20.805 [info] > git for-each-ref --sort -committerdate --format %(refname) %(objectname) %(*objectname) [3ms]
2025-01-27 01:11:25.819 [info] > git config --get commit.template [8ms]
2025-01-27 01:11:25.820 [info] > git for-each-ref --format=%(refname)%00%(upstream:short)%00%(objectname)%00%(upstream:track)%00%(upstream:remotename)%00%(upstream:remoteref) refs/heads/main refs/remotes/main [2ms]
2025-01-27 01:11:25.827 [info] > git status -z -uall [4ms]
2025-01-27 01:11:25.830 [info] > git for-each-ref --sort -committerdate --format %(refname) %(objectname) %(*objectname) [3ms]
2025-01-27 01:11:30.841 [info] > git config --get commit.template [4ms]
2025-01-27 01:11:30.842 [info] > git for-each-ref --format=%(refname)%00%(upstream:short)%00%(objectname)%00%(upstream:track)%00%(upstream:remotename)%00%(upstream:remoteref) refs/heads/main refs/remotes/main [2ms]
2025-01-27 01:11:30.849 [info] > git status -z -uall [4ms]
2025-01-27 01:11:30.851 [info] > git for-each-ref --sort -committerdate --format %(refname) %(objectname) %(*objectname) [3ms]
2025-01-27 01:11:35.861 [info] > git config --get commit.template [4ms]
2025-01-27 01:11:35.862 [info] > git for-each-ref --format=%(refname)%00%(upstream:short)%00%(objectname)%00%(upstream:track)%00%(upstream:remotename)%00%(upstream:remoteref) refs/heads/main refs/remotes/main [1ms]
2025-01-27 01:11:35.869 [info] > git status -z -uall [3ms]
2025-01-27 01:11:35.872 [info] > git for-each-ref --sort -committerdate --format %(refname) %(objectname) %(*objectname) [3ms]
2025-01-27 01:11:40.884 [info] > git config --get commit.template [5ms]
2025-01-27 01:11:40.886 [info] > git for-each-ref --format=%(refname)%00%(upstream:short)%00%(objectname)%00%(upstream:track)%00%(upstream:remotename)%00%(upstream:remoteref) refs/heads/main refs/remotes/main [2ms]
2025-01-27 01:11:40.894 [info] > git status -z -uall [4ms]
2025-01-27 01:11:40.897 [info] > git for-each-ref --sort -committerdate --format %(refname) %(objectname) %(*objectname) [3ms]
2025-01-27 01:12:05.048 [info] > git config --get commit.template [4ms]
2025-01-27 01:12:05.049 [info] > git for-each-ref --format=%(refname)%00%(upstream:short)%00%(objectname)%00%(upstream:track)%00%(upstream:remotename)%00%(upstream:remoteref) refs/heads/main refs/remotes/main [2ms]
2025-01-27 01:12:05.056 [info] > git status -z -uall [4ms]
2025-01-27 01:12:05.058 [info] > git for-each-ref --sort -committerdate --format %(refname) %(objectname) %(*objectname) [3ms]
2025-01-27 01:12:10.068 [info] > git config --get commit.template [4ms]
2025-01-27 01:12:10.069 [info] > git for-each-ref --format=%(refname)%00%(upstream:short)%00%(objectname)%00%(upstream:track)%00%(upstream:remotename)%00%(upstream:remoteref) refs/heads/main refs/remotes/main [1ms]
2025-01-27 01:12:10.076 [info] > git status -z -uall [4ms]
2025-01-27 01:12:10.078 [info] > git for-each-ref --sort -committerdate --format %(refname) %(objectname) %(*objectname) [2ms]
2025-01-27 01:12:16.468 [info] > git config --get commit.template [4ms]
2025-01-27 01:12:16.470 [info] > git for-each-ref --format=%(refname)%00%(upstream:short)%00%(objectname)%00%(upstream:track)%00%(upstream:remotename)%00%(upstream:remoteref) refs/heads/main refs/remotes/main [3ms]
2025-01-27 01:12:16.478 [info] > git status -z -uall [5ms]
2025-01-27 01:12:16.480 [info] > git for-each-ref --sort -committerdate --format %(refname) %(objectname) %(*objectname) [3ms]
2025-01-27 01:12:21.489 [info] > git config --get commit.template [4ms]
2025-01-27 01:12:21.491 [info] > git for-each-ref --format=%(refname)%00%(upstream:short)%00%(objectname)%00%(upstream:track)%00%(upstream:remotename)%00%(upstream:remoteref) refs/heads/main refs/remotes/main [2ms]
2025-01-27 01:12:21.497 [info] > git status -z -uall [3ms]
2025-01-27 01:12:21.500 [info] > git for-each-ref --sort -committerdate --format %(refname) %(objectname) %(*objectname) [3ms]
2025-01-27 01:12:26.510 [info] > git config --get commit.template [4ms]
2025-01-27 01:12:26.511 [info] > git for-each-ref --format=%(refname)%00%(upstream:short)%00%(objectname)%00%(upstream:track)%00%(upstream:remotename)%00%(upstream:remoteref) refs/heads/main refs/remotes/main [2ms]
2025-01-27 01:12:26.518 [info] > git status -z -uall [4ms]
2025-01-27 01:12:26.521 [info] > git for-each-ref --sort -committerdate --format %(refname) %(objectname) %(*objectname) [2ms]
2025-01-27 01:12:31.530 [info] > git config --get commit.template [4ms]
2025-01-27 01:12:31.532 [info] > git for-each-ref --format=%(refname)%00%(upstream:short)%00%(objectname)%00%(upstream:track)%00%(upstream:remotename)%00%(upstream:remoteref) refs/heads/main refs/remotes/main [2ms]
2025-01-27 01:12:31.539 [info] > git status -z -uall [4ms]
2025-01-27 01:12:31.542 [info] > git for-each-ref --sort -committerdate --format %(refname) %(objectname) %(*objectname) [3ms]
2025-01-27 01:12:36.551 [info] > git config --get commit.template [3ms]
2025-01-27 01:12:36.553 [info] > git for-each-ref --format=%(refname)%00%(upstream:short)%00%(objectname)%00%(upstream:track)%00%(upstream:remotename)%00%(upstream:remoteref) refs/heads/main refs/remotes/main [2ms]
2025-01-27 01:12:36.560 [info] > git status -z -uall [4ms]
2025-01-27 01:12:36.563 [info] > git for-each-ref --sort -committerdate --format %(refname) %(objectname) %(*objectname) [3ms]
2025-01-27 01:12:41.573 [info] > git config --get commit.template [4ms]
2025-01-27 01:12:41.575 [info] > git for-each-ref --format=%(refname)%00%(upstream:short)%00%(objectname)%00%(upstream:track)%00%(upstream:remotename)%00%(upstream:remoteref) refs/heads/main refs/remotes/main [2ms]
2025-01-27 01:12:41.583 [info] > git status -z -uall [5ms]
2025-01-27 01:12:41.585 [info] > git for-each-ref --sort -committerdate --format %(refname) %(objectname) %(*objectname) [3ms]
2025-01-27 01:12:46.596 [info] > git config --get commit.template [5ms]
2025-01-27 01:12:46.596 [info] > git for-each-ref --format=%(refname)%00%(upstream:short)%00%(objectname)%00%(upstream:track)%00%(upstream:remotename)%00%(upstream:remoteref) refs/heads/main refs/remotes/main [1ms]
2025-01-27 01:12:46.603 [info] > git status -z -uall [4ms]
2025-01-27 01:12:46.605 [info] > git for-each-ref --sort -committerdate --format %(refname) %(objectname) %(*objectname) [2ms]
2025-01-27 01:12:51.616 [info] > git config --get commit.template [5ms]
2025-01-27 01:12:51.617 [info] > git for-each-ref --format=%(refname)%00%(upstream:short)%00%(objectname)%00%(upstream:track)%00%(upstream:remotename)%00%(upstream:remoteref) refs/heads/main refs/remotes/main [2ms]
2025-01-27 01:12:51.625 [info] > git status -z -uall [4ms]
2025-01-27 01:12:51.628 [info] > git for-each-ref --sort -committerdate --format %(refname) %(objectname) %(*objectname) [3ms]
2025-01-27 01:12:56.639 [info] > git config --get commit.template [4ms]
2025-01-27 01:12:56.639 [info] > git for-each-ref --format=%(refname)%00%(upstream:short)%00%(objectname)%00%(upstream:track)%00%(upstream:remotename)%00%(upstream:remoteref) refs/heads/main refs/remotes/main [2ms]
2025-01-27 01:12:56.646 [info] > git status -z -uall [4ms]
2025-01-27 01:12:56.649 [info] > git for-each-ref --sort -committerdate --format %(refname) %(objectname) %(*objectname) [3ms]
2025-01-27 01:13:01.658 [info] > git config --get commit.template [4ms]
2025-01-27 01:13:01.659 [info] > git for-each-ref --format=%(refname)%00%(upstream:short)%00%(objectname)%00%(upstream:track)%00%(upstream:remotename)%00%(upstream:remoteref) refs/heads/main refs/remotes/main [2ms]
2025-01-27 01:13:01.667 [info] > git status -z -uall [5ms]
2025-01-27 01:13:01.669 [info] > git for-each-ref --sort -committerdate --format %(refname) %(objectname) %(*objectname) [2ms]
2025-01-27 01:13:06.681 [info] > git config --get commit.template [5ms]
2025-01-27 01:13:06.682 [info] > git for-each-ref --format=%(refname)%00%(upstream:short)%00%(objectname)%00%(upstream:track)%00%(upstream:remotename)%00%(upstream:remoteref) refs/heads/main refs/remotes/main [2ms]
2025-01-27 01:13:06.690 [info] > git status -z -uall [4ms]
2025-01-27 01:13:06.693 [info] > git for-each-ref --sort -committerdate --format %(refname) %(objectname) %(*objectname) [3ms]
2025-01-27 01:13:11.702 [info] > git config --get commit.template [4ms]
2025-01-27 01:13:11.704 [info] > git for-each-ref --format=%(refname)%00%(upstream:short)%00%(objectname)%00%(upstream:track)%00%(upstream:remotename)%00%(upstream:remoteref) refs/heads/main refs/remotes/main [2ms]
2025-01-27 01:13:11.710 [info] > git status -z -uall [3ms]
2025-01-27 01:13:11.714 [info] > git for-each-ref --sort -committerdate --format %(refname) %(objectname) %(*objectname) [3ms]
2025-01-27 01:13:16.726 [info] > git config --get commit.template [5ms]
2025-01-27 01:13:16.726 [info] > git for-each-ref --format=%(refname)%00%(upstream:short)%00%(objectname)%00%(upstream:track)%00%(upstream:remotename)%00%(upstream:remoteref) refs/heads/main refs/remotes/main [1ms]
2025-01-27 01:13:16.734 [info] > git status -z -uall [4ms]
2025-01-27 01:13:16.737 [info] > git for-each-ref --sort -committerdate --format %(refname) %(objectname) %(*objectname) [2ms]
2025-01-27 01:13:21.746 [info] > git config --get commit.template [4ms]
2025-01-27 01:13:21.747 [info] > git for-each-ref --format=%(refname)%00%(upstream:short)%00%(objectname)%00%(upstream:track)%00%(upstream:remotename)%00%(upstream:remoteref) refs/heads/main refs/remotes/main [1ms]
2025-01-27 01:13:21.755 [info] > git status -z -uall [5ms]
2025-01-27 01:13:21.757 [info] > git for-each-ref --sort -committerdate --format %(refname) %(objectname) %(*objectname) [2ms]
2025-01-27 01:13:26.766 [info] > git config --get commit.template [4ms]
2025-01-27 01:13:26.767 [info] > git for-each-ref --format=%(refname)%00%(upstream:short)%00%(objectname)%00%(upstream:track)%00%(upstream:remotename)%00%(upstream:remoteref) refs/heads/main refs/remotes/main [2ms]
2025-01-27 01:13:26.774 [info] > git status -z -uall [4ms]
2025-01-27 01:13:26.776 [info] > git for-each-ref --sort -committerdate --format %(refname) %(objectname) %(*objectname) [2ms]
2025-01-27 01:13:31.788 [info] > git config --get commit.template [5ms]
2025-01-27 01:13:31.789 [info] > git for-each-ref --format=%(refname)%00%(upstream:short)%00%(objectname)%00%(upstream:track)%00%(upstream:remotename)%00%(upstream:remoteref) refs/heads/main refs/remotes/main [2ms]
2025-01-27 01:13:31.797 [info] > git status -z -uall [4ms]
2025-01-27 01:13:31.799 [info] > git for-each-ref --sort -committerdate --format %(refname) %(objectname) %(*objectname) [3ms]
2025-01-27 01:13:36.811 [info] > git config --get commit.template [5ms]
2025-01-27 01:13:36.812 [info] > git for-each-ref --format=%(refname)%00%(upstream:short)%00%(objectname)%00%(upstream:track)%00%(upstream:remotename)%00%(upstream:remoteref) refs/heads/main refs/remotes/main [2ms]
2025-01-27 01:13:36.820 [info] > git status -z -uall [4ms]
2025-01-27 01:13:36.823 [info] > git for-each-ref --sort -committerdate --format %(refname) %(objectname) %(*objectname) [4ms]
2025-01-27 01:13:41.832 [info] > git config --get commit.template [4ms]
2025-01-27 01:13:41.834 [info] > git for-each-ref --format=%(refname)%00%(upstream:short)%00%(objectname)%00%(upstream:track)%00%(upstream:remotename)%00%(upstream:remoteref) refs/heads/main refs/remotes/main [2ms]
2025-01-27 01:13:41.841 [info] > git status -z -uall [4ms]
2025-01-27 01:13:41.844 [info] > git for-each-ref --sort -committerdate --format %(refname) %(objectname) %(*objectname) [3ms]
2025-01-27 01:13:46.856 [info] > git config --get commit.template [6ms]
2025-01-27 01:13:46.856 [info] > git for-each-ref --format=%(refname)%00%(upstream:short)%00%(objectname)%00%(upstream:track)%00%(upstream:remotename)%00%(upstream:remoteref) refs/heads/main refs/remotes/main [2ms]
2025-01-27 01:13:46.865 [info] > git status -z -uall [5ms]
2025-01-27 01:13:46.867 [info] > git for-each-ref --sort -committerdate --format %(refname) %(objectname) %(*objectname) [2ms]
2025-01-27 01:13:51.878 [info] > git config --get commit.template [4ms]
2025-01-27 01:13:51.879 [info] > git for-each-ref --format=%(refname)%00%(upstream:short)%00%(objectname)%00%(upstream:track)%00%(upstream:remotename)%00%(upstream:remoteref) refs/heads/main refs/remotes/main [2ms]
2025-01-27 01:13:51.888 [info] > git status -z -uall [5ms]
2025-01-27 01:13:51.892 [info] > git for-each-ref --sort -committerdate --format %(refname) %(objectname) %(*objectname) [4ms]
2025-01-27 01:13:52.063 [info] > git config --local branch.main.github-pr-owner-number [1ms]
2025-01-27 01:13:52.063 [warning] [Git][config] git config failed: Failed to execute git
2025-01-27 01:13:52.068 [info] > git config --local branch.main.remote [1ms]
2025-01-27 01:13:52.068 [warning] [Git][config] git config failed: Failed to execute git
2025-01-27 01:13:52.073 [info] > git config --local branch.main.merge [2ms]
2025-01-27 01:13:52.073 [warning] [Git][config] git config failed: Failed to execute git
2025-01-27 01:13:56.906 [info] > git config --get commit.template [5ms]
2025-01-27 01:13:56.907 [info] > git for-each-ref --format=%(refname)%00%(upstream:short)%00%(objectname)%00%(upstream:track)%00%(upstream:remotename)%00%(upstream:remoteref) refs/heads/main refs/remotes/main [2ms]
2025-01-27 01:13:56.915 [info] > git status -z -uall [4ms]
2025-01-27 01:13:56.918 [info] > git for-each-ref --sort -committerdate --format %(refname) %(objectname) %(*objectname) [3ms]
2025-01-27 01:14:03.277 [info] > git config --get commit.template [4ms]
2025-01-27 01:14:03.279 [info] > git for-each-ref --format=%(refname)%00%(upstream:short)%00%(objectname)%00%(upstream:track)%00%(upstream:remotename)%00%(upstream:remoteref) refs/heads/main refs/remotes/main [2ms]
2025-01-27 01:14:03.287 [info] > git status -z -uall [5ms]
2025-01-27 01:14:03.289 [info] > git for-each-ref --sort -committerdate --format %(refname) %(objectname) %(*objectname) [3ms]
2025-01-27 01:19:32.845 [info] > git config --get commit.template [5ms]
2025-01-27 01:19:32.847 [info] > git for-each-ref --format=%(refname)%00%(upstream:short)%00%(objectname)%00%(upstream:track)%00%(upstream:remotename)%00%(upstream:remoteref) refs/heads/main refs/remotes/main [2ms]
2025-01-27 01:19:32.855 [info] > git status -z -uall [4ms]
2025-01-27 01:19:32.858 [info] > git for-each-ref --sort -committerdate --format %(refname) %(objectname) %(*objectname) [3ms]
2025-01-27 01:20:26.170 [info] > git config --get commit.template [4ms]
2025-01-27 01:20:26.171 [info] > git for-each-ref --format=%(refname)%00%(upstream:short)%00%(objectname)%00%(upstream:track)%00%(upstream:remotename)%00%(upstream:remoteref) refs/heads/main refs/remotes/main [2ms]
2025-01-27 01:20:26.182 [info] > git status -z -uall [6ms]
2025-01-27 01:20:26.184 [info] > git for-each-ref --sort -committerdate --format %(refname) %(objectname) %(*objectname) [3ms]
2025-01-27 01:20:31.194 [info] > git config --get commit.template [4ms]
2025-01-27 01:20:31.195 [info] > git for-each-ref --format=%(refname)%00%(upstream:short)%00%(objectname)%00%(upstream:track)%00%(upstream:remotename)%00%(upstream:remoteref) refs/heads/main refs/remotes/main [2ms]
2025-01-27 01:20:31.201 [info] > git status -z -uall [3ms]
2025-01-27 01:20:31.204 [info] > git for-each-ref --sort -committerdate --format %(refname) %(objectname) %(*objectname) [3ms]
2025-01-27 01:26:00.760 [info] > git config --get commit.template [3ms]
2025-01-27 01:26:00.762 [info] > git for-each-ref --format=%(refname)%00%(upstream:short)%00%(objectname)%00%(upstream:track)%00%(upstream:remotename)%00%(upstream:remoteref) refs/heads/main refs/remotes/main [2ms]
2025-01-27 01:26:00.768 [info] > git status -z -uall [3ms]
2025-01-27 01:26:00.771 [info] > git for-each-ref --sort -committerdate --format %(refname) %(objectname) %(*objectname) [3ms]
2025-01-27 01:26:33.008 [info] > git config --get commit.template [5ms]
2025-01-27 01:26:33.009 [info] > git for-each-ref --format=%(refname)%00%(upstream:short)%00%(objectname)%00%(upstream:track)%00%(upstream:remotename)%00%(upstream:remoteref) refs/heads/main refs/remotes/main [2ms]
2025-01-27 01:26:33.016 [info] > git status -z -uall [4ms]
2025-01-27 01:26:33.019 [info] > git for-each-ref --sort -committerdate --format %(refname) %(objectname) %(*objectname) [3ms]
2025-01-27 01:26:33.189 [info] > git config --local branch.main.github-pr-owner-number [2ms]
2025-01-27 01:26:33.189 [warning] [Git][config] git config failed: Failed to execute git
2025-01-27 01:26:33.194 [info] > git config --local branch.main.remote [2ms]
2025-01-27 01:26:33.194 [warning] [Git][config] git config failed: Failed to execute git
2025-01-27 01:26:33.199 [info] > git config --local branch.main.merge [1ms]
2025-01-27 01:26:33.199 [warning] [Git][config] git config failed: Failed to execute git
2025-01-27 01:26:33.227 [info] > git check-ignore -v -z --stdin [2ms]
2025-01-27 01:26:38.030 [info] > git config --get commit.template [5ms]
2025-01-27 01:26:38.031 [info] > git for-each-ref --format=%(refname)%00%(upstream:short)%00%(objectname)%00%(upstream:track)%00%(upstream:remotename)%00%(upstream:remoteref) refs/heads/main refs/remotes/main [2ms]
2025-01-27 01:26:38.040 [info] > git status -z -uall [5ms]
2025-01-27 01:26:38.042 [info] > git for-each-ref --sort -committerdate --format %(refname) %(objectname) %(*objectname) [3ms]
2025-01-27 01:26:38.208 [info] > git config --local branch.main.github-pr-owner-number [2ms]
2025-01-27 01:26:38.208 [warning] [Git][config] git config failed: Failed to execute git
2025-01-27 01:26:38.213 [info] > git config --local branch.main.remote [1ms]
2025-01-27 01:26:38.213 [warning] [Git][config] git config failed: Failed to execute git
2025-01-27 01:26:38.217 [info] > git config --local branch.main.merge [1ms]
2025-01-27 01:26:38.217 [warning] [Git][config] git config failed: Failed to execute git
2025-01-27 01:26:43.054 [info] > git config --get commit.template [5ms]
2025-01-27 01:26:43.055 [info] > git for-each-ref --format=%(refname)%00%(upstream:short)%00%(objectname)%00%(upstream:track)%00%(upstream:remotename)%00%(upstream:remoteref) refs/heads/main refs/remotes/main [2ms]
2025-01-27 01:26:43.062 [info] > git status -z -uall [4ms]
2025-01-27 01:26:43.065 [info] > git for-each-ref --sort -committerdate --format %(refname) %(objectname) %(*objectname) [3ms]
2025-01-27 01:30:59.407 [info] > git config --get commit.template [4ms]
2025-01-27 01:30:59.408 [info] > git for-each-ref --format=%(refname)%00%(upstream:short)%00%(objectname)%00%(upstream:track)%00%(upstream:remotename)%00%(upstream:remoteref) refs/heads/main refs/remotes/main [2ms]
2025-01-27 01:30:59.415 [info] > git status -z -uall [3ms]
2025-01-27 01:30:59.418 [info] > git for-each-ref --sort -committerdate --format %(refname) %(objectname) %(*objectname) [3ms]
2025-01-27 01:31:12.844 [info] > git config --get commit.template [3ms]
2025-01-27 01:31:12.846 [info] > git for-each-ref --format=%(refname)%00%(upstream:short)%00%(objectname)%00%(upstream:track)%00%(upstream:remotename)%00%(upstream:remoteref) refs/heads/main refs/remotes/main [2ms]
2025-01-27 01:31:12.852 [info] > git status -z -uall [3ms]
2025-01-27 01:31:12.855 [info] > git for-each-ref --sort -committerdate --format %(refname) %(objectname) %(*objectname) [3ms]
2025-01-27 01:31:13.035 [info] > git config --local branch.main.github-pr-owner-number [2ms]
2025-01-27 01:31:13.035 [warning] [Git][config] git config failed: Failed to execute git
2025-01-27 01:31:13.040 [info] > git config --local branch.main.remote [1ms]
2025-01-27 01:31:13.040 [warning] [Git][config] git config failed: Failed to execute git
2025-01-27 01:31:13.046 [info] > git config --local branch.main.merge [2ms]
2025-01-27 01:31:13.046 [warning] [Git][config] git config failed: Failed to execute git
2025-01-27 01:31:13.473 [info] > git check-ignore -v -z --stdin [2ms]
2025-01-27 01:31:17.868 [info] > git config --get commit.template [4ms]
2025-01-27 01:31:17.869 [info] > git for-each-ref --format=%(refname)%00%(upstream:short)%00%(objectname)%00%(upstream:track)%00%(upstream:remotename)%00%(upstream:remoteref) refs/heads/main refs/remotes/main [2ms]
2025-01-27 01:31:17.876 [info] > git status -z -uall [4ms]
2025-01-27 01:31:17.878 [info] > git for-each-ref --sort -committerdate --format %(refname) %(objectname) %(*objectname) [2ms]
2025-01-27 01:31:18.044 [info] > git config --local branch.main.github-pr-owner-number [2ms]
2025-01-27 01:31:18.044 [warning] [Git][config] git config failed: Failed to execute git
2025-01-27 01:31:18.048 [info] > git config --local branch.main.remote [1ms]
2025-01-27 01:31:18.048 [warning] [Git][config] git config failed: Failed to execute git
2025-01-27 01:31:18.053 [info] > git config --local branch.main.merge [1ms]
2025-01-27 01:31:18.053 [warning] [Git][config] git config failed: Failed to execute git
2025-01-27 01:31:22.891 [info] > git config --get commit.template [5ms]
2025-01-27 01:31:22.892 [info] > git for-each-ref --format=%(refname)%00%(upstream:short)%00%(objectname)%00%(upstream:track)%00%(upstream:remotename)%00%(upstream:remoteref) refs/heads/main refs/remotes/main [2ms]
2025-01-27 01:31:22.900 [info] > git status -z -uall [4ms]
2025-01-27 01:31:22.902 [info] > git for-each-ref --sort -committerdate --format %(refname) %(objectname) %(*objectname) [2ms]
