2025-01-27 02:19:20.206 [info] [main] Log level: Info
2025-01-27 02:19:20.206 [info] [main] Validating found git in: "git"
2025-01-27 02:19:20.206 [info] [main] Using git "2.43.0" from "git"
2025-01-27 02:19:20.206 [info] [Model][doInitialScan] Initial repository scan started
2025-01-27 02:19:20.206 [info] > git rev-parse --show-toplevel [2ms]
2025-01-27 02:19:20.206 [info] > git rev-parse --git-dir --git-common-dir [2ms]
2025-01-27 02:19:20.206 [info] [Model][openRepository] Opened repository: /workspace/project
2025-01-27 02:19:20.206 [info] > git config --get commit.template [5ms]
2025-01-27 02:19:20.206 [info] > git rev-parse --show-toplevel [7ms]
2025-01-27 02:19:20.206 [info] > git for-each-ref --format=%(refname)%00%(upstream:short)%00%(objectname)%00%(upstream:track)%00%(upstream:remotename)%00%(upstream:remoteref) refs/heads/main refs/remotes/main [122ms]
2025-01-27 02:19:20.206 [info] > git status -z -uall [7ms]
2025-01-27 02:19:20.206 [info] > git rev-parse --show-toplevel [129ms]
2025-01-27 02:19:20.206 [info] > git for-each-ref --sort -committerdate --format %(refname) %(objectname) %(*objectname) [7ms]
2025-01-27 02:19:20.206 [info] > git for-each-ref --format=%(refname)%00%(upstream:short)%00%(objectname)%00%(upstream:track)%00%(upstream:remotename)%00%(upstream:remoteref) refs/heads/main refs/remotes/main [7ms]
2025-01-27 02:19:20.206 [info] > git rev-parse --show-toplevel [21ms]
2025-01-27 02:19:20.206 [info] [Model][doInitialScan] Initial repository scan completed - repositories (1), closed repositories (0), parent repositories (0), unsafe repositories (0)
2025-01-27 02:19:20.206 [info] > git config --get commit.template [7ms]
2025-01-27 02:19:20.206 [info] > git config --local branch.main.vscode-merge-base [2ms]
2025-01-27 02:19:20.206 [info] > git for-each-ref --format=%(refname)%00%(upstream:short)%00%(objectname)%00%(upstream:track)%00%(upstream:remotename)%00%(upstream:remoteref) refs/heads/origin/main refs/remotes/origin/main [27ms]
2025-01-27 02:19:20.206 [info] > git for-each-ref --format=%(refname)%00%(upstream:short)%00%(objectname)%00%(upstream:track)%00%(upstream:remotename)%00%(upstream:remoteref) refs/heads/main refs/remotes/main [5ms]
2025-01-27 02:19:20.206 [info] > git status -z -uall [5ms]
2025-01-27 02:19:20.206 [info] > git for-each-ref --sort -committerdate --format %(refname) %(objectname) %(*objectname) [3ms]
2025-01-27 02:19:20.714 [info] > git check-ignore -v -z --stdin [2ms]
2025-01-27 02:19:23.102 [info] > git config --local branch.main.github-pr-owner-number [3ms]
2025-01-27 02:19:23.102 [warning] [Git][config] git config failed: Failed to execute git
2025-01-27 02:19:23.109 [info] > git config --local branch.main.remote [1ms]
2025-01-27 02:19:23.109 [warning] [Git][config] git config failed: Failed to execute git
2025-01-27 02:19:23.114 [info] > git config --local branch.main.merge [1ms]
2025-01-27 02:19:23.114 [warning] [Git][config] git config failed: Failed to execute git
2025-01-27 02:19:41.703 [info] > git config --get commit.template [5ms]
2025-01-27 02:19:41.704 [info] > git for-each-ref --format=%(refname)%00%(upstream:short)%00%(objectname)%00%(upstream:track)%00%(upstream:remotename)%00%(upstream:remoteref) refs/heads/main refs/remotes/main [2ms]
2025-01-27 02:19:41.711 [info] > git status -z -uall [4ms]
2025-01-27 02:19:41.714 [info] > git for-each-ref --sort -committerdate --format %(refname) %(objectname) %(*objectname) [3ms]
2025-01-27 02:19:46.731 [info] > git config --get commit.template [7ms]
2025-01-27 02:19:46.732 [info] > git for-each-ref --format=%(refname)%00%(upstream:short)%00%(objectname)%00%(upstream:track)%00%(upstream:remotename)%00%(upstream:remoteref) refs/heads/main refs/remotes/main [2ms]
2025-01-27 02:19:46.740 [info] > git status -z -uall [3ms]
2025-01-27 02:19:46.742 [info] > git for-each-ref --sort -committerdate --format %(refname) %(objectname) %(*objectname) [3ms]
