2025-01-27 00:42:24.610 [info] [main] Log level: Info
2025-01-27 00:42:24.610 [info] [main] Validating found git in: "git"
2025-01-27 00:42:24.610 [info] [main] Using git "2.43.0" from "git"
2025-01-27 00:42:24.610 [info] [Model][doInitialScan] Initial repository scan started
2025-01-27 00:42:24.610 [info] > git rev-parse --show-toplevel [3ms]
2025-01-27 00:42:24.611 [info] > git rev-parse --git-dir --git-common-dir [3ms]
2025-01-27 00:42:24.611 [info] [Model][openRepository] Opened repository: /workspace/project
2025-01-27 00:42:24.611 [info] > git config --get commit.template [6ms]
2025-01-27 00:42:24.611 [info] > git rev-parse --show-toplevel [9ms]
2025-01-27 00:42:24.611 [info] > git for-each-ref --format=%(refname)%00%(upstream:short)%00%(objectname)%00%(upstream:track)%00%(upstream:remotename)%00%(upstream:remoteref) refs/heads/main refs/remotes/main [6ms]
2025-01-27 00:42:24.611 [info] > git status -z -uall [8ms]
2025-01-27 00:42:24.611 [info] > git rev-parse --show-toplevel [16ms]
2025-01-27 00:42:24.611 [info] > git for-each-ref --sort -committerdate --format %(refname) %(objectname) %(*objectname) [10ms]
2025-01-27 00:42:24.611 [info] > git for-each-ref --format=%(refname)%00%(upstream:short)%00%(objectname)%00%(upstream:track)%00%(upstream:remotename)%00%(upstream:remoteref) refs/heads/main refs/remotes/main [8ms]
2025-01-27 00:42:24.611 [info] > git rev-parse --show-toplevel [33ms]
2025-01-27 00:42:24.611 [info] [Model][doInitialScan] Initial repository scan completed - repositories (1), closed repositories (0), parent repositories (0), unsafe repositories (0)
2025-01-27 00:42:24.611 [info] > git config --get commit.template [8ms]
2025-01-27 00:42:24.611 [info] > git config --local branch.main.vscode-merge-base [3ms]
2025-01-27 00:42:24.611 [info] > git for-each-ref --format=%(refname)%00%(upstream:short)%00%(objectname)%00%(upstream:track)%00%(upstream:remotename)%00%(upstream:remoteref) refs/heads/main refs/remotes/main [103ms]
2025-01-27 00:42:24.611 [info] > git for-each-ref --format=%(refname)%00%(upstream:short)%00%(objectname)%00%(upstream:track)%00%(upstream:remotename)%00%(upstream:remoteref) refs/heads/origin/main refs/remotes/origin/main [119ms]
2025-01-27 00:42:24.611 [info] > git status -z -uall [9ms]
2025-01-27 00:42:24.611 [info] > git for-each-ref --sort -committerdate --format %(refname) %(objectname) %(*objectname) [6ms]
2025-01-27 00:42:25.119 [info] > git check-ignore -v -z --stdin [3ms]
2025-01-27 00:42:27.672 [info] > git config --local branch.main.github-pr-owner-number [3ms]
2025-01-27 00:42:27.672 [warning] [Git][config] git config failed: Failed to execute git
2025-01-27 00:42:27.678 [info] > git config --local branch.main.remote [2ms]
2025-01-27 00:42:27.679 [warning] [Git][config] git config failed: Failed to execute git
2025-01-27 00:42:27.684 [info] > git config --local branch.main.merge [2ms]
2025-01-27 00:42:27.684 [warning] [Git][config] git config failed: Failed to execute git
