2025-01-26 06:36:47.019 [info] [main] Log level: Info
2025-01-26 06:36:47.019 [info] [main] Validating found git in: "git"
2025-01-26 06:36:47.019 [info] [main] Using git "2.43.0" from "git"
2025-01-26 06:36:47.019 [info] [Model][doInitialScan] Initial repository scan started
2025-01-26 06:36:47.019 [info] > git rev-parse --show-toplevel [3ms]
2025-01-26 06:36:47.019 [info] > git rev-parse --git-dir --git-common-dir [3ms]
2025-01-26 06:36:47.019 [info] [Model][openRepository] Opened repository: /workspace/project
2025-01-26 06:36:47.019 [info] > git config --get commit.template [4ms]
2025-01-26 06:36:47.019 [info] > git rev-parse --show-toplevel [7ms]
2025-01-26 06:36:47.019 [info] > git for-each-ref --format=%(refname)%00%(upstream:short)%00%(objectname)%00%(upstream:track)%00%(upstream:remotename)%00%(upstream:remoteref) refs/heads/main refs/remotes/main [9ms]
2025-01-26 06:36:47.019 [info] > git status -z -uall [17ms]
2025-01-26 06:36:47.019 [info] > git rev-parse --show-toplevel [27ms]
2025-01-26 06:36:47.019 [info] > git for-each-ref --sort -committerdate --format %(refname) %(objectname) %(*objectname) [24ms]
2025-01-26 06:36:47.019 [info] > git rev-parse --show-toplevel [29ms]
2025-01-26 06:36:47.019 [info] [Model][doInitialScan] Initial repository scan completed - repositories (1), closed repositories (0), parent repositories (0), unsafe repositories (0)
2025-01-26 06:36:47.019 [info] > git config --get commit.template [69ms]
2025-01-26 06:36:47.019 [info] > git for-each-ref --format=%(refname)%00%(upstream:short)%00%(objectname)%00%(upstream:track)%00%(upstream:remotename)%00%(upstream:remoteref) refs/heads/main refs/remotes/main [79ms]
2025-01-26 06:36:47.019 [info] > git config --local branch.main.vscode-merge-base [7ms]
2025-01-26 06:36:47.019 [info] > git for-each-ref --format=%(refname)%00%(upstream:short)%00%(objectname)%00%(upstream:track)%00%(upstream:remotename)%00%(upstream:remoteref) refs/heads/main refs/remotes/main [10ms]
2025-01-26 06:36:47.019 [info] > git status -z -uall [8ms]
2025-01-26 06:36:47.019 [info] > git for-each-ref --format=%(refname)%00%(upstream:short)%00%(objectname)%00%(upstream:track)%00%(upstream:remotename)%00%(upstream:remoteref) refs/heads/origin/main refs/remotes/origin/main [14ms]
2025-01-26 06:36:47.061 [info] > git for-each-ref --sort -committerdate --format %(refname) %(objectname) %(*objectname) [81ms]
2025-01-26 06:36:50.086 [info] > git config --local branch.main.github-pr-owner-number [2ms]
2025-01-26 06:36:50.086 [warning] [Git][config] git config failed: Failed to execute git
2025-01-26 06:36:50.092 [info] > git config --local branch.main.remote [2ms]
2025-01-26 06:36:50.092 [warning] [Git][config] git config failed: Failed to execute git
2025-01-26 06:36:50.098 [info] > git config --local branch.main.merge [2ms]
2025-01-26 06:36:50.098 [warning] [Git][config] git config failed: Failed to execute git
2025-01-26 06:38:23.514 [info] > git check-ignore -v -z --stdin [2ms]
2025-01-26 06:38:26.763 [info] > git show --textconv :website/styles.css [5ms]
2025-01-26 06:38:26.764 [info] > git ls-files --stage -- /workspace/project/website/styles.css [2ms]
2025-01-26 06:38:52.746 [info] > git log --format=%H%n%aN%n%aE%n%at%n%ct%n%P%n%D%n%B -z --shortstat --diff-merges=first-parent -n50 --skip=0 --topo-order --decorate=full --stdin [28ms]
2025-01-26 06:38:53.236 [info] > git check-ignore -v -z --stdin [2ms]
