2025-01-26 07:51:52.020 [info] Log level: Info
2025-01-26 07:51:52.020 [info] VSCODE_MACHINE_ID: someValue.machineId
2025-01-26 07:51:52.020 [info] VSCODE_SESSION_ID: someValue.sessionId
2025-01-26 07:51:52.020 [info] VSCODE_VERSION: 1.96.3
2025-01-26 07:51:52.020 [info] VSCODE_APP_NAME: Gitpod Code
2025-01-26 07:51:52.020 [info] VSCODE_APP_HOST: Gitpod
2025-01-26 07:51:52.020 [info] VSCODE_UI_KIND: web
2025-01-26 07:51:52.020 [info] GITPOD_WORKSPACE_CONTEXT_URL: https://github.com/freeCodeCamp/learn-bash-by-building-a-boilerplate
2025-01-26 07:51:52.020 [info] GITPOD_INSTANCE_ID: 8eb8e1b8-dcea-4085-a0ea-c95ecf44e756
2025-01-26 07:51:52.020 [info] GITPOD_WORKSPACE_URL: https://freecodecam-learnbashby-pns7bmkkopk.ws-us117.gitpod.io
2025-01-26 07:51:52.020 [info] Gitpod Web 3953e81
2025-01-26 07:51:52.020 [info] Reading sessions from keychain...
2025-01-26 07:51:52.226 [info] Getting sessions for all scopes...
2025-01-26 07:51:52.226 [info] Getting sessions for all scopes...
2025-01-26 07:51:52.226 [info] Getting GitHub sessions for all scopes...
2025-01-26 07:51:52.226 [info] Getting sessions for function:accessCodeSyncStorage...
2025-01-26 07:51:52.226 [info] Got stored sessions!
2025-01-26 07:51:52.226 [info] Verified session with the following scopes: function:accessCodeSyncStorage function:closePort function:controlAdmission function:deleteEnvVar function:generateNewGitpodToken function:getDefaultWorkspaceImage function:getGitpodTokenScopes function:getIDToken function:getLoggedInUser function:getOpenPorts function:getSupportedWorkspaceClasses function:getTeams function:getToken function:getWorkspace function:getWorkspaceEnvVars function:getWorkspaceOwner function:getWorkspaceTimeout function:getWorkspaceUsers function:guessGitTokenScopes function:isWorkspaceOwner function:openPort function:sendHeartBeat function:setEnvVar function:setWorkspaceTimeout function:stopWorkspace function:takeSnapshot function:trackEvent function:updateGitStatus function:waitForSnapshot resource:contentBlob::*::create/get resource:envVar::*/**::update resource:envVar::*/*::update resource:envVar::freeCodeCamp/learn-bash-by-building-a-boilerplate::create/get/update/delete resource:gitpodToken::*::create resource:snapshot::ws-freecodecam-learnbashby-pns7bmkkopk::create resource:token::*::get resource:userStorage::*::create/get/update resource:workspace::freecodecam-learnbashby-pns7bmkkopk::get/update resource:workspaceInstance::8eb8e1b8-dcea-4085-a0ea-c95ecf44e756::get/update/delete
2025-01-26 07:51:52.229 [info] Got 1 verified sessions.
2025-01-26 07:51:52.229 [info] Got 1 sessions for all scopes...
2025-01-26 07:51:52.229 [info] Got 1 sessions for all scopes...
2025-01-26 07:51:52.229 [info] Got 1 sessions for function:accessCodeSyncStorage...
2025-01-26 07:51:52.490 [info] Got 1 GitHub sessions for all scopes...
2025-01-26 07:51:52.545 [info] Getting GitHub sessions for all scopes...
2025-01-26 07:51:52.545 [info] Getting sessions for all scopes...
2025-01-26 07:51:52.545 [info] Got 1 GitHub sessions for all scopes...
2025-01-26 07:51:52.545 [info] Got 1 sessions for all scopes...
2025-01-26 07:51:52.659 [info] Getting GitHub sessions for read:user,repo,user:email,workflow...
2025-01-26 07:51:52.660 [info] Got 0 GitHub sessions for read:user,repo,user:email,workflow...
2025-01-26 07:51:52.661 [info] Getting GitHub sessions for all scopes...
2025-01-26 07:51:52.661 [info] Got 1 GitHub sessions for all scopes...
2025-01-26 07:51:53.036 [info] Getting GitHub sessions for project,read:org,read:user,repo,user:email,workflow...
2025-01-26 07:51:53.036 [info] Got 0 GitHub sessions for project,read:org,read:user,repo,user:email,workflow...
2025-01-26 07:51:53.518 [info] Getting GitHub sessions for read:user,repo,user:email,workflow...
2025-01-26 07:51:53.518 [info] Got 0 GitHub sessions for read:user,repo,user:email,workflow...
2025-01-26 07:51:54.026 [info] Getting GitHub sessions for read:user,repo,user:email...
2025-01-26 07:51:54.026 [info] Got 0 GitHub sessions for read:user,repo,user:email...
2025-01-26 07:51:54.526 [info] Getting GitHub sessions for read:user,repo,user:email,workflow...
2025-01-26 07:51:54.526 [info] Got 0 GitHub sessions for read:user,repo,user:email,workflow...
