2025-01-29 23:16:58.859 [warning] /home/gitpod/.ssh/config: ENOENT: no such file or directory, open '/home/gitpod/.ssh/config'
2025-01-29 23:16:58.859 [info] Activation> Extension version: 0.102.0
2025-01-29 23:17:01.081 [info] Looking for git repository
2025-01-29 23:17:01.081 [info] Found 0 repositories during activation
2025-01-29 23:17:01.081 [info] Git repository found, initializing review manager and pr tree view.
2025-01-29 23:17:01.085 [info] Registering git provider
2025-01-29 23:17:01.085 [info] Review+0> Validate state in progress
2025-01-29 23:17:01.085 [info] Review+0> Validating state...
2025-01-29 23:17:01.265 [info] Found GitHub remote for folder /workspace/project
2025-01-29 23:17:01.267 [info] Trying to use globalState for assignableUsers.
2025-01-29 23:17:01.279 [info] Review+0> No matching pull request metadata found locally for current branch main
2025-01-29 23:17:01.287 [info] Review+0> No matching pull request metadata found on GitHub for current branch main
2025-01-29 23:17:01.456 [info] GlobalState does not exist for assignableUsers.
2025-01-29 23:17:22.340 [info] Repo state for file:///workspace/project changed.
2025-01-29 23:17:22.340 [info] Repo file:///workspace/project has already been setup.
2025-01-29 23:19:31.548 [info] Review+0> Validate state in progress
2025-01-29 23:19:31.548 [info] Review+0> Validating state...
2025-01-29 23:19:31.712 [info] Found GitHub remote for folder /workspace/project
2025-01-29 23:19:31.712 [info] Using in-memory cached assignable users.
2025-01-29 23:19:31.721 [info] Review+0> No matching pull request metadata found locally for current branch main
2025-01-29 23:19:31.728 [info] Review+0> No matching pull request metadata found on GitHub for current branch main
2025-01-29 23:19:36.572 [info] Review+0> Validate state in progress
2025-01-29 23:19:36.572 [info] Review+0> Validating state...
2025-01-29 23:19:36.731 [info] Found GitHub remote for folder /workspace/project
2025-01-29 23:19:36.732 [info] Using in-memory cached assignable users.
2025-01-29 23:19:36.742 [info] Review+0> No matching pull request metadata found locally for current branch main
2025-01-29 23:19:36.749 [info] Review+0> No matching pull request metadata found on GitHub for current branch main
